Log file open, 03/17/18 21:30:45
LogWindows: Failed to load 'aqProf.dll' (GetLastError=126)
LogWindows: File 'aqProf.dll' does not exist
LogWindows: Failed to load 'VSPerf140.dll' (GetLastError=126)
LogWindows: File 'VSPerf140.dll' does not exist
LogWindows: Failed to load 'VtuneApi.dll' (GetLastError=126)
LogWindows: File 'VtuneApi.dll' does not exist
LogWindows: Failed to load 'VtuneApi32e.dll' (GetLastError=126)
LogWindows: File 'VtuneApi32e.dll' does not exist
LogInit: Display: Running engine for game: GoBlock
LogPlatformFile: Not using cached read wrapper
LogInit: Display: RandInit(111001182) SRandInit(111001182).
LogInit: Read version file with build ID '3709383'
LogInit: Overriding engine version to CL 3832480, compatible CL 3709383
LogInit: Registered custom module enumerator with build ID '3709383'
LogTaskGraph: Started task graph with 5 named threads and 26 total threads with 3 sets of task threads.
LogStats: Stats thread started at 1.823168
LogD3D11RHI: Aftermath initialized
LogPluginManager: Mounting plugin Paper2D
LogPluginManager: Mounting plugin LightPropagationVolume
LogPluginManager: Mounting plugin CodeLiteSourceCodeAccess
LogPluginManager: Mounting plugin GitSourceControl
LogPluginManager: Mounting plugin KDevelopSourceCodeAccess
LogPluginManager: Mounting plugin NullSourceCodeAccess
LogPluginManager: Mounting plugin PerforceSourceControl
LogPluginManager: Mounting plugin SubversionSourceControl
LogPluginManager: Mounting plugin UObjectPlugin
LogPluginManager: Mounting plugin VisualStudioCodeSourceCodeAccess
LogPluginManager: Mounting plugin VisualStudioSourceCodeAccess
LogPluginManager: Mounting plugin XCodeSourceCodeAccess
LogPluginManager: Mounting plugin AssetManagerEditor
LogPluginManager: Mounting plugin AudioCapture
LogPluginManager: Mounting plugin FacialAnimation
LogPluginManager: Mounting plugin GameplayTagsEditor
LogPluginManager: Mounting plugin MobileLauncherProfileWizard
LogPluginManager: Mounting plugin PluginBrowser
LogPluginManager: Mounting plugin SpeedTreeImporter
LogPluginManager: Mounting plugin AlembicImporter
LogPluginManager: Mounting plugin CharacterAI
LogPluginManager: Mounting plugin HTML5Networking
LogPluginManager: Mounting plugin AndroidMedia
LogPluginManager: Mounting plugin AvfMedia
LogPluginManager: Mounting plugin ImgMedia
LogPluginManager: Mounting plugin MediaCompositing
LogPluginManager: Mounting plugin MediaPlayerEditor
LogPluginManager: Mounting plugin WmfMedia
LogPluginManager: Mounting plugin TcpMessaging
LogPluginManager: Mounting plugin UdpMessaging
LogPluginManager: Mounting plugin ActorSequence
LogPluginManager: Mounting plugin LevelSequenceEditor
LogPluginManager: Mounting plugin MatineeToLevelSequence
LogPluginManager: Mounting plugin OnlineSubsystemGooglePlay
LogPluginManager: Mounting plugin OnlineSubsystemIOS
LogPluginManager: Mounting plugin OnlineSubsystem
LogPluginManager: Mounting plugin OnlineSubsystemNull
LogPluginManager: Mounting plugin OnlineSubsystemUtils
LogPluginManager: Mounting plugin AndroidDeviceProfileSelector
LogPluginManager: Mounting plugin AndroidMoviePlayer
LogPluginManager: Mounting plugin AndroidPermission
LogPluginManager: Mounting plugin AppleARKit
LogPluginManager: Mounting plugin AppleMoviePlayer
LogPluginManager: Mounting plugin ArchVisCharacter
LogPluginManager: Mounting plugin CableComponent
LogPluginManager: Mounting plugin CustomMeshComponent
LogPluginManager: Mounting plugin ExampleDeviceProfileSelector
LogPluginManager: Mounting plugin GoogleCloudMessaging
LogPluginManager: Mounting plugin ImmediatePhysics
LogPluginManager: Mounting plugin IOSDeviceProfileSelector
LogPluginManager: Mounting plugin LinuxDeviceProfileSelector
LogPluginManager: Mounting plugin LocationServicesBPLibrary
LogPluginManager: Mounting plugin MobilePatchingUtils
LogPluginManager: Mounting plugin OculusVR
LogPluginManager: Plugin shader directory ../../../Engine/Plugins/Runtime/Oculus/OculusVR/Shaders found
LogPluginManager: Mapping shader source directory ../../../Engine/Plugins/Runtime/Oculus/OculusVR/Shaders to virtual directory /Plugin/OculusVR
LogPluginManager: Mounting plugin PhysXVehicles
LogPluginManager: Mounting plugin ProceduralMeshComponent
LogPluginManager: Mounting plugin RuntimePhysXCooking
LogPluginManager: Mounting plugin SteamVR
LogPluginManager: Mounting plugin WindowsMoviePlayer
LogModuleManager: Display: Found up-to-date module file ../../../../../../Users/ldm0196/Desktop/Game2/GoBlock/Binaries/Win64/UE4Editor-GoBlock.dll (API version 3709383).
LogModuleManager: Display: Found up-to-date module file ../../../Engine/Plugins/2D/Paper2D/Binaries/Win64/UE4Editor-Paper2D.dll (API version 3709383).
LogModuleManager: Display: Found up-to-date module file ../../../Engine/Plugins/2D/Paper2D/Binaries/Win64/UE4Editor-Paper2DEditor.dll (API version 3709383).
LogModuleManager: Display: Found up-to-date module file ../../../Engine/Plugins/2D/Paper2D/Binaries/Win64/UE4Editor-PaperSpriteSheetImporter.dll (API version 3709383).
LogModuleManager: Display: Found up-to-date module file ../../../Engine/Plugins/2D/Paper2D/Binaries/Win64/UE4Editor-PaperTiledImporter.dll (API version 3709383).
LogModuleManager: Display: Found up-to-date module file ../../../Engine/Plugins/2D/Paper2D/Binaries/Win64/UE4Editor-SmartSnapping.dll (API version 3709383).
LogModuleManager: Display: Found up-to-date module file ../../../Engine/Plugins/Blendables/LightPropagationVolume/Binaries/Win64/UE4Editor-LightPropagationVolumeRuntime.dll (API version 3709383).
LogModuleManager: Display: Found up-to-date module file ../../../Engine/Plugins/Blendables/LightPropagationVolume/Binaries/Win64/UE4Editor-LightPropagationVolumeEditor.dll (API version 3709383).
LogModuleManager: Display: Found up-to-date module file ../../../Engine/Plugins/Developer/GitSourceControl/Binaries/Win64/UE4Editor-GitSourceControl.dll (API version 3709383).
LogModuleManager: Display: Found up-to-date module file ../../../Engine/Plugins/Developer/PerforceSourceControl/Binaries/Win64/UE4Editor-PerforceSourceControl.dll (API version 3709383).
LogModuleManager: Display: Found up-to-date module file ../../../Engine/Plugins/Developer/SubversionSourceControl/Binaries/Win64/UE4Editor-SubversionSourceControl.dll (API version 3709383).
LogModuleManager: Display: Found up-to-date module file ../../../Engine/Plugins/Developer/UObjectPlugin/Binaries/Win64/UE4Editor-UObjectPlugin.dll (API version 3709383).
LogModuleManager: Display: Found up-to-date module file ../../../Engine/Plugins/Developer/VisualStudioCodeSourceCodeAccess/Binaries/Win64/UE4Editor-VisualStudioCodeSourceCodeAccess.dll (API version 3709383).
LogModuleManager: Display: Found up-to-date module file ../../../Engine/Plugins/Developer/VisualStudioSourceCodeAccess/Binaries/Win64/UE4Editor-VisualStudioSourceCodeAccess.dll (API version 3709383).
LogModuleManager: Display: Found up-to-date module file ../../../Engine/Plugins/Editor/AssetManagerEditor/Binaries/Win64/UE4Editor-AssetManagerEditor.dll (API version 3709383).
LogModuleManager: Display: Found up-to-date module file ../../../Engine/Plugins/Editor/AudioCapture/Binaries/Win64/UE4Editor-AudioCapture.dll (API version 3709383).
LogModuleManager: Display: Found up-to-date module file ../../../Engine/Plugins/Editor/FacialAnimation/Binaries/Win64/UE4Editor-FacialAnimation.dll (API version 3709383).
LogModuleManager: Display: Found up-to-date module file ../../../Engine/Plugins/Editor/FacialAnimation/Binaries/Win64/UE4Editor-FacialAnimationEditor.dll (API version 3709383).
LogModuleManager: Display: Found up-to-date module file ../../../Engine/Plugins/Editor/GameplayTagsEditor/Binaries/Win64/UE4Editor-GameplayTagsEditor.dll (API version 3709383).
LogModuleManager: Display: Found up-to-date module file ../../../Engine/Plugins/Editor/MobileLauncherProfileWizard/Binaries/Win64/UE4Editor-MobileLauncherProfileWizard.dll (API version 3709383).
LogModuleManager: Display: Found up-to-date module file ../../../Engine/Plugins/Editor/PluginBrowser/Binaries/Win64/UE4Editor-PluginBrowser.dll (API version 3709383).
LogModuleManager: Display: Found up-to-date module file ../../../Engine/Plugins/Editor/SpeedTreeImporter/Binaries/Win64/UE4Editor-SpeedTreeImporter.dll (API version 3709383).
LogModuleManager: Display: Found up-to-date module file ../../../Engine/Plugins/Experimental/AlembicImporter/Binaries/Win64/UE4Editor-AlembicImporter.dll (API version 3709383).
LogModuleManager: Display: Found up-to-date module file ../../../Engine/Plugins/Experimental/AlembicImporter/Binaries/Win64/UE4Editor-AlembicLibrary.dll (API version 3709383).
LogModuleManager: Display: Found up-to-date module file ../../../Engine/Plugins/Experimental/CharacterAI/Binaries/Win64/UE4Editor-CharacterAI.dll (API version 3709383).
LogModuleManager: Display: Found up-to-date module file ../../../Engine/Plugins/Experimental/HTML5Networking/Binaries/Win64/UE4Editor-HTML5Networking.dll (API version 3709383).
LogModuleManager: Display: Found up-to-date module file ../../../Engine/Plugins/Media/AndroidMedia/Binaries/Win64/UE4Editor-AndroidMediaEditor.dll (API version 3709383).
LogModuleManager: Display: Found up-to-date module file ../../../Engine/Plugins/Media/AndroidMedia/Binaries/Win64/UE4Editor-AndroidMediaFactory.dll (API version 3709383).
LogModuleManager: Display: Found up-to-date module file ../../../Engine/Plugins/Media/AvfMedia/Binaries/Win64/UE4Editor-AvfMediaEditor.dll (API version 3709383).
LogModuleManager: Display: Found up-to-date module file ../../../Engine/Plugins/Media/AvfMedia/Binaries/Win64/UE4Editor-AvfMediaFactory.dll (API version 3709383).
LogModuleManager: Display: Found up-to-date module file ../../../Engine/Plugins/Media/AvfMedia/Binaries/Win64/UE4Editor-AvfMediaFactory.dll (API version 3709383).
LogModuleManager: Display: Found up-to-date module file ../../../Engine/Plugins/Media/ImgMedia/Binaries/Win64/UE4Editor-ImgMedia.dll (API version 3709383).
LogModuleManager: Display: Found up-to-date module file ../../../Engine/Plugins/Media/ImgMedia/Binaries/Win64/UE4Editor-ImgMediaEditor.dll (API version 3709383).
LogModuleManager: Display: Found up-to-date module file ../../../Engine/Plugins/Media/ImgMedia/Binaries/Win64/UE4Editor-ImgMediaFactory.dll (API version 3709383).
LogModuleManager: Display: Found up-to-date module file ../../../Engine/Plugins/Media/ImgMedia/Binaries/Win64/UE4Editor-ImgMediaFactory.dll (API version 3709383).
LogModuleManager: Display: Found up-to-date module file ../../../Engine/Plugins/Media/ImgMedia/Binaries/Win64/UE4Editor-OpenExrWrapper.dll (API version 3709383).
LogModuleManager: Display: Found up-to-date module file ../../../Engine/Plugins/Media/MediaCompositing/Binaries/Win64/UE4Editor-MediaCompositing.dll (API version 3709383).
LogModuleManager: Display: Found up-to-date module file ../../../Engine/Plugins/Media/MediaCompositing/Binaries/Win64/UE4Editor-MediaCompositingEditor.dll (API version 3709383).
LogModuleManager: Display: Found up-to-date module file ../../../Engine/Plugins/Media/MediaPlayerEditor/Binaries/Win64/UE4Editor-MediaPlayerEditor.dll (API version 3709383).
LogModuleManager: Display: Found up-to-date module file ../../../Engine/Plugins/Media/WmfMedia/Binaries/Win64/UE4Editor-WmfMedia.dll (API version 3709383).
LogModuleManager: Display: Found up-to-date module file ../../../Engine/Plugins/Media/WmfMedia/Binaries/Win64/UE4Editor-WmfMediaEditor.dll (API version 3709383).
LogModuleManager: Display: Found up-to-date module file ../../../Engine/Plugins/Media/WmfMedia/Binaries/Win64/UE4Editor-WmfMediaFactory.dll (API version 3709383).
LogModuleManager: Display: Found up-to-date module file ../../../Engine/Plugins/Media/WmfMedia/Binaries/Win64/UE4Editor-WmfMediaFactory.dll (API version 3709383).
LogModuleManager: Display: Found up-to-date module file ../../../Engine/Plugins/Messaging/TcpMessaging/Binaries/Win64/UE4Editor-TcpMessaging.dll (API version 3709383).
LogModuleManager: Display: Found up-to-date module file ../../../Engine/Plugins/Messaging/UdpMessaging/Binaries/Win64/UE4Editor-UdpMessaging.dll (API version 3709383).
LogModuleManager: Display: Found up-to-date module file ../../../Engine/Plugins/MovieScene/ActorSequence/Binaries/Win64/UE4Editor-ActorSequence.dll (API version 3709383).
LogModuleManager: Display: Found up-to-date module file ../../../Engine/Plugins/MovieScene/LevelSequenceEditor/Binaries/Win64/UE4Editor-LevelSequenceEditor.dll (API version 3709383).
LogModuleManager: Display: Found up-to-date module file ../../../Engine/Plugins/MovieScene/MatineeToLevelSequence/Binaries/Win64/UE4Editor-MatineeToLevelSequence.dll (API version 3709383).
LogModuleManager: Display: Found up-to-date module file ../../../Engine/Plugins/Online/OnlineSubsystem/Binaries/Win64/UE4Editor-OnlineSubsystem.dll (API version 3709383).
LogModuleManager: Display: Found up-to-date module file ../../../Engine/Plugins/Online/OnlineSubsystemNull/Binaries/Win64/UE4Editor-OnlineSubsystemNull.dll (API version 3709383).
LogModuleManager: Display: Found up-to-date module file ../../../Engine/Plugins/Online/OnlineSubsystemUtils/Binaries/Win64/UE4Editor-OnlineSubsystemUtils.dll (API version 3709383).
LogModuleManager: Display: Found up-to-date module file ../../../Engine/Plugins/Online/OnlineSubsystemUtils/Binaries/Win64/UE4Editor-OnlineBlueprintSupport.dll (API version 3709383).
LogModuleManager: Display: Found up-to-date module file ../../../Engine/Plugins/Runtime/AndroidDeviceProfileSelector/Binaries/Win64/UE4Editor-AndroidDeviceProfileSelector.dll (API version 3709383).
LogModuleManager: Display: Found up-to-date module file ../../../Engine/Plugins/Runtime/AndroidPermission/Binaries/Win64/UE4Editor-AndroidPermission.dll (API version 3709383).
LogModuleManager: Display: Found up-to-date module file ../../../Engine/Plugins/Runtime/AppleARKit/Binaries/Win64/UE4Editor-AppleARKit.dll (API version 3709383).
LogModuleManager: Display: Found up-to-date module file ../../../Engine/Plugins/Runtime/ArchVisCharacter/Binaries/Win64/UE4Editor-ArchVisCharacter.dll (API version 3709383).
LogModuleManager: Display: Found up-to-date module file ../../../Engine/Plugins/Runtime/CableComponent/Binaries/Win64/UE4Editor-CableComponent.dll (API version 3709383).
LogModuleManager: Display: Found up-to-date module file ../../../Engine/Plugins/Runtime/CustomMeshComponent/Binaries/Win64/UE4Editor-CustomMeshComponent.dll (API version 3709383).
LogModuleManager: Display: Found up-to-date module file ../../../Engine/Plugins/Runtime/ExampleDeviceProfileSelector/Binaries/Win64/UE4Editor-ExampleDeviceProfileSelector.dll (API version 3709383).
LogModuleManager: Display: Found up-to-date module file ../../../Engine/Plugins/Runtime/ImmediatePhysics/Binaries/Win64/UE4Editor-ImmediatePhysics.dll (API version 3709383).
LogModuleManager: Display: Found up-to-date module file ../../../Engine/Plugins/Runtime/ImmediatePhysics/Binaries/Win64/UE4Editor-ImmediatePhysicsEditor.dll (API version 3709383).
LogModuleManager: Display: Found up-to-date module file ../../../Engine/Plugins/Runtime/LocationServicesBPLibrary/Binaries/Win64/UE4Editor-LocationServicesBPLibrary.dll (API version 3709383).
LogModuleManager: Display: Found up-to-date module file ../../../Engine/Plugins/Runtime/MobilePatchingUtils/Binaries/Win64/UE4Editor-MobilePatchingUtils.dll (API version 3709383).
LogModuleManager: Display: Found up-to-date module file ../../../Engine/Plugins/Runtime/Oculus/OculusVR/Binaries/Win64/UE4Editor-OculusHMD.dll (API version 3709383).
LogModuleManager: Display: Found up-to-date module file ../../../Engine/Plugins/Runtime/Oculus/OculusVR/Binaries/Win64/UE4Editor-OculusInput.dll (API version 3709383).
LogModuleManager: Display: Found up-to-date module file ../../../Engine/Plugins/Runtime/Oculus/OculusVR/Binaries/Win64/UE4Editor-OculusEditor.dll (API version 3709383).
LogModuleManager: Display: Found up-to-date module file ../../../Engine/Plugins/Runtime/PhysXVehicles/Binaries/Win64/UE4Editor-PhysXVehicles.dll (API version 3709383).
LogModuleManager: Display: Found up-to-date module file ../../../Engine/Plugins/Runtime/PhysXVehicles/Binaries/Win64/UE4Editor-PhysXVehiclesEditor.dll (API version 3709383).
LogModuleManager: Display: Found up-to-date module file ../../../Engine/Plugins/Runtime/ProceduralMeshComponent/Binaries/Win64/UE4Editor-ProceduralMeshComponent.dll (API version 3709383).
LogModuleManager: Display: Found up-to-date module file ../../../Engine/Plugins/Runtime/ProceduralMeshComponent/Binaries/Win64/UE4Editor-ProceduralMeshComponentEditor.dll (API version 3709383).
LogModuleManager: Display: Found up-to-date module file ../../../Engine/Plugins/Runtime/RuntimePhysXCooking/Binaries/Win64/UE4Editor-RuntimePhysXCooking.dll (API version 3709383).
LogModuleManager: Display: Found up-to-date module file ../../../Engine/Plugins/Runtime/Steam/SteamVR/Binaries/Win64/UE4Editor-SteamVR.dll (API version 3709383).
LogModuleManager: Display: Found up-to-date module file ../../../Engine/Plugins/Runtime/Steam/SteamVR/Binaries/Win64/UE4Editor-SteamVRController.dll (API version 3709383).
LogModuleManager: Display: Found up-to-date module file ../../../Engine/Plugins/Runtime/WindowsMoviePlayer/Binaries/Win64/UE4Editor-WindowsMoviePlayer.dll (API version 3709383).
LogInit: Using libcurl 7.47.1
LogInit:  - built for x86_64-pc-win32
LogInit:  - supports SSL with OpenSSL/1.0.2g
LogInit:  - supports HTTP deflate (compression) using libz 1.2.8
LogInit:  - other features:
LogInit:      CURL_VERSION_SSL
LogInit:      CURL_VERSION_LIBZ
LogInit:      CURL_VERSION_IPV6
LogInit:      CURL_VERSION_ASYNCHDNS
LogInit:      CURL_VERSION_LARGEFILE
LogInit:      CURL_VERSION_IDN
LogInit:  CurlRequestOptions (configurable via config and command line):
LogInit:  - bVerifyPeer = false  - Libcurl will NOT verify peer certificate
LogInit:  - bUseHttpProxy = false  - Libcurl will NOT use HTTP proxy
LogInit:  - bDontReuseConnections = false  - Libcurl will reuse connections
LogInit:  - CertBundlePath = nullptr  - Libcurl will use whatever was configured at build time.
LogInit: Build: ++UE4+Release-4.18-CL-3832480
LogInit: Engine Version: 4.18.3-3832480+++UE4+Release-4.18
LogInit: Compatible Engine Version: 4.18.0-3709383+++UE4+Release-4.18
LogInit: Net CL: 3709383
LogDevObjectVersion: Number of dev versions registered: 16
LogDevObjectVersion:   Dev-Blueprints (B0D832E4-1F89-4F0D-ACCF-7EB736FD4AA2): 10
LogDevObjectVersion:   Dev-Build (E1C64328-A22C-4D53-A36C-8E866417BD8C): 0
LogDevObjectVersion:   Dev-Core (375EC13C-06E4-48FB-B500-84F0262A717E): 2
LogDevObjectVersion:   Dev-Editor (E4B068ED-F494-42E9-A231-DA0B2E46BB41): 20
LogDevObjectVersion:   Dev-Framework (CFFC743F-43B0-4480-9391-14DF171D2073): 30
LogDevObjectVersion:   Dev-Mobile (B02B49B5-BB20-44E9-A304-32B752E40360): 0
LogDevObjectVersion:   Dev-Networking (A4E4105C-59A1-49B5-A7C5-40C4547EDFEE): 0
LogDevObjectVersion:   Dev-Online (39C831C9-5AE6-47DC-9A44-9C173E1C8E7C): 0
LogDevObjectVersion:   Dev-Physics (78F01B33-EBEA-4F98-B9B4-84EACCB95AA2): 0
LogDevObjectVersion:   Dev-Platform (6631380F-2D4D-43E0-8009-CF276956A95A): 0
LogDevObjectVersion:   Dev-Rendering (12F88B9F-8875-4AFC-A67C-D90C383ABD29): 20
LogDevObjectVersion:   Dev-Sequencer (7B5AE74C-D270-4C10-A958-57980B212A5A): 4
LogDevObjectVersion:   Dev-VR (D7296918-1DD6-4BDD-9DE2-64A83CC13884): 0
LogDevObjectVersion:   Dev-LoadTimes (C2A15278-BFE7-4AFE-6C17-90FF531DF755): 1
LogDevObjectVersion:   Private-Geometry (6EACA3D4-40EC-4CC1-B786-8BED09428FC5): 1
LogDevObjectVersion:   Dev-AnimPhys (29E575DD-E0A3-4627-9D10-D276232CDCEA): 12
LogInit: Compiled (64-bit): Jan 12 2018 02:04:55
LogInit: Compiled with Visual C++: 19.00.24215.01
LogInit: Build Configuration: Development
LogInit: Branch Name: ++UE4+Release-4.18
LogInit: Command line:  
LogInit: Base directory: C:/Program Files/Epic Games/UE_4.18/Engine/Binaries/Win64/
LogInit: Installed Engine Build: 1
LogInit: Presizing for max 8388607 objects, including 0 objects not considered by GC, pre-allocating 0 bytes for permanent pool.
LogInit: Object subsystem initialized
[2018.03.18-02.30.50:567][  0]LogInit: Selected Device Profile: [Windows]
[2018.03.18-02.30.50:567][  0]LogInit: Applying CVar settings loaded from the selected device profile: [Windows]
[2018.03.18-02.30.50:681][  0]LogInit: Computer: DESKTOP-UHTKKQD
[2018.03.18-02.30.50:681][  0]LogInit: User: ldm0196
[2018.03.18-02.30.50:681][  0]LogInit: CPU Page size=4096, Cores=8
[2018.03.18-02.30.50:681][  0]LogInit: High frequency timer resolution =2.924194 MHz
[2018.03.18-02.30.50:682][  0]LogMemory: Memory total: Physical=15.9GB (16GB approx)
[2018.03.18-02.30.50:682][  0]LogMemory: Platform Memory Stats for Windows
[2018.03.18-02.30.50:682][  0]LogMemory: Process Physical Memory: 277.66 MB used, 277.66 MB peak
[2018.03.18-02.30.50:682][  0]LogMemory: Process Virtual Memory: 270.74 MB used, 270.74 MB peak
[2018.03.18-02.30.50:682][  0]LogMemory: Physical Memory: 6925.64 MB used,  9386.86 MB free, 16312.51 MB total
[2018.03.18-02.30.50:682][  0]LogMemory: Virtual Memory: 688.17 MB used,  9386.86 MB free, 134217728.00 MB total
[2018.03.18-02.30.53:146][  0]LogInit: Using OS detected language (en-US).
[2018.03.18-02.30.53:146][  0]LogInit: Using OS detected locale (en-US).
[2018.03.18-02.30.53:307][  0]LogTextLocalizationManager: No specific localization for 'en-US' exists, so the 'en' localization will be used.
[2018.03.18-02.30.54:524][  0]LogInit: Setting process to per monitor DPI aware
[2018.03.18-02.30.59:347][  0]LogD3D11RHI: D3D11 adapters:
[2018.03.18-02.30.59:462][  0]LogD3D11RHI:    0. 'NVIDIA GeForce GTX 1060 6GB' (Feature Level 11_0)
[2018.03.18-02.30.59:462][  0]LogD3D11RHI:       6052/0/8156 MB DedicatedVideo/DedicatedSystem/SharedSystem, Outputs:2, VendorId:0x10de
[2018.03.18-02.30.59:465][  0]LogD3D11RHI:    1. 'Microsoft Basic Render Driver' (Feature Level 11_0)
[2018.03.18-02.30.59:465][  0]LogD3D11RHI:       0/0/8156 MB DedicatedVideo/DedicatedSystem/SharedSystem, Outputs:0, VendorId:0x1414
[2018.03.18-02.30.59:465][  0]LogD3D11RHI: Chosen D3D11 Adapter: 0
[2018.03.18-02.30.59:479][  0]LogD3D11RHI: Creating new Direct3DDevice
[2018.03.18-02.30.59:479][  0]LogD3D11RHI:     GPU DeviceId: 0x1c03 (for the marketing name, search the web for "GPU Device Id")
[2018.03.18-02.30.59:479][  0]LogWindows: EnumDisplayDevices:
[2018.03.18-02.30.59:479][  0]LogWindows:    0. 'NVIDIA GeForce GTX 1060 6GB' (P:1 D:1)
[2018.03.18-02.30.59:480][  0]LogWindows:    1. 'NVIDIA GeForce GTX 1060 6GB' (P:0 D:1)
[2018.03.18-02.30.59:480][  0]LogWindows:    2. 'NVIDIA GeForce GTX 1060 6GB' (P:0 D:0)
[2018.03.18-02.30.59:480][  0]LogWindows:    3. 'NVIDIA GeForce GTX 1060 6GB' (P:0 D:0)
[2018.03.18-02.30.59:480][  0]LogWindows: DebugString: GetVideoDriverDetailsInvalid PrimaryIsNotTheChoosenAdapter GetVideoDriverDetailsInvalid PrimaryIsNotTheChoosenAdapter GetVideoDriverDetailsInvalid PrimaryIsNotTheChoosenAdapter GetVideoDriverDetailsInvalid PrimaryIsNotTheChoosenAdapter FoundDriverCount:0 
[2018.03.18-02.30.59:480][  0]LogD3D11RHI:     Adapter Name: NVIDIA GeForce GTX 1060 6GB
[2018.03.18-02.30.59:480][  0]LogD3D11RHI:   Driver Version: Unknown (internal:Unknown, unified:Unknown)
[2018.03.18-02.30.59:480][  0]LogD3D11RHI:      Driver Date: Unknown
[2018.03.18-02.30.59:480][  0]LogRHI: Texture pool is 4236 MB (70% of 6052 MB)
[2018.03.18-02.30.59:549][  0]LogD3D11RHI: Async texture creation enabled
[2018.03.18-02.30.59:622][  0]LogD3D11RHI: GPU Timing Frequency: 1000.000000 (Debug: 2 2)
[2018.03.18-02.30.59:680][  0]LogShaderCompilers: Guid format shader working directory is -5 characters bigger than the processId version (../../../../../../Users/ldm0196/Desktop/Game2/GoBlock/Intermediate/Shaders/WorkingDirectory/7148/).
[2018.03.18-02.30.59:681][  0]LogShaderCompilers: Cleaned the shader compiler working directory 'C:/Users/ldm0196/AppData/Local/Temp/UnrealShaderWorkingDir/64376D2A49882CB5DB8E5C9ACA1F846C/'.
[2018.03.18-02.30.59:681][  0]LogShaderCompilers: Display: Using Local Shader Compiler.
[2018.03.18-02.31.05:525][  0]LogTemp: Display: Loaded TP AllDesktopTargetPlatform
[2018.03.18-02.31.05:619][  0]LogTemp: Display: Loaded TP MacClientTargetPlatform
[2018.03.18-02.31.05:727][  0]LogTemp: Display: Loaded TP MacNoEditorTargetPlatform
[2018.03.18-02.31.05:874][  0]LogTemp: Display: Loaded TP MacServerTargetPlatform
[2018.03.18-02.31.05:996][  0]LogTemp: Display: Loaded TP MacTargetPlatform
[2018.03.18-02.31.06:105][  0]LogTemp: Display: Loaded TP WindowsClientTargetPlatform
[2018.03.18-02.31.06:199][  0]LogTemp: Display: Loaded TP WindowsNoEditorTargetPlatform
[2018.03.18-02.31.06:324][  0]LogTemp: Display: Loaded TP WindowsServerTargetPlatform
[2018.03.18-02.31.06:418][  0]LogTemp: Display: Loaded TP WindowsTargetPlatform
[2018.03.18-02.31.06:509][  0]LogTemp: Display: Loaded TP Android_ASTCTargetPlatform
[2018.03.18-02.31.06:613][  0]LogTemp: Display: Loaded TP Android_ATCTargetPlatform
[2018.03.18-02.31.06:685][  0]LogTemp: Display: Loaded TP Android_DXTTargetPlatform
[2018.03.18-02.31.06:793][  0]LogTemp: Display: Loaded TP Android_ETC1TargetPlatform
[2018.03.18-02.31.06:935][  0]LogTemp: Display: Loaded TP Android_ETC2TargetPlatform
[2018.03.18-02.31.07:140][  0]LogTemp: Display: Loaded TP Android_MultiTargetPlatform
[2018.03.18-02.31.07:140][  0]LogTemp: Display: Loaded TP Android_PVRTCTargetPlatform
[2018.03.18-02.31.07:258][  0]LogTemp: Display: Loaded TP AndroidTargetPlatform
[2018.03.18-02.31.07:327][  0]LogTemp: Display: Loaded TP HTML5TargetPlatform
[2018.03.18-02.31.07:586][  0]LogTemp: Display: Loaded TP IOSTargetPlatform
[2018.03.18-02.31.07:661][  0]LogTemp: Display: Loaded TP TVOSTargetPlatform
[2018.03.18-02.31.07:791][  0]LogTemp: Display: Loaded TP LinuxClientTargetPlatform
[2018.03.18-02.31.07:899][  0]LogTemp: Display: Loaded TP LinuxNoEditorTargetPlatform
[2018.03.18-02.31.07:988][  0]LogTemp: Display: Loaded TP LinuxServerTargetPlatform
[2018.03.18-02.31.08:147][  0]LogTemp: Display: Loaded TP LinuxTargetPlatform
[2018.03.18-02.31.08:147][  0]LogTargetPlatformManager: Display: Building Assets For Windows
[2018.03.18-02.31.09:868][  0]LogDerivedDataCache: Display: Max Cache Size: 512 MB
[2018.03.18-02.31.10:724][  0]LogDerivedDataCache: Loaded boot cache 0.86s 84MB C:/Users/ldm0196/AppData/Local/UnrealEngine/4.18/DerivedDataCache/Boot.ddc.
[2018.03.18-02.31.10:724][  0]LogDerivedDataCache: Display: Loaded Boot cache: C:/Users/ldm0196/AppData/Local/UnrealEngine/4.18/DerivedDataCache/Boot.ddc
[2018.03.18-02.31.10:724][  0]LogDerivedDataCache: FDerivedDataBackendGraph:  Pak pak cache file ../../../../../../Users/ldm0196/Desktop/Game2/GoBlock/DerivedDataCache/DDC.ddp not found, will not use a pak cache.
[2018.03.18-02.31.10:724][  0]LogDerivedDataCache: Unable to find inner node Pak for hierarchical cache Hierarchy.
[2018.03.18-02.31.10:724][  0]LogDerivedDataCache: FDerivedDataBackendGraph:  CompressedPak pak cache file ../../../../../../Users/ldm0196/Desktop/Game2/GoBlock/DerivedDataCache/Compressed.ddp not found, will not use a pak cache.
[2018.03.18-02.31.10:725][  0]LogDerivedDataCache: Unable to find inner node CompressedPak for hierarchical cache Hierarchy.
[2018.03.18-02.31.10:822][  0]LogDerivedDataCache: Display: Pak cache opened for reading ../../../Engine/DerivedDataCache/Compressed.ddp.
[2018.03.18-02.31.10:835][  0]LogDerivedDataCache: Using Local data cache path C:/Users/ldm0196/AppData/Local/UnrealEngine/Common/DerivedDataCache: Writable
[2018.03.18-02.31.10:857][  0]LogMaterial: Verifying Global Shaders for PCD3D_SM5
[2018.03.18-02.31.10:857][  0]LogSlate: Using Freetype 2.6.0
[2018.03.18-02.31.10:906][  0]LogSlate: SlateFontCache - WITH_FREETYPE: 1, WITH_HARFBUZZ: 1
[2018.03.18-02.31.10:906][  0]LogSlate: SlateFontCache - WITH_FREETYPE: 1, WITH_HARFBUZZ: 1
[2018.03.18-02.31.16:721][  0]LogInit: Selected Device Profile: [Windows]
[2018.03.18-02.31.18:424][  0]LogSimplygon: Simplygon DLL not present - disabling.
[2018.03.18-02.31.18:529][  0]LogMeshReduction: Using SimplygonSwarm for distributed automatic mesh merging
[2018.03.18-02.31.18:529][  0]LogMeshReduction: Using QuadricMeshReduction for automatic static mesh reduction
[2018.03.18-02.31.18:529][  0]LogMeshReduction: No automatic skeletal mesh reduction module available
[2018.03.18-02.31.18:529][  0]LogMeshReduction: No automatic mesh merging module available
[2018.03.18-02.31.18:529][  0]LogMeshMerging: No automatic mesh merging module available
[2018.03.18-02.31.18:681][  0]LogNetVersion: GoBlock , NetCL: 3709383, EngineNetVer: 2, GameNetVer: 0 (Checksum: 2987437899)
[2018.03.18-02.31.19:756][  0]LogAssetRegistry: FAssetRegistry took 0.0293 seconds to start up
[2018.03.18-02.31.23:138][  0]LogPackageLocalizationCache: Processed 7 localized package path(s) for 2 prioritized culture(s) in 0.151279 seconds
[2018.03.18-02.31.23:146][  0]LogUObjectArray: 35870 objects as part of root set at end of initial load.
[2018.03.18-02.31.23:146][  0]LogUObjectAllocator: 7363704 out of 0 bytes used by permanent object pool.
[2018.03.18-02.31.23:146][  0]LogUObjectArray: CloseDisregardForGC: 0/0 objects in disregard for GC pool
[2018.03.18-02.31.23:293][  0]LogInit: WinSock: version 1.1 (2.2), MaxSocks=32767, MaxUdp=65467
[2018.03.18-02.31.54:168][  0]LogTcpMessaging: Initializing TcpMessaging bridge
[2018.03.18-02.31.54:259][  0]LogUdpMessaging: Initializing bridge on interface 0.0.0.0:0 to multicast group 230.0.0.1:6666.
[2018.03.18-02.31.57:589][  0]LogMaterial: Uniform references updated for custom material expression Custom.
[2018.03.18-02.31.59:178][  0]SourceControl: Source control is disabled
[2018.03.18-02.32.03:401][  0]LogAndroidPermission: UAndroidPermissionCallbackProxy::GetInstance
[2018.03.18-02.32.04:052][  0]LogOcInput: OculusInput pre-init called
[2018.03.18-02.32.05:006][  0]LogEngine: Initializing Engine...
[2018.03.18-02.32.05:031][  0]LogHMD: Failed to initialize OpenVR with code 110
[2018.03.18-02.32.06:311][  0]LogStats: UGameplayTagsManager::ConstructGameplayTagTree: Construct from data asset -  0.000 s
[2018.03.18-02.32.06:311][  0]LogStats: UGameplayTagsManager::ConstructGameplayTagTree: GameplayTagTreeChangedEvent.Broadcast -  0.000 s
[2018.03.18-02.32.06:616][  0]LogAIModule: Creating AISystem for world Untitled
[2018.03.18-02.32.06:628][  0]LogInit: XAudio2 using 'MX279 (NVIDIA High Definition Audio)' : 2 channels at 48 kHz using 16 bits per sample (channel mask 0x3)
[2018.03.18-02.32.06:654][  0]LogInit: FAudioDevice initialized.
[2018.03.18-02.32.06:850][  0]LogDerivedDataCache: Saved boot cache 0.19s 79MB C:/Users/ldm0196/AppData/Local/UnrealEngine/4.18/DerivedDataCache/Boot.ddc.
[2018.03.18-02.32.06:878][  0]LogInit: Texture streaming: Enabled
[2018.03.18-02.32.07:218][  0]LogEngineSessionManager: EngineSessionManager initialized
[2018.03.18-02.32.07:560][  0]LogInit: Transaction tracking system initialized
[2018.03.18-02.32.08:277][  0]BlueprintLog: New page: Editor Load
[2018.03.18-02.32.10:825][  0]LocalizationService: Localization service is disabled
[2018.03.18-02.32.12:928][  0]LogConsoleResponse: Display: 
[2018.03.18-02.32.15:353][  0]LogFileCache: Scanning file cache for directory 'C:/Users/ldm0196/Desktop/Game2/GoBlock/Content/' took 0.03s
[2018.03.18-02.32.15:353][  0]LogCook: Display: Max memory allowance for cook 16384mb min free memory 0mb
[2018.03.18-02.32.15:353][  0]LogCook: Display: Mobile HDR setting 1
[2018.03.18-02.32.15:367][  0]LogGameplayTags: Display: UGameplayTagsManager::DoneAddingNativeTags. DelegateIsBound: 0
[2018.03.18-02.32.19:062][  0]LogWindowsTextInputMethodSystem: Display: IME system now deactivated.
[2018.03.18-02.32.19:088][  0]LogSlate: Took 0.023482 seconds to synchronously load lazily loaded font '../../../Engine/Content/Slate/Fonts/Roboto-Regular.ttf' (155K)
[2018.03.18-02.33.29:467][  0]LogWindowsTextInputMethodSystem: Display: IME system now deactivated.
[2018.03.18-02.33.29:470][  0]LogWindowsTextInputMethodSystem: Display: IME system now deactivated.
[2018.03.18-02.33.29:817][  0]LogWindowsTextInputMethodSystem: Display: IME system now deactivated.
[2018.03.18-02.33.29:820][  0]LogWindowsTextInputMethodSystem: Display: IME system now deactivated.
[2018.03.18-02.33.29:875][  0]Cmd: MAP LOAD FILE="../../../../../../Users/ldm0196/Desktop/Game2/GoBlock/Content/ThirdPersonCPP/Maps/ThirdPersonExampleMap.umap" TEMPLATE=0 SHOWPROGRESS=1 FEATURELEVEL=3
[2018.03.18-02.33.29:887][  0]LightingResults: New page: Lighting Build
[2018.03.18-02.33.29:989][  0]MapCheck: New page: Map Check
[2018.03.18-02.33.29:989][  0]LightingResults: New page: Lighting Build
[2018.03.18-02.33.31:134][  0]LogAIModule: Creating AISystem for world ThirdPersonExampleMap
[2018.03.18-02.33.31:296][  0]LogEditorServer: Finished looking for orphan Actors (0.000 secs)
[2018.03.18-02.33.31:354][  0]Cmd: MAP CHECKDEP NOCLEARLOG
[2018.03.18-02.33.31:447][  0]MapCheck: Map check complete: 0 Error(s), 0 Warning(s), took 92.543ms to complete.
[2018.03.18-02.33.31:447][  0]LogFileHelpers: Loading map 'ThirdPersonExampleMap' took 1.580
[2018.03.18-02.33.31:685][  0]LogStats: Warning: MetaData mismatch. Did you assign a stat to two groups? New //STATGROUP_Threads//SplashScreenThread///Thread_540_0///####STATCAT_Advanced#### old //STATGROUP_Threads//SplashScreenThread///Thread_3ac8_0///####STATCAT_Advanced####
[2018.03.18-02.33.31:685][  0]LogCollectionManager: Loaded 0 collections in 0.003456 seconds
[2018.03.18-02.33.31:846][  0]LogFileCache: Scanning file cache for directory 'C:/Users/ldm0196/Desktop/Game2/GoBlock/Saved/Collections/' took 0.01s
[2018.03.18-02.33.31:846][  0]LogFileCache: Scanning file cache for directory 'C:/Users/ldm0196/Desktop/Game2/GoBlock/Content/Developers/ldm0196/Collections/' took 0.01s
[2018.03.18-02.33.31:846][  0]LogFileCache: Scanning file cache for directory 'C:/Users/ldm0196/Desktop/Game2/GoBlock/Content/Collections/' took 0.01s
[2018.03.18-02.33.31:846][  0]LogCollectionManager: Rebuilt the GUID cache for 0 collections in 0.000000 seconds
[2018.03.18-02.33.31:879][  0]LogContentBrowser: Native class hierarchy populated in 0.0293 seconds. Added 2365 classes and 521 folders.
[2018.03.18-02.33.32:015][  0]LogContentBrowser: Native class hierarchy updated for 'WidgetCarousel' in 0.0018 seconds. Added 0 classes and 0 folders.
[2018.03.18-02.33.33:586][  0]LogContentBrowser: Native class hierarchy updated for 'AddContentDialog' in 0.0020 seconds. Added 0 classes and 0 folders.
[2018.03.18-02.33.33:899][  0]LogContentBrowser: Native class hierarchy updated for 'SceneOutliner' in 0.0024 seconds. Added 1 classes and 2 folders.
[2018.03.18-02.33.37:160][  0]LogSlate: Only BGRA pngs, bmps or icos are supported in by External Image Picker
[2018.03.18-02.33.37:285][  0]LogTemp: Executing iPhonePackager certificates Engine -bundlename com.YourCompany.GoBlock
[2018.03.18-02.33.37:285][  0]LogTemp: CWD: C:\Program Files\Epic Games\UE_4.18\Engine\Binaries\DotNET\IOS
[2018.03.18-02.33.37:285][  0]LogTemp: Initial Dir: C:\Program Files\Epic Games\UE_4.18
[2018.03.18-02.33.37:285][  0]LogTemp: Env CWD: C:\Program Files\Epic Games\UE_4.18\Engine\Binaries\DotNET\IOS
[2018.03.18-02.33.37:285][  0]LogTemp: BranchPath = DESKTOP-UHTKKQD/C/Program Files/Epic Games/UE_4.18/Engine/Binaries --- GameBranchPath = DESKTOP-UHTKKQD/C/Program Files/Epic Games/UE_4.18/Engine/Binaries
[2018.03.18-02.33.37:285][  0]LogTemp: IPP ERROR: Could not find provision directory 'C:\Users\ldm0196\AppData\Local/Apple Computer/MobileDevice/Provisioning Profiles/'.
[2018.03.18-02.33.37:286][  0]LogSlate: Took 0.039450 seconds to synchronously load lazily loaded font '../../../Engine/Content/Slate/Fonts/Roboto-Bold.ttf' (160K)
[2018.03.18-02.33.37:311][  0]LogSlate: Took 0.023451 seconds to synchronously load lazily loaded font '../../../Engine/Content/Editor/Slate/Fonts/FontAwesome.ttf' (139K)
[2018.03.18-02.33.37:762][  0]LogRenderer: Reallocating scene render targets to support 1056x924 Format 10 NumSamples 1 (Frame:1).
[2018.03.18-02.33.38:185][  0]LogContentBrowser: Native class hierarchy updated for 'HierarchicalLODOutliner' in 0.0021 seconds. Added 1 classes and 2 folders.
[2018.03.18-02.33.38:185][  0]LogLoad: (Engine Initialization) Total time: 180.40 seconds
[2018.03.18-02.33.38:185][  0]LogLoad: (Engine Initialization) Total Blueprint compile time: 0.00 seconds
[2018.03.18-02.33.38:185][  0]LogExternalProfiler: No external profilers were discovered.  External profiling features will not be available.
[2018.03.18-02.33.38:553][  0]SourceControl: On branch master
[2018.03.18-02.33.38:553][  0]SourceControl: Your branch is up to date with 'origin/master'.
[2018.03.18-02.33.38:553][  0]SourceControl: Changes not staged for commit:
[2018.03.18-02.33.38:553][  0]SourceControl:   (use "git add <file>..." to update what will be committed)
[2018.03.18-02.33.38:553][  0]SourceControl:   (use "git checkout -- <file>..." to discard changes in working directory)
[2018.03.18-02.33.38:553][  0]SourceControl: 	modified:   GoBlock/Content/StarterContent/Materials/M_Tech_Hex_Tile_Pulse.uasset
[2018.03.18-02.33.38:553][  0]SourceControl: 	modified:   GoBlock/Intermediate/CachedAssetRegistry.bin
[2018.03.18-02.33.38:554][  0]SourceControl: 	modified:   GoBlock/Saved/Autosaves/PackageRestoreData.json
[2018.03.18-02.33.38:554][  0]SourceControl: 	modified:   GoBlock/Saved/Config/Windows/Editor.ini
[2018.03.18-02.33.38:554][  0]SourceControl: 	modified:   GoBlock/Saved/Logs/GoBlock.log
[2018.03.18-02.33.38:554][  0]SourceControl: 	modified:   GoBlock/content/ThirdPersonCPP/Blueprints/RunGamemode.uasset
[2018.03.18-02.33.38:554][  0]SourceControl: Untracked files:
[2018.03.18-02.33.38:554][  0]SourceControl:   (use "git add <file>..." to include in what will be committed)
[2018.03.18-02.33.38:554][  0]SourceControl: 	GoBlock/Saved/Backup/Blocker_2018-03-16-21-59-14.uasset
[2018.03.18-02.33.38:554][  0]SourceControl: 	GoBlock/Saved/Config/CrashReportClient/UE4CC-Windows-5539848A4760A3F64BE0CB8F29C86007/
[2018.03.18-02.33.38:554][  0]SourceControl: 	GoBlock/Saved/Config/CrashReportClient/UE4CC-Windows-DF86F82C4BB9AA8F3939B084871A4D0C/
[2018.03.18-02.33.38:554][  0]SourceControl: 	GoBlock/Saved/Logs/GoBlock-backup-2018.03.16-21.45.09.log
[2018.03.18-02.33.38:554][  0]SourceControl: 	GoBlock/Saved/Logs/GoBlock-backup-2018.03.17-21.30.44.log
[2018.03.18-02.33.38:554][  0]SourceControl: no changes added to commit (use "git add" and/or "git commit -a")
[2018.03.18-02.33.38:555][  0]LogContentStreaming: Texture pool size now 1000 MB
[2018.03.18-02.33.38:621][  0]LogSlate: Took 0.009958 seconds to synchronously load lazily loaded font '../../../Engine/Content/Slate/Fonts/Roboto-Light.ttf' (159K)
[2018.03.18-02.33.39:211][  2]LogAssetRegistry: Asset discovery search completed in 139.4767 seconds
[2018.03.18-02.33.39:215][  2]LogCollectionManager: Rebuilt the object cache for 0 collections in 0.000000 seconds (found 0 objects)
[2018.03.18-02.33.39:215][  2]LogCollectionManager: Fixed up redirectors for 0 collections in 0.000119 seconds (updated 0 objects)
[2018.03.18-02.33.39:546][  3]LogSlate: Took 0.000376 seconds to synchronously load lazily loaded font '../../../Engine/Content/Slate/Fonts/Roboto-Light.ttf' (159K)
[2018.03.18-02.33.51:978][544]LogSlate: Took 0.000253 seconds to synchronously load lazily loaded font '../../../Engine/Content/Slate/Fonts/Roboto-Light.ttf' (159K)
[2018.03.18-02.33.52:064][544]LogAIModule: Creating AISystem for world GoBlock
[2018.03.18-02.33.52:124][544]Cmd: MAP LOAD FILE="../../../../../../Users/ldm0196/Desktop/Game2/GoBlock/Content/ThirdPersonCPP/Maps/GoBlock.umap" TEMPLATE=0 SHOWPROGRESS=1 FEATURELEVEL=3
[2018.03.18-02.33.52:124][544]LightingResults: New page: Lighting Build
[2018.03.18-02.33.52:125][544]LoadErrors: New page: Loading map: GoBlock.umap
[2018.03.18-02.33.52:125][544]MapCheck: New page: Map Check
[2018.03.18-02.33.52:125][544]LightingResults: New page: Lighting Build
[2018.03.18-02.33.52:163][544]LogEditorServer: Finished looking for orphan Actors (0.000 secs)
[2018.03.18-02.33.52:235][544]Cmd: MAP CHECKDEP NOCLEARLOG
[2018.03.18-02.33.52:308][544]MapCheck: Map check complete: 0 Error(s), 0 Warning(s), took 72.98ms to complete.
[2018.03.18-02.33.52:309][544]LogFileHelpers: Loading map 'GoBlock' took 0.186
[2018.03.18-02.33.53:835][712]LogTemp: Repeating last play command: Selected Viewport
[2018.03.18-02.33.53:987][712]LogPlayLevel: PlayLevel: No blueprints needed recompiling
[2018.03.18-02.33.53:988][712]PIE: New page: PIE session: GoBlock (Mar 17, 2018, 4:33:53 PM)
[2018.03.18-02.33.53:988][712]LogPlayLevel: Creating play world package: /Game/ThirdPersonCPP/Maps/UEDPIE_0_GoBlock
[2018.03.18-02.33.54:000][712]LogPlayLevel: PIE: StaticDuplicateObject took: (0.012255s)
[2018.03.18-02.33.54:001][712]LogAIModule: Creating AISystem for world GoBlock
[2018.03.18-02.33.54:002][712]LogPlayLevel: PIE: World Init took: (0.001441s)
[2018.03.18-02.33.54:002][712]LogPlayLevel: PIE: Created PIE world by copying editor world from /Game/ThirdPersonCPP/Maps/GoBlock.GoBlock to /Game/ThirdPersonCPP/Maps/UEDPIE_0_GoBlock.GoBlock (0.014240s)
[2018.03.18-02.33.54:052][712]LogInit: XAudio2 using 'MX279 (NVIDIA High Definition Audio)' : 2 channels at 48 kHz using 16 bits per sample (channel mask 0x3)
[2018.03.18-02.33.54:060][712]LogInit: FAudioDevice initialized.
[2018.03.18-02.33.54:874][712]LogLoad: Game class is 'RunGamemode_C'
[2018.03.18-02.33.54:878][712]LogWorld: Bringing World /Game/ThirdPersonCPP/Maps/UEDPIE_0_GoBlock.GoBlock up for play (max tick rate 0) at 2018.03.17-21.33.54
[2018.03.18-02.33.54:878][712]LogWorld: Bringing up level for play took: 0.001162
[2018.03.18-02.33.54:953][712]LogContentBrowser: Native class hierarchy updated for 'MovieSceneCapture' in 0.0012 seconds. Added 11 classes and 0 folders.
[2018.03.18-02.33.54:977][712]PIE: Play in editor start time for /Game/ThirdPersonCPP/Maps/UEDPIE_0_GoBlock 0.043
[2018.03.18-02.33.55:053][713]LogCharacterMovement: Warning: GetSimulationTimeStep() - Max iterations 8 hit while remaining time 0.088903 > MaxSimulationTimeStep (0.050) for 'RunCharacter_C_0', movement 'Walking'
[2018.03.18-02.33.58:608][116]Cmd: RestartLevel
[2018.03.18-02.33.58:616][117]LogNet: Browse: /Game/ThirdPersonCPP/Maps/GoBlock?restart
[2018.03.18-02.33.58:616][117]LogLoad: LoadMap: /Game/ThirdPersonCPP/Maps/GoBlock
[2018.03.18-02.33.58:657][117]LogPlayLevel: Creating play world package: /Game/ThirdPersonCPP/Maps/UEDPIE_0_GoBlock
[2018.03.18-02.33.58:663][117]LogPlayLevel: PIE: StaticDuplicateObject took: (0.005681s)
[2018.03.18-02.33.58:664][117]LogAIModule: Creating AISystem for world GoBlock
[2018.03.18-02.33.58:664][117]LogPlayLevel: PIE: World Init took: (0.001004s)
[2018.03.18-02.33.58:664][117]LogPlayLevel: PIE: Created PIE world by copying editor world from /Game/ThirdPersonCPP/Maps/GoBlock.GoBlock to /Game/ThirdPersonCPP/Maps/UEDPIE_0_GoBlock.GoBlock (0.007092s)
[2018.03.18-02.33.58:665][117]LogLoad: Game class is 'RunGamemode_C'
[2018.03.18-02.33.58:666][117]LogWorld: Bringing World /Game/ThirdPersonCPP/Maps/UEDPIE_0_GoBlock.GoBlock up for play (max tick rate 0) at 2018.03.17-21.33.58
[2018.03.18-02.33.58:666][117]LogWorld: Bringing up level for play took: 0.000717
[2018.03.18-02.33.58:687][117]LogLoad: Took 0.071606 seconds to LoadMap(/Game/ThirdPersonCPP/Maps/UEDPIE_0_GoBlock)
[2018.03.18-02.34.02:640][571]Cmd: RestartLevel
[2018.03.18-02.34.02:648][572]LogNet: Browse: /Game/ThirdPersonCPP/Maps/GoBlock?restart
[2018.03.18-02.34.02:648][572]LogLoad: LoadMap: /Game/ThirdPersonCPP/Maps/GoBlock
[2018.03.18-02.34.02:690][572]LogPlayLevel: Creating play world package: /Game/ThirdPersonCPP/Maps/UEDPIE_0_GoBlock
[2018.03.18-02.34.02:696][572]LogPlayLevel: PIE: StaticDuplicateObject took: (0.005647s)
[2018.03.18-02.34.02:697][572]LogAIModule: Creating AISystem for world GoBlock
[2018.03.18-02.34.02:697][572]LogPlayLevel: PIE: World Init took: (0.000872s)
[2018.03.18-02.34.02:697][572]LogPlayLevel: PIE: Created PIE world by copying editor world from /Game/ThirdPersonCPP/Maps/GoBlock.GoBlock to /Game/ThirdPersonCPP/Maps/UEDPIE_0_GoBlock.GoBlock (0.006867s)
[2018.03.18-02.34.02:697][572]LogLoad: Game class is 'RunGamemode_C'
[2018.03.18-02.34.02:698][572]LogWorld: Bringing World /Game/ThirdPersonCPP/Maps/UEDPIE_0_GoBlock.GoBlock up for play (max tick rate 0) at 2018.03.17-21.34.02
[2018.03.18-02.34.02:698][572]LogWorld: Bringing up level for play took: 0.000555
[2018.03.18-02.34.02:715][572]LogLoad: Took 0.066427 seconds to LoadMap(/Game/ThirdPersonCPP/Maps/UEDPIE_0_GoBlock)
[2018.03.18-02.34.07:339][109]Cmd: RestartLevel
[2018.03.18-02.34.07:347][110]LogNet: Browse: /Game/ThirdPersonCPP/Maps/GoBlock?restart
[2018.03.18-02.34.07:347][110]LogLoad: LoadMap: /Game/ThirdPersonCPP/Maps/GoBlock
[2018.03.18-02.34.07:393][110]LogPlayLevel: Creating play world package: /Game/ThirdPersonCPP/Maps/UEDPIE_0_GoBlock
[2018.03.18-02.34.07:398][110]LogPlayLevel: PIE: StaticDuplicateObject took: (0.005357s)
[2018.03.18-02.34.07:399][110]LogAIModule: Creating AISystem for world GoBlock
[2018.03.18-02.34.07:399][110]LogPlayLevel: PIE: World Init took: (0.000913s)
[2018.03.18-02.34.07:399][110]LogPlayLevel: PIE: Created PIE world by copying editor world from /Game/ThirdPersonCPP/Maps/GoBlock.GoBlock to /Game/ThirdPersonCPP/Maps/UEDPIE_0_GoBlock.GoBlock (0.006595s)
[2018.03.18-02.34.07:399][110]LogLoad: Game class is 'RunGamemode_C'
[2018.03.18-02.34.07:400][110]LogWorld: Bringing World /Game/ThirdPersonCPP/Maps/UEDPIE_0_GoBlock.GoBlock up for play (max tick rate 0) at 2018.03.17-21.34.07
[2018.03.18-02.34.07:400][110]LogWorld: Bringing up level for play took: 0.000526
[2018.03.18-02.34.07:418][110]LogLoad: Took 0.070446 seconds to LoadMap(/Game/ThirdPersonCPP/Maps/UEDPIE_0_GoBlock)
[2018.03.18-02.34.16:541][137]LogWindowsTextInputMethodSystem: Display: IME system now deactivated.
[2018.03.18-02.34.16:834][138]Cmd: QUIT_EDITOR
[2018.03.18-02.34.17:862][138]LogExit: Preparing to exit.
[2018.03.18-02.34.18:351][138]LogDirectoryWatcher: A directory notification for 'C:/Users/ldm0196/Desktop/Game2/GoBlock/Content/' was aborted.
[2018.03.18-02.34.18:373][138]LogExit: Editor shut down
[2018.03.18-02.34.18:380][138]LogExit: Transaction tracking system shut down
[2018.03.18-02.34.18:591][138]LogDirectoryWatcher: A directory notification for '../../../Engine/Content/' was aborted.
[2018.03.18-02.34.18:591][138]LogDirectoryWatcher: A directory notification for '../../../../../../Users/ldm0196/Desktop/Game2/GoBlock/Content/' was aborted.
[2018.03.18-02.34.18:591][138]LogDirectoryWatcher: A directory notification for '../../../Engine/Plugins/2D/Paper2D/Content/' was aborted.
[2018.03.18-02.34.18:591][138]LogDirectoryWatcher: A directory notification for '../../../Engine/Plugins/Media/MediaCompositing/Content/' was aborted.
[2018.03.18-02.34.18:591][138]LogDirectoryWatcher: A directory notification for '../../../Engine/Plugins/Runtime/AppleARKit/Content/' was aborted.
[2018.03.18-02.34.18:591][138]LogDirectoryWatcher: A directory notification for '../../../Engine/Plugins/Runtime/Oculus/OculusVR/Content/' was aborted.
[2018.03.18-02.34.18:591][138]LogDirectoryWatcher: A directory notification for '../../../Engine/Plugins/Runtime/Steam/SteamVR/Content/' was aborted.
[2018.03.18-02.34.18:664][138]LogExit: Object subsystem successfully closed.
[2018.03.18-02.34.18:699][138]LogD3D11RHI: Shutdown
[2018.03.18-02.34.18:699][138]LogD3D11RHI: CleanupD3DDevice
[2018.03.18-02.34.18:702][138]LogD3D11RHI: ~FD3D11DynamicRHI
[2018.03.18-02.34.18:756][138]LogModuleManager: Shutting down and abandoning module MovieSceneCapture (554)
[2018.03.18-02.34.18:756][138]LogModuleManager: Shutting down and abandoning module HierarchicalLODOutliner (552)
[2018.03.18-02.34.18:756][138]LogModuleManager: Shutting down and abandoning module ExternalImagePicker (550)
[2018.03.18-02.34.18:756][138]LogModuleManager: Shutting down and abandoning module DesktopPlatform (548)
[2018.03.18-02.34.18:756][138]LogModuleManager: Shutting down and abandoning module SceneOutliner (546)
[2018.03.18-02.34.18:757][138]LogModuleManager: Shutting down and abandoning module AddContentDialog (544)
[2018.03.18-02.34.18:757][138]LogDirectoryWatcher: A directory notification for 'C:/Program Files/Epic Games/UE_4.18/FeaturePacks/' was aborted.
[2018.03.18-02.34.18:758][138]LogModuleManager: Shutting down and abandoning module WidgetCarousel (543)
[2018.03.18-02.34.18:758][138]LogModuleManager: Shutting down and abandoning module EditorWidgets (540)
[2018.03.18-02.34.18:758][138]LogModuleManager: Shutting down and abandoning module CollectionManager (538)
[2018.03.18-02.34.18:758][138]LogDirectoryWatcher: A directory notification for 'C:/Users/ldm0196/Desktop/Game2/GoBlock/Content/Collections/' was aborted.
[2018.03.18-02.34.18:758][138]LogDirectoryWatcher: A directory notification for 'C:/Users/ldm0196/Desktop/Game2/GoBlock/Content/Developers/ldm0196/Collections/' was aborted.
[2018.03.18-02.34.18:758][138]LogDirectoryWatcher: A directory notification for 'C:/Users/ldm0196/Desktop/Game2/GoBlock/Saved/Collections/' was aborted.
[2018.03.18-02.34.18:758][138]LogModuleManager: Shutting down and abandoning module StatsViewer (536)
[2018.03.18-02.34.18:758][138]LogModuleManager: Shutting down and abandoning module FoliageEdit (534)
[2018.03.18-02.34.18:758][138]LogModuleManager: Shutting down and abandoning module LandscapeEditor (532)
[2018.03.18-02.34.18:758][138]LogModuleManager: Shutting down and abandoning module MeshPaintMode (530)
[2018.03.18-02.34.18:758][138]LogModuleManager: Shutting down and abandoning module SceneDepthPickerMode (528)
[2018.03.18-02.34.18:758][138]LogModuleManager: Shutting down and abandoning module ActorPickerMode (526)
[2018.03.18-02.34.18:758][138]LogModuleManager: Shutting down and abandoning module GeometryMode (524)
[2018.03.18-02.34.18:758][138]LogModuleManager: Shutting down and abandoning module TextureAlignMode (522)
[2018.03.18-02.34.18:758][138]LogModuleManager: Shutting down and abandoning module BspMode (520)
[2018.03.18-02.34.18:758][138]LogModuleManager: Shutting down and abandoning module PIEPreviewDeviceProfileSelector (518)
[2018.03.18-02.34.18:758][138]LogModuleManager: Shutting down and abandoning module HardwareSurvey (516)
[2018.03.18-02.34.18:758][138]LogModuleManager: Shutting down and abandoning module SequenceRecorderSections (514)
[2018.03.18-02.34.18:759][138]LogModuleManager: Shutting down and abandoning module AutomationWorker (512)
[2018.03.18-02.34.18:759][138]LogModuleManager: Shutting down and abandoning module MatineeToLevelSequence (510)
[2018.03.18-02.34.18:759][138]LogModuleManager: Shutting down and abandoning module LevelSequenceEditor (508)
[2018.03.18-02.34.18:759][138]LogModuleManager: Shutting down and abandoning module PlacementMode (507)
[2018.03.18-02.34.18:759][138]LogModuleManager: Shutting down and abandoning module WmfMediaFactory (504)
[2018.03.18-02.34.18:759][138]LogModuleManager: Shutting down and abandoning module WmfMediaEditor (502)
[2018.03.18-02.34.18:759][138]LogModuleManager: Shutting down and abandoning module OpenExrWrapper (500)
[2018.03.18-02.34.18:759][138]LogModuleManager: Shutting down and abandoning module ImgMediaFactory (498)
[2018.03.18-02.34.18:759][138]LogModuleManager: Shutting down and abandoning module ImgMediaEditor (496)
[2018.03.18-02.34.18:759][138]LogModuleManager: Shutting down and abandoning module AvfMediaFactory (494)
[2018.03.18-02.34.18:759][138]LogModuleManager: Shutting down and abandoning module AvfMediaEditor (492)
[2018.03.18-02.34.18:759][138]LogModuleManager: Shutting down and abandoning module AndroidMediaFactory (490)
[2018.03.18-02.34.18:759][138]LogModuleManager: Shutting down and abandoning module AndroidMediaEditor (488)
[2018.03.18-02.34.18:759][138]LogModuleManager: Shutting down and abandoning module CharacterAI (486)
[2018.03.18-02.34.18:759][138]LogModuleManager: Shutting down and abandoning module AudioCapture (484)
[2018.03.18-02.34.18:759][138]LogModuleManager: Shutting down and abandoning module SequenceRecorder (483)
[2018.03.18-02.34.18:759][138]LogModuleManager: Shutting down and abandoning module SmartSnapping (480)
[2018.03.18-02.34.18:759][138]LogModuleManager: Shutting down and abandoning module SessionServices (478)
[2018.03.18-02.34.18:759][138]LogModuleManager: Shutting down and abandoning module ViewportSnapping (476)
[2018.03.18-02.34.18:759][138]LogModuleManager: Shutting down and abandoning module ViewportInteraction (474)
[2018.03.18-02.34.18:759][138]LogModuleManager: Shutting down and abandoning module ClothPainter (472)
[2018.03.18-02.34.18:759][138]LogModuleManager: Shutting down and abandoning module SkeletalMeshEditor (471)
[2018.03.18-02.34.18:759][138]LogModuleManager: Shutting down and abandoning module LogVisualizer (468)
[2018.03.18-02.34.18:759][138]LogModuleManager: Shutting down and abandoning module IntroTutorials (466)
[2018.03.18-02.34.18:759][138]LogModuleManager: Shutting down and abandoning module GameProjectGeneration (465)
[2018.03.18-02.34.18:759][138]LogModuleManager: Shutting down and abandoning module IOSPlatformEditor (462)
[2018.03.18-02.34.18:759][138]LogModuleManager: Shutting down and abandoning module HTML5PlatformEditor (460)
[2018.03.18-02.34.18:759][138]LogModuleManager: Shutting down and abandoning module AndroidPlatformEditor (458)
[2018.03.18-02.34.18:759][138]LogModuleManager: Shutting down and abandoning module AndroidDeviceDetection (457)
[2018.03.18-02.34.18:838][138]LogModuleManager: Shutting down and abandoning module WindowsPlatformEditor (454)
[2018.03.18-02.34.18:838][138]LogModuleManager: Shutting down and abandoning module IOSRuntimeSettings (452)
[2018.03.18-02.34.18:838][138]LogModuleManager: Shutting down and abandoning module AndroidRuntimeSettings (450)
[2018.03.18-02.34.18:838][138]LogModuleManager: Shutting down and abandoning module InputBindingEditor (448)
[2018.03.18-02.34.18:838][138]LogModuleManager: Shutting down and abandoning module MergeActors (446)
[2018.03.18-02.34.18:838][138]LogModuleManager: Shutting down and abandoning module SizeMap (444)
[2018.03.18-02.34.18:838][138]LogModuleManager: Shutting down and abandoning module TreeMap (442)
[2018.03.18-02.34.18:838][138]LogModuleManager: Shutting down and abandoning module ReferenceViewer (440)
[2018.03.18-02.34.18:838][138]LogModuleManager: Shutting down and abandoning module LocalizationDashboard (438)
[2018.03.18-02.34.18:838][138]LogModuleManager: Shutting down and abandoning module LocalizationService (437)
[2018.03.18-02.34.18:838][138]LogModuleManager: Shutting down and abandoning module HardwareTargeting (434)
[2018.03.18-02.34.18:838][138]LogModuleManager: Shutting down and abandoning module DeviceProfileEditor (432)
[2018.03.18-02.34.18:838][138]LogModuleManager: Shutting down and abandoning module UndoHistory (430)
[2018.03.18-02.34.18:838][138]LogModuleManager: Shutting down and abandoning module XmlParser (428)
[2018.03.18-02.34.18:838][138]LogModuleManager: Shutting down and abandoning module Blutility (426)
[2018.03.18-02.34.18:839][138]LogModuleManager: Shutting down and abandoning module ProjectSettingsViewer (424)
[2018.03.18-02.34.18:839][138]LogModuleManager: Shutting down and abandoning module ProjectTargetPlatformEditor (423)
[2018.03.18-02.34.18:839][138]LogModuleManager: Shutting down and abandoning module EditorSettingsViewer (420)
[2018.03.18-02.34.18:839][138]LogModuleManager: Shutting down and abandoning module SettingsEditor (418)
[2018.03.18-02.34.18:839][138]LogModuleManager: Shutting down and abandoning module ProjectLauncher (416)
[2018.03.18-02.34.18:839][138]LogModuleManager: Shutting down and abandoning module SessionFrontend (414)
[2018.03.18-02.34.18:839][138]LogModuleManager: Shutting down and abandoning module ProfilerClient (412)
[2018.03.18-02.34.18:839][138]LogModuleManager: Shutting down and abandoning module DeviceManager (410)
[2018.03.18-02.34.18:840][138]LogModuleManager: Shutting down and abandoning module TargetDeviceServices (409)
[2018.03.18-02.34.18:906][138]LogModuleManager: Shutting down and abandoning module AutomationController (406)
[2018.03.18-02.34.18:906][138]LogModuleManager: Shutting down and abandoning module AutomationWindow (404)
[2018.03.18-02.34.18:906][138]LogModuleManager: Shutting down and abandoning module Layers (402)
[2018.03.18-02.34.18:906][138]LogModuleManager: Shutting down and abandoning module ComponentVisualizers (400)
[2018.03.18-02.34.18:906][138]LogModuleManager: Shutting down and abandoning module DetailCustomizations (398)
[2018.03.18-02.34.18:906][138]LogModuleManager: Shutting down and abandoning module PackagesDialog (396)
[2018.03.18-02.34.18:906][138]LogModuleManager: Shutting down and abandoning module Persona (394)
[2018.03.18-02.34.18:906][138]LogModuleManager: Shutting down and abandoning module AdvancedPreviewScene (393)
[2018.03.18-02.34.18:906][138]LogModuleManager: Shutting down and abandoning module AnimGraph (391)
[2018.03.18-02.34.18:906][138]LogModuleManager: Shutting down and abandoning module Kismet (388)
[2018.03.18-02.34.18:907][138]LogModuleManager: Shutting down and abandoning module ClassViewer (386)
[2018.03.18-02.34.18:907][138]LogModuleManager: Shutting down and abandoning module Toolbox (384)
[2018.03.18-02.34.18:908][138]LogModuleManager: Shutting down and abandoning module ModuleUI (382)
[2018.03.18-02.34.18:908][138]LogModuleManager: Shutting down and abandoning module MovieSceneTools (380)
[2018.03.18-02.34.18:908][138]LogModuleManager: Shutting down and abandoning module OutputLog (378)
[2018.03.18-02.34.18:908][138]LogModuleManager: Shutting down and abandoning module GammaUI (376)
[2018.03.18-02.34.18:908][138]LogModuleManager: Shutting down and abandoning module Documentation (374)
[2018.03.18-02.34.18:908][138]LogModuleManager: Shutting down and abandoning module MovieSceneTracks (372)
[2018.03.18-02.34.18:908][138]LogModuleManager: Shutting down and abandoning module MovieScene (370)
[2018.03.18-02.34.18:908][138]LogModuleManager: Shutting down and abandoning module StreamingPauseRendering (368)
[2018.03.18-02.34.18:908][138]LogModuleManager: Shutting down and abandoning module LauncherPlatform (366)
[2018.03.18-02.34.18:908][138]LogModuleManager: Shutting down and abandoning module AnalyticsET (364)
[2018.03.18-02.34.18:908][138]LogModuleManager: Shutting down and abandoning module PortalServices (362)
[2018.03.18-02.34.18:908][138]LogModuleManager: Shutting down and abandoning module PortalRpc (360)
[2018.03.18-02.34.18:908][138]LogModuleManager: Shutting down and abandoning module MessagingRpc (358)
[2018.03.18-02.34.18:908][138]LogModuleManager: Shutting down and abandoning module AIModule (356)
[2018.03.18-02.34.18:908][138]LogModuleManager: Shutting down and abandoning module GameplayDebugger (355)
[2018.03.18-02.34.18:908][138]LogModuleManager: Shutting down and abandoning module AITestSuite (353)
[2018.03.18-02.34.18:908][138]LogModuleManager: Shutting down and abandoning module ProfilerService (350)
[2018.03.18-02.34.19:094][138]LogModuleManager: Shutting down and abandoning module TaskGraph (348)
[2018.03.18-02.34.19:094][138]LogModuleManager: Shutting down and abandoning module SteamVRController (346)
[2018.03.18-02.34.19:094][138]LogModuleManager: Shutting down and abandoning module ProceduralMeshComponentEditor (344)
[2018.03.18-02.34.19:094][138]LogModuleManager: Shutting down and abandoning module ProceduralMeshComponent (342)
[2018.03.18-02.34.19:094][138]LogModuleManager: Shutting down and abandoning module OculusInput (340)
[2018.03.18-02.34.19:094][138]LogModuleManager: Shutting down and abandoning module MobilePatchingUtils (338)
[2018.03.18-02.34.19:094][138]LogModuleManager: Shutting down and abandoning module CustomMeshComponent (336)
[2018.03.18-02.34.19:094][138]LogModuleManager: Shutting down and abandoning module CableComponent (334)
[2018.03.18-02.34.19:094][138]LogModuleManager: Shutting down and abandoning module ArchVisCharacter (332)
[2018.03.18-02.34.19:094][138]LogModuleManager: Shutting down and abandoning module AndroidPermission (330)
[2018.03.18-02.34.19:094][138]LogModuleManager: Shutting down and abandoning module ActorSequence (326)
[2018.03.18-02.34.19:094][138]LogModuleManager: Shutting down and abandoning module MediaPlayerEditor (324)
[2018.03.18-02.34.19:094][138]LogModuleManager: Shutting down and abandoning module MediaCompositingEditor (322)
[2018.03.18-02.34.19:094][138]LogModuleManager: Shutting down and abandoning module MediaCompositing (320)
[2018.03.18-02.34.19:095][138]LogModuleManager: Shutting down and abandoning module HTML5Networking (318)
[2018.03.18-02.34.19:095][138]LogModuleManager: Shutting down and abandoning module AlembicImporter (316)
[2018.03.18-02.34.19:095][138]LogModuleManager: Shutting down and abandoning module AlembicLibrary (315)
[2018.03.18-02.34.19:095][138]LogModuleManager: Shutting down and abandoning module GeometryCache (314)
[2018.03.18-02.34.19:095][138]LogModuleManager: Shutting down and abandoning module GeometryCacheEd (313)
[2018.03.18-02.34.19:095][138]LogModuleManager: Shutting down and abandoning module SpeedTreeImporter (308)
[2018.03.18-02.34.19:095][138]LogModuleManager: Shutting down and abandoning module PluginBrowser (306)
[2018.03.18-02.34.19:095][138]LogModuleManager: Shutting down and abandoning module MobileLauncherProfileWizard (304)
[2018.03.18-02.34.19:095][138]LogModuleManager: Shutting down and abandoning module VisualStudioSourceCodeAccess (302)
[2018.03.18-02.34.19:095][138]LogModuleManager: Shutting down and abandoning module VisualStudioCodeSourceCodeAccess (300)
[2018.03.18-02.34.19:095][138]LogModuleManager: Shutting down and abandoning module UObjectPlugin (298)
[2018.03.18-02.34.19:095][138]LogModuleManager: Shutting down and abandoning module SubversionSourceControl (296)
[2018.03.18-02.34.19:095][138]LogModuleManager: Shutting down and abandoning module PerforceSourceControl (294)
[2018.03.18-02.34.19:095][138]LogModuleManager: Shutting down and abandoning module GitSourceControl (292)
[2018.03.18-02.34.19:103][138]LogModuleManager: Shutting down and abandoning module SourceControl (291)
[2018.03.18-02.34.19:103][138]LogModuleManager: Shutting down and abandoning module LightPropagationVolumeEditor (288)
[2018.03.18-02.34.19:103][138]LogModuleManager: Shutting down and abandoning module PaperTiledImporter (286)
[2018.03.18-02.34.19:103][138]LogModuleManager: Shutting down and abandoning module PaperSpriteSheetImporter (284)
[2018.03.18-02.34.19:104][138]LogModuleManager: Shutting down and abandoning module Paper2DEditor (282)
[2018.03.18-02.34.19:104][138]LogModuleManager: Shutting down and abandoning module MeshPaint (281)
[2018.03.18-02.34.19:104][138]LogModuleManager: Shutting down and abandoning module LevelEditor (279)
[2018.03.18-02.34.19:105][138]LogModuleManager: Shutting down and abandoning module PixelInspectorModule (278)
[2018.03.18-02.34.19:105][138]LogModuleManager: Shutting down and abandoning module MainFrame (276)
[2018.03.18-02.34.19:105][138]LogModuleManager: Shutting down and abandoning module HotReload (275)
[2018.03.18-02.34.19:105][138]LogDirectoryWatcher: A directory notification for 'C:/Users/ldm0196/Desktop/Game2/GoBlock/Binaries/Win64' was aborted.
[2018.03.18-02.34.19:106][138]LogModuleManager: Shutting down and abandoning module GoBlock (270)
[2018.03.18-02.34.19:106][138]LogModuleManager: Shutting down and abandoning module RuntimePhysXCooking (268)
[2018.03.18-02.34.19:107][138]LogModuleManager: Shutting down and abandoning module PhysXVehiclesEditor (266)
[2018.03.18-02.34.19:107][138]LogModuleManager: Shutting down and abandoning module PhysXVehicles (264)
[2018.03.18-02.34.19:107][138]LogModuleManager: Shutting down and abandoning module OculusEditor (262)
[2018.03.18-02.34.19:107][138]LogModuleManager: Shutting down and abandoning module LocationServicesBPLibrary (260)
[2018.03.18-02.34.19:107][138]LogModuleManager: Shutting down and abandoning module ImmediatePhysicsEditor (258)
[2018.03.18-02.34.19:107][138]LogModuleManager: Shutting down and abandoning module ImmediatePhysics (256)
[2018.03.18-02.34.19:107][138]LogModuleManager: Shutting down and abandoning module UdpMessaging (254)
[2018.03.18-02.34.19:208][138]LogModuleManager: Shutting down and abandoning module TcpMessaging (252)
[2018.03.18-02.34.19:308][138]LogModuleManager: Shutting down and abandoning module GameplayTagsEditor (250)
[2018.03.18-02.34.19:308][138]LogModuleManager: Shutting down and abandoning module FacialAnimationEditor (248)
[2018.03.18-02.34.19:308][138]LogModuleManager: Shutting down and abandoning module FacialAnimation (246)
[2018.03.18-02.34.19:308][138]LogModuleManager: Shutting down and abandoning module AssetManagerEditor (244)
[2018.03.18-02.34.19:308][138]LogModuleManager: Shutting down and abandoning module GraphEditor (243)
[2018.03.18-02.34.19:308][138]LogModuleManager: Shutting down and abandoning module ContentBrowser (241)
[2018.03.18-02.34.19:310][138]LogModuleManager: Shutting down and abandoning module LightPropagationVolumeRuntime (238)
[2018.03.18-02.34.19:310][138]LogModuleManager: Shutting down and abandoning module Paper2D (236)
[2018.03.18-02.34.19:310][138]LogModuleManager: Shutting down and abandoning module WindowsMoviePlayer (234)
[2018.03.18-02.34.19:310][138]LogModuleManager: Shutting down and abandoning module WmfMedia (232)
[2018.03.18-02.34.19:315][138]LogModuleManager: Shutting down and abandoning module ImgMedia (230)
[2018.03.18-02.34.19:315][138]LogModuleManager: Shutting down and abandoning module PacketHandler (228)
[2018.03.18-02.34.19:315][138]LogModuleManager: Shutting down and abandoning module ClothingSystemEditor (226)
[2018.03.18-02.34.19:315][138]LogModuleManager: Shutting down and abandoning module ClothingSystemRuntime (224)
[2018.03.18-02.34.19:315][138]LogModuleManager: Shutting down and abandoning module MediaAssets (222)
[2018.03.18-02.34.19:315][138]LogModuleManager: Shutting down and abandoning module Media (221)
[2018.03.18-02.34.19:322][138]LogModuleManager: Shutting down and abandoning module Overlay (218)
[2018.03.18-02.34.19:322][138]LogModuleManager: Shutting down and abandoning module OverlayEditor (217)
[2018.03.18-02.34.19:322][138]LogModuleManager: Shutting down and abandoning module VREditor (214)
[2018.03.18-02.34.19:322][138]LogModuleManager: Shutting down and abandoning module StringTableEditor (212)
[2018.03.18-02.34.19:322][138]LogModuleManager: Shutting down and abandoning module GameplayTasksEditor (210)
[2018.03.18-02.34.19:322][138]LogModuleManager: Shutting down and abandoning module BehaviorTreeEditor (208)
[2018.03.18-02.34.19:322][138]LogModuleManager: Shutting down and abandoning module FunctionalTesting (206)
[2018.03.18-02.34.19:322][138]LogModuleManager: Shutting down and abandoning module CollisionAnalyzer (204)
[2018.03.18-02.34.19:322][138]LogModuleManager: Shutting down and abandoning module WorkspaceMenuStructure (203)
[2018.03.18-02.34.19:322][138]LogModuleManager: Shutting down and abandoning module UMG (200)
[2018.03.18-02.34.19:322][138]LogModuleManager: Shutting down and abandoning module UMGEditor (199)
[2018.03.18-02.34.19:323][138]LogModuleManager: Shutting down and abandoning module Sequencer (198)
[2018.03.18-02.34.19:323][138]LogModuleManager: Shutting down and abandoning module MessageLog (195)
[2018.03.18-02.34.19:323][138]LogModuleManager: Shutting down and abandoning module SlateReflector (190)
[2018.03.18-02.34.19:323][138]LogModuleManager: Shutting down and abandoning module Slate (188)
[2018.03.18-02.34.19:323][138]LogModuleManager: Shutting down and abandoning module EditorStyle (186)
[2018.03.18-02.34.19:328][138]LogModuleManager: Shutting down and abandoning module MRMesh (184)
[2018.03.18-02.34.19:328][138]LogModuleManager: Shutting down and abandoning module SourceCodeAccess (182)
[2018.03.18-02.34.19:328][138]LogModuleManager: Shutting down and abandoning module HeadMountedDisplay (180)
[2018.03.18-02.34.19:328][138]LogModuleManager: Shutting down and abandoning module XAudio2 (178)
[2018.03.18-02.34.19:328][138]LogModuleManager: Shutting down and abandoning module Networking (176)
[2018.03.18-02.34.19:328][138]LogModuleManager: Shutting down and abandoning module Core (172)
[2018.03.18-02.34.19:328][138]LogModuleManager: Shutting down and abandoning module LevelSequence (168)
[2018.03.18-02.34.19:328][138]LogModuleManager: Shutting down and abandoning module DirectoryWatcher (166)
[2018.03.18-02.34.19:329][138]LogModuleManager: Shutting down and abandoning module KismetCompiler (164)
[2018.03.18-02.34.19:329][138]LogModuleManager: Shutting down and abandoning module MeshUtilities (162)
[2018.03.18-02.34.19:329][138]LogModuleManager: Shutting down and abandoning module MeshMergeUtilities (161)
[2018.03.18-02.34.19:329][138]LogModuleManager: Shutting down and abandoning module MeshReductionInterface (160)
[2018.03.18-02.34.19:329][138]LogModuleManager: Shutting down and abandoning module SimplygonSwarm (159)
[2018.03.18-02.34.19:329][138]LogModuleManager: Shutting down and abandoning module SimplygonMeshReduction (157)
[2018.03.18-02.34.19:329][138]LogModuleManager: Shutting down and abandoning module QuadricMeshReduction (155)
[2018.03.18-02.34.19:329][138]LogModuleManager: Shutting down and abandoning module MaterialBaking (151)
[2018.03.18-02.34.19:329][138]LogModuleManager: Shutting down and abandoning module DerivedDataCache (148)
[2018.03.18-02.34.19:430][138]LogDerivedDataCache: Shutdown
[2018.03.18-02.34.19:430][138]LogModuleManager: Shutting down and abandoning module TargetPlatform (146)
[2018.03.18-02.34.19:430][138]LogModuleManager: Shutting down and abandoning module VulkanShaderFormat (145)
[2018.03.18-02.34.19:430][138]LogModuleManager: Shutting down and abandoning module ShaderFormatVectorVM (143)
[2018.03.18-02.34.19:441][138]LogModuleManager: Shutting down and abandoning module ShaderFormatOpenGL (141)
[2018.03.18-02.34.19:441][138]LogModuleManager: Shutting down and abandoning module ShaderFormatD3D (139)
[2018.03.18-02.34.19:441][138]LogModuleManager: Shutting down and abandoning module MetalShaderFormat (137)
[2018.03.18-02.34.19:441][138]LogModuleManager: Shutting down and abandoning module TextureFormatUncompressed (135)
[2018.03.18-02.34.19:441][138]LogModuleManager: Shutting down and abandoning module TextureFormatPVR (133)
[2018.03.18-02.34.19:441][138]LogModuleManager: Shutting down and abandoning module TextureFormatDXT (131)
[2018.03.18-02.34.19:441][138]LogModuleManager: Shutting down and abandoning module TextureFormatIntelISPCTexComp (129)
[2018.03.18-02.34.19:441][138]LogModuleManager: Shutting down and abandoning module TextureFormatASTC (127)
[2018.03.18-02.34.19:442][138]LogModuleManager: Shutting down and abandoning module ImageWrapper (126)
[2018.03.18-02.34.19:442][138]LogModuleManager: Shutting down and abandoning module TextureFormatAndroid (123)
[2018.03.18-02.34.19:442][138]LogModuleManager: Shutting down and abandoning module AudioFormatOpus (121)
[2018.03.18-02.34.19:442][138]LogModuleManager: Shutting down and abandoning module AudioFormatOgg (119)
[2018.03.18-02.34.19:442][138]LogModuleManager: Shutting down and abandoning module AudioFormatADPCM (117)
[2018.03.18-02.34.19:442][138]LogModuleManager: Shutting down and abandoning module LinuxTargetPlatform (115)
[2018.03.18-02.34.19:442][138]LogModuleManager: Shutting down and abandoning module LinuxServerTargetPlatform (113)
[2018.03.18-02.34.19:442][138]LogModuleManager: Shutting down and abandoning module LinuxNoEditorTargetPlatform (111)
[2018.03.18-02.34.19:442][138]LogModuleManager: Shutting down and abandoning module LinuxClientTargetPlatform (109)
[2018.03.18-02.34.19:442][138]LogModuleManager: Shutting down and abandoning module TVOSTargetPlatform (107)
[2018.03.18-02.34.19:442][138]LogModuleManager: Shutting down and abandoning module Messaging (105)
[2018.03.18-02.34.19:442][138]LogModuleManager: Shutting down and abandoning module IOSTargetPlatform (103)
[2018.03.18-02.34.19:442][138]LogModuleManager: Shutting down and abandoning module HTML5TargetPlatform (101)
[2018.03.18-02.34.19:442][138]LogModuleManager: Shutting down and abandoning module AndroidTargetPlatform (99)
[2018.03.18-02.34.19:442][138]LogModuleManager: Shutting down and abandoning module Android_PVRTCTargetPlatform (97)
[2018.03.18-02.34.19:442][138]LogModuleManager: Shutting down and abandoning module Android_MultiTargetPlatform (95)
[2018.03.18-02.34.19:442][138]LogModuleManager: Shutting down and abandoning module Android_ETC2TargetPlatform (93)
[2018.03.18-02.34.19:442][138]LogModuleManager: Shutting down and abandoning module Android_ETC1TargetPlatform (91)
[2018.03.18-02.34.19:442][138]LogModuleManager: Shutting down and abandoning module Android_DXTTargetPlatform (89)
[2018.03.18-02.34.19:442][138]LogModuleManager: Shutting down and abandoning module Android_ATCTargetPlatform (87)
[2018.03.18-02.34.19:442][138]LogModuleManager: Shutting down and abandoning module Android_ASTCTargetPlatform (85)
[2018.03.18-02.34.19:442][138]LogModuleManager: Shutting down and abandoning module WindowsTargetPlatform (83)
[2018.03.18-02.34.19:442][138]LogModuleManager: Shutting down and abandoning module WindowsServerTargetPlatform (81)
[2018.03.18-02.34.19:442][138]LogModuleManager: Shutting down and abandoning module WindowsNoEditorTargetPlatform (79)
[2018.03.18-02.34.19:442][138]LogModuleManager: Shutting down and abandoning module WindowsClientTargetPlatform (77)
[2018.03.18-02.34.19:443][138]LogModuleManager: Shutting down and abandoning module MacTargetPlatform (75)
[2018.03.18-02.34.19:443][138]LogModuleManager: Shutting down and abandoning module MacServerTargetPlatform (73)
[2018.03.18-02.34.19:443][138]LogModuleManager: Shutting down and abandoning module MacNoEditorTargetPlatform (71)
[2018.03.18-02.34.19:443][138]LogModuleManager: Shutting down and abandoning module MacClientTargetPlatform (69)
[2018.03.18-02.34.19:443][138]LogModuleManager: Shutting down and abandoning module AllDesktopTargetPlatform (67)
[2018.03.18-02.34.19:443][138]LogModuleManager: Shutting down and abandoning module InputCore (64)
[2018.03.18-02.34.19:443][138]LogModuleManager: Shutting down and abandoning module Settings (62)
[2018.03.18-02.34.19:443][138]LogModuleManager: Shutting down and abandoning module PhysXCooking (60)
[2018.03.18-02.34.19:443][138]LogModuleManager: Shutting down and abandoning module SteamVR (58)
[2018.03.18-02.34.19:443][138]LogModuleManager: Shutting down and abandoning module OculusHMD (56)
[2018.03.18-02.34.19:443][138]LogModuleManager: Shutting down and abandoning module ExampleDeviceProfileSelector (54)
[2018.03.18-02.34.19:443][138]LogModuleManager: Shutting down and abandoning module AppleARKit (52)
[2018.03.18-02.34.19:443][138]LogModuleManager: Shutting down and abandoning module AugmentedReality (51)
[2018.03.18-02.34.19:443][138]LogModuleManager: Shutting down and abandoning module OnlineBlueprintSupport (48)
[2018.03.18-02.34.19:443][138]LogModuleManager: Shutting down and abandoning module OnlineSubsystem (44)
[2018.03.18-02.34.19:447][138]LogModuleManager: Shutting down and abandoning module XMPP (43)
[2018.03.18-02.34.19:447][138]LogModuleManager: Shutting down and abandoning module HTTP (41)
[2018.03.18-02.34.19:448][138]LogHttp: Display: Http module shutting down, but needs to wait on 1 outstanding Http requests:
[2018.03.18-02.34.19:448][138]LogHttp: Display: 	verb=[POST] url=[https://datarouter.ol.epicgames.com/datarouter/api/v1/public/data?SessionID=%7B71620C68-4537-FB42-4CEA-2DB51FD224C5%7D&AppID=UEEditor.Rocket.Release&AppVersion=4.18.3-3832480%2B%2B%2BUE4%2BRelease-4.18&UserID=883838334487d0bd18224787d8437208%7Ca0896903123b474381968499ccac7e07%7C03baaca5-b596-4147-b286-fb4881750767&AppEnvironment=datacollector-binary&UploadType=eteventstream] status=Processing
[2018.03.18-02.34.19:468][138]LogModuleManager: Shutting down and abandoning module SSL (40)
[2018.03.18-02.34.19:470][138]LogModuleManager: Shutting down and abandoning module AnimationModifiers (36)
[2018.03.18-02.34.19:470][138]LogModuleManager: Shutting down and abandoning module PropertyEditor (35)
[2018.03.18-02.34.19:470][138]LogModuleManager: Shutting down and abandoning module AudioEditor (32)
[2018.03.18-02.34.19:470][138]LogModuleManager: Shutting down and abandoning module TextureCompressor (30)
[2018.03.18-02.34.19:470][138]LogModuleManager: Shutting down and abandoning module ShaderCore (28)
[2018.03.18-02.34.19:470][138]LogModuleManager: Shutting down and abandoning module Landscape (26)
[2018.03.18-02.34.19:470][138]LogModuleManager: Shutting down and abandoning module SlateRHIRenderer (24)
[2018.03.18-02.34.19:473][138]LogModuleManager: Shutting down and abandoning module OpenGLDrv (22)
[2018.03.18-02.34.19:473][138]LogModuleManager: Shutting down and abandoning module D3D11RHI (20)
[2018.03.18-02.34.19:473][138]LogModuleManager: Shutting down and abandoning module AnimGraphRuntime (18)
[2018.03.18-02.34.19:473][138]LogModuleManager: Shutting down and abandoning module Renderer (16)
[2018.03.18-02.34.19:473][138]LogModuleManager: Shutting down and abandoning module Engine (14)
[2018.03.18-02.34.19:473][138]LogModuleManager: Shutting down and abandoning module CoreUObject (12)
[2018.03.18-02.34.19:473][138]LogModuleManager: Shutting down and abandoning module NetworkFile (10)
[2018.03.18-02.34.19:473][138]LogModuleManager: Shutting down and abandoning module CookedIterativeFile (8)
[2018.03.18-02.34.19:473][138]LogModuleManager: Shutting down and abandoning module StreamingFile (6)
[2018.03.18-02.34.19:473][138]LogModuleManager: Shutting down and abandoning module SandboxFile (4)
[2018.03.18-02.34.19:473][138]LogModuleManager: Shutting down and abandoning module PakFile (2)
[2018.03.18-02.34.19:487][138]LogExit: Exiting.
[2018.03.18-02.34.19:525][138]Log file closed, 03/17/18 21:34:19
