Log file open, 03/17/18 23:15:28
LogWindows: Failed to load 'aqProf.dll' (GetLastError=126)
LogWindows: File 'aqProf.dll' does not exist
LogWindows: Failed to load 'VSPerf140.dll' (GetLastError=126)
LogWindows: File 'VSPerf140.dll' does not exist
LogWindows: Failed to load 'VtuneApi.dll' (GetLastError=126)
LogWindows: File 'VtuneApi.dll' does not exist
LogWindows: Failed to load 'VtuneApi32e.dll' (GetLastError=126)
LogWindows: File 'VtuneApi32e.dll' does not exist
LogInit: Display: Running engine for game: GoBlock
LogPlatformFile: Not using cached read wrapper
LogInit: Display: RandInit(1304896358) SRandInit(1304896359).
LogInit: Read version file with build ID '3709383'
LogInit: Overriding engine version to CL 3832480, compatible CL 3709383
LogInit: Registered custom module enumerator with build ID '3709383'
LogTaskGraph: Started task graph with 5 named threads and 26 total threads with 3 sets of task threads.
LogStats: Stats thread started at 0.357577
LogD3D11RHI: Aftermath initialized
LogPluginManager: Mounting plugin Paper2D
LogPluginManager: Mounting plugin LightPropagationVolume
LogPluginManager: Mounting plugin CodeLiteSourceCodeAccess
LogPluginManager: Mounting plugin GitSourceControl
LogPluginManager: Mounting plugin KDevelopSourceCodeAccess
LogPluginManager: Mounting plugin NullSourceCodeAccess
LogPluginManager: Mounting plugin PerforceSourceControl
LogPluginManager: Mounting plugin SubversionSourceControl
LogPluginManager: Mounting plugin UObjectPlugin
LogPluginManager: Mounting plugin VisualStudioCodeSourceCodeAccess
LogPluginManager: Mounting plugin VisualStudioSourceCodeAccess
LogPluginManager: Mounting plugin XCodeSourceCodeAccess
LogPluginManager: Mounting plugin AssetManagerEditor
LogPluginManager: Mounting plugin AudioCapture
LogPluginManager: Mounting plugin FacialAnimation
LogPluginManager: Mounting plugin GameplayTagsEditor
LogPluginManager: Mounting plugin MobileLauncherProfileWizard
LogPluginManager: Mounting plugin PluginBrowser
LogPluginManager: Mounting plugin SpeedTreeImporter
LogPluginManager: Mounting plugin AlembicImporter
LogPluginManager: Mounting plugin CharacterAI
LogPluginManager: Mounting plugin HTML5Networking
LogPluginManager: Mounting plugin AndroidMedia
LogPluginManager: Mounting plugin AvfMedia
LogPluginManager: Mounting plugin ImgMedia
LogPluginManager: Mounting plugin MediaCompositing
LogPluginManager: Mounting plugin MediaPlayerEditor
LogPluginManager: Mounting plugin WmfMedia
LogPluginManager: Mounting plugin TcpMessaging
LogPluginManager: Mounting plugin UdpMessaging
LogPluginManager: Mounting plugin ActorSequence
LogPluginManager: Mounting plugin LevelSequenceEditor
LogPluginManager: Mounting plugin MatineeToLevelSequence
LogPluginManager: Mounting plugin OnlineSubsystemGooglePlay
LogPluginManager: Mounting plugin OnlineSubsystemIOS
LogPluginManager: Mounting plugin OnlineSubsystem
LogPluginManager: Mounting plugin OnlineSubsystemNull
LogPluginManager: Mounting plugin OnlineSubsystemUtils
LogPluginManager: Mounting plugin AndroidDeviceProfileSelector
LogPluginManager: Mounting plugin AndroidMoviePlayer
LogPluginManager: Mounting plugin AndroidPermission
LogPluginManager: Mounting plugin AppleARKit
LogPluginManager: Mounting plugin AppleMoviePlayer
LogPluginManager: Mounting plugin ArchVisCharacter
LogPluginManager: Mounting plugin CableComponent
LogPluginManager: Mounting plugin CustomMeshComponent
LogPluginManager: Mounting plugin ExampleDeviceProfileSelector
LogPluginManager: Mounting plugin GoogleCloudMessaging
LogPluginManager: Mounting plugin ImmediatePhysics
LogPluginManager: Mounting plugin IOSDeviceProfileSelector
LogPluginManager: Mounting plugin LinuxDeviceProfileSelector
LogPluginManager: Mounting plugin LocationServicesBPLibrary
LogPluginManager: Mounting plugin MobilePatchingUtils
LogPluginManager: Mounting plugin OculusVR
LogPluginManager: Plugin shader directory ../../../Engine/Plugins/Runtime/Oculus/OculusVR/Shaders found
LogPluginManager: Mapping shader source directory ../../../Engine/Plugins/Runtime/Oculus/OculusVR/Shaders to virtual directory /Plugin/OculusVR
LogPluginManager: Mounting plugin PhysXVehicles
LogPluginManager: Mounting plugin ProceduralMeshComponent
LogPluginManager: Mounting plugin RuntimePhysXCooking
LogPluginManager: Mounting plugin SteamVR
LogPluginManager: Mounting plugin WindowsMoviePlayer
LogModuleManager: Display: Found up-to-date module file ../../../../../../Users/ldm0196/Desktop/bleh/Gameprogramming2/GoBlock/Binaries/Win64/UE4Editor-GoBlock.dll (API version 3709383).
LogModuleManager: Display: Found up-to-date module file ../../../Engine/Plugins/2D/Paper2D/Binaries/Win64/UE4Editor-Paper2D.dll (API version 3709383).
LogModuleManager: Display: Found up-to-date module file ../../../Engine/Plugins/2D/Paper2D/Binaries/Win64/UE4Editor-Paper2DEditor.dll (API version 3709383).
LogModuleManager: Display: Found up-to-date module file ../../../Engine/Plugins/2D/Paper2D/Binaries/Win64/UE4Editor-PaperSpriteSheetImporter.dll (API version 3709383).
LogModuleManager: Display: Found up-to-date module file ../../../Engine/Plugins/2D/Paper2D/Binaries/Win64/UE4Editor-PaperTiledImporter.dll (API version 3709383).
LogModuleManager: Display: Found up-to-date module file ../../../Engine/Plugins/2D/Paper2D/Binaries/Win64/UE4Editor-SmartSnapping.dll (API version 3709383).
LogModuleManager: Display: Found up-to-date module file ../../../Engine/Plugins/Blendables/LightPropagationVolume/Binaries/Win64/UE4Editor-LightPropagationVolumeRuntime.dll (API version 3709383).
LogModuleManager: Display: Found up-to-date module file ../../../Engine/Plugins/Blendables/LightPropagationVolume/Binaries/Win64/UE4Editor-LightPropagationVolumeEditor.dll (API version 3709383).
LogModuleManager: Display: Found up-to-date module file ../../../Engine/Plugins/Developer/GitSourceControl/Binaries/Win64/UE4Editor-GitSourceControl.dll (API version 3709383).
LogModuleManager: Display: Found up-to-date module file ../../../Engine/Plugins/Developer/PerforceSourceControl/Binaries/Win64/UE4Editor-PerforceSourceControl.dll (API version 3709383).
LogModuleManager: Display: Found up-to-date module file ../../../Engine/Plugins/Developer/SubversionSourceControl/Binaries/Win64/UE4Editor-SubversionSourceControl.dll (API version 3709383).
LogModuleManager: Display: Found up-to-date module file ../../../Engine/Plugins/Developer/UObjectPlugin/Binaries/Win64/UE4Editor-UObjectPlugin.dll (API version 3709383).
LogModuleManager: Display: Found up-to-date module file ../../../Engine/Plugins/Developer/VisualStudioCodeSourceCodeAccess/Binaries/Win64/UE4Editor-VisualStudioCodeSourceCodeAccess.dll (API version 3709383).
LogModuleManager: Display: Found up-to-date module file ../../../Engine/Plugins/Developer/VisualStudioSourceCodeAccess/Binaries/Win64/UE4Editor-VisualStudioSourceCodeAccess.dll (API version 3709383).
LogModuleManager: Display: Found up-to-date module file ../../../Engine/Plugins/Editor/AssetManagerEditor/Binaries/Win64/UE4Editor-AssetManagerEditor.dll (API version 3709383).
LogModuleManager: Display: Found up-to-date module file ../../../Engine/Plugins/Editor/AudioCapture/Binaries/Win64/UE4Editor-AudioCapture.dll (API version 3709383).
LogModuleManager: Display: Found up-to-date module file ../../../Engine/Plugins/Editor/FacialAnimation/Binaries/Win64/UE4Editor-FacialAnimation.dll (API version 3709383).
LogModuleManager: Display: Found up-to-date module file ../../../Engine/Plugins/Editor/FacialAnimation/Binaries/Win64/UE4Editor-FacialAnimationEditor.dll (API version 3709383).
LogModuleManager: Display: Found up-to-date module file ../../../Engine/Plugins/Editor/GameplayTagsEditor/Binaries/Win64/UE4Editor-GameplayTagsEditor.dll (API version 3709383).
LogModuleManager: Display: Found up-to-date module file ../../../Engine/Plugins/Editor/MobileLauncherProfileWizard/Binaries/Win64/UE4Editor-MobileLauncherProfileWizard.dll (API version 3709383).
LogModuleManager: Display: Found up-to-date module file ../../../Engine/Plugins/Editor/PluginBrowser/Binaries/Win64/UE4Editor-PluginBrowser.dll (API version 3709383).
LogModuleManager: Display: Found up-to-date module file ../../../Engine/Plugins/Editor/SpeedTreeImporter/Binaries/Win64/UE4Editor-SpeedTreeImporter.dll (API version 3709383).
LogModuleManager: Display: Found up-to-date module file ../../../Engine/Plugins/Experimental/AlembicImporter/Binaries/Win64/UE4Editor-AlembicImporter.dll (API version 3709383).
LogModuleManager: Display: Found up-to-date module file ../../../Engine/Plugins/Experimental/AlembicImporter/Binaries/Win64/UE4Editor-AlembicLibrary.dll (API version 3709383).
LogModuleManager: Display: Found up-to-date module file ../../../Engine/Plugins/Experimental/CharacterAI/Binaries/Win64/UE4Editor-CharacterAI.dll (API version 3709383).
LogModuleManager: Display: Found up-to-date module file ../../../Engine/Plugins/Experimental/HTML5Networking/Binaries/Win64/UE4Editor-HTML5Networking.dll (API version 3709383).
LogModuleManager: Display: Found up-to-date module file ../../../Engine/Plugins/Media/AndroidMedia/Binaries/Win64/UE4Editor-AndroidMediaEditor.dll (API version 3709383).
LogModuleManager: Display: Found up-to-date module file ../../../Engine/Plugins/Media/AndroidMedia/Binaries/Win64/UE4Editor-AndroidMediaFactory.dll (API version 3709383).
LogModuleManager: Display: Found up-to-date module file ../../../Engine/Plugins/Media/AvfMedia/Binaries/Win64/UE4Editor-AvfMediaEditor.dll (API version 3709383).
LogModuleManager: Display: Found up-to-date module file ../../../Engine/Plugins/Media/AvfMedia/Binaries/Win64/UE4Editor-AvfMediaFactory.dll (API version 3709383).
LogModuleManager: Display: Found up-to-date module file ../../../Engine/Plugins/Media/AvfMedia/Binaries/Win64/UE4Editor-AvfMediaFactory.dll (API version 3709383).
LogModuleManager: Display: Found up-to-date module file ../../../Engine/Plugins/Media/ImgMedia/Binaries/Win64/UE4Editor-ImgMedia.dll (API version 3709383).
LogModuleManager: Display: Found up-to-date module file ../../../Engine/Plugins/Media/ImgMedia/Binaries/Win64/UE4Editor-ImgMediaEditor.dll (API version 3709383).
LogModuleManager: Display: Found up-to-date module file ../../../Engine/Plugins/Media/ImgMedia/Binaries/Win64/UE4Editor-ImgMediaFactory.dll (API version 3709383).
LogModuleManager: Display: Found up-to-date module file ../../../Engine/Plugins/Media/ImgMedia/Binaries/Win64/UE4Editor-ImgMediaFactory.dll (API version 3709383).
LogModuleManager: Display: Found up-to-date module file ../../../Engine/Plugins/Media/ImgMedia/Binaries/Win64/UE4Editor-OpenExrWrapper.dll (API version 3709383).
LogModuleManager: Display: Found up-to-date module file ../../../Engine/Plugins/Media/MediaCompositing/Binaries/Win64/UE4Editor-MediaCompositing.dll (API version 3709383).
LogModuleManager: Display: Found up-to-date module file ../../../Engine/Plugins/Media/MediaCompositing/Binaries/Win64/UE4Editor-MediaCompositingEditor.dll (API version 3709383).
LogModuleManager: Display: Found up-to-date module file ../../../Engine/Plugins/Media/MediaPlayerEditor/Binaries/Win64/UE4Editor-MediaPlayerEditor.dll (API version 3709383).
LogModuleManager: Display: Found up-to-date module file ../../../Engine/Plugins/Media/WmfMedia/Binaries/Win64/UE4Editor-WmfMedia.dll (API version 3709383).
LogModuleManager: Display: Found up-to-date module file ../../../Engine/Plugins/Media/WmfMedia/Binaries/Win64/UE4Editor-WmfMediaEditor.dll (API version 3709383).
LogModuleManager: Display: Found up-to-date module file ../../../Engine/Plugins/Media/WmfMedia/Binaries/Win64/UE4Editor-WmfMediaFactory.dll (API version 3709383).
LogModuleManager: Display: Found up-to-date module file ../../../Engine/Plugins/Media/WmfMedia/Binaries/Win64/UE4Editor-WmfMediaFactory.dll (API version 3709383).
LogModuleManager: Display: Found up-to-date module file ../../../Engine/Plugins/Messaging/TcpMessaging/Binaries/Win64/UE4Editor-TcpMessaging.dll (API version 3709383).
LogModuleManager: Display: Found up-to-date module file ../../../Engine/Plugins/Messaging/UdpMessaging/Binaries/Win64/UE4Editor-UdpMessaging.dll (API version 3709383).
LogModuleManager: Display: Found up-to-date module file ../../../Engine/Plugins/MovieScene/ActorSequence/Binaries/Win64/UE4Editor-ActorSequence.dll (API version 3709383).
LogModuleManager: Display: Found up-to-date module file ../../../Engine/Plugins/MovieScene/LevelSequenceEditor/Binaries/Win64/UE4Editor-LevelSequenceEditor.dll (API version 3709383).
LogModuleManager: Display: Found up-to-date module file ../../../Engine/Plugins/MovieScene/MatineeToLevelSequence/Binaries/Win64/UE4Editor-MatineeToLevelSequence.dll (API version 3709383).
LogModuleManager: Display: Found up-to-date module file ../../../Engine/Plugins/Online/OnlineSubsystem/Binaries/Win64/UE4Editor-OnlineSubsystem.dll (API version 3709383).
LogModuleManager: Display: Found up-to-date module file ../../../Engine/Plugins/Online/OnlineSubsystemNull/Binaries/Win64/UE4Editor-OnlineSubsystemNull.dll (API version 3709383).
LogModuleManager: Display: Found up-to-date module file ../../../Engine/Plugins/Online/OnlineSubsystemUtils/Binaries/Win64/UE4Editor-OnlineSubsystemUtils.dll (API version 3709383).
LogModuleManager: Display: Found up-to-date module file ../../../Engine/Plugins/Online/OnlineSubsystemUtils/Binaries/Win64/UE4Editor-OnlineBlueprintSupport.dll (API version 3709383).
LogModuleManager: Display: Found up-to-date module file ../../../Engine/Plugins/Runtime/AndroidDeviceProfileSelector/Binaries/Win64/UE4Editor-AndroidDeviceProfileSelector.dll (API version 3709383).
LogModuleManager: Display: Found up-to-date module file ../../../Engine/Plugins/Runtime/AndroidPermission/Binaries/Win64/UE4Editor-AndroidPermission.dll (API version 3709383).
LogModuleManager: Display: Found up-to-date module file ../../../Engine/Plugins/Runtime/AppleARKit/Binaries/Win64/UE4Editor-AppleARKit.dll (API version 3709383).
LogModuleManager: Display: Found up-to-date module file ../../../Engine/Plugins/Runtime/ArchVisCharacter/Binaries/Win64/UE4Editor-ArchVisCharacter.dll (API version 3709383).
LogModuleManager: Display: Found up-to-date module file ../../../Engine/Plugins/Runtime/CableComponent/Binaries/Win64/UE4Editor-CableComponent.dll (API version 3709383).
LogModuleManager: Display: Found up-to-date module file ../../../Engine/Plugins/Runtime/CustomMeshComponent/Binaries/Win64/UE4Editor-CustomMeshComponent.dll (API version 3709383).
LogModuleManager: Display: Found up-to-date module file ../../../Engine/Plugins/Runtime/ExampleDeviceProfileSelector/Binaries/Win64/UE4Editor-ExampleDeviceProfileSelector.dll (API version 3709383).
LogModuleManager: Display: Found up-to-date module file ../../../Engine/Plugins/Runtime/ImmediatePhysics/Binaries/Win64/UE4Editor-ImmediatePhysics.dll (API version 3709383).
LogModuleManager: Display: Found up-to-date module file ../../../Engine/Plugins/Runtime/ImmediatePhysics/Binaries/Win64/UE4Editor-ImmediatePhysicsEditor.dll (API version 3709383).
LogModuleManager: Display: Found up-to-date module file ../../../Engine/Plugins/Runtime/LocationServicesBPLibrary/Binaries/Win64/UE4Editor-LocationServicesBPLibrary.dll (API version 3709383).
LogModuleManager: Display: Found up-to-date module file ../../../Engine/Plugins/Runtime/MobilePatchingUtils/Binaries/Win64/UE4Editor-MobilePatchingUtils.dll (API version 3709383).
LogModuleManager: Display: Found up-to-date module file ../../../Engine/Plugins/Runtime/Oculus/OculusVR/Binaries/Win64/UE4Editor-OculusHMD.dll (API version 3709383).
LogModuleManager: Display: Found up-to-date module file ../../../Engine/Plugins/Runtime/Oculus/OculusVR/Binaries/Win64/UE4Editor-OculusInput.dll (API version 3709383).
LogModuleManager: Display: Found up-to-date module file ../../../Engine/Plugins/Runtime/Oculus/OculusVR/Binaries/Win64/UE4Editor-OculusEditor.dll (API version 3709383).
LogModuleManager: Display: Found up-to-date module file ../../../Engine/Plugins/Runtime/PhysXVehicles/Binaries/Win64/UE4Editor-PhysXVehicles.dll (API version 3709383).
LogModuleManager: Display: Found up-to-date module file ../../../Engine/Plugins/Runtime/PhysXVehicles/Binaries/Win64/UE4Editor-PhysXVehiclesEditor.dll (API version 3709383).
LogModuleManager: Display: Found up-to-date module file ../../../Engine/Plugins/Runtime/ProceduralMeshComponent/Binaries/Win64/UE4Editor-ProceduralMeshComponent.dll (API version 3709383).
LogModuleManager: Display: Found up-to-date module file ../../../Engine/Plugins/Runtime/ProceduralMeshComponent/Binaries/Win64/UE4Editor-ProceduralMeshComponentEditor.dll (API version 3709383).
LogModuleManager: Display: Found up-to-date module file ../../../Engine/Plugins/Runtime/RuntimePhysXCooking/Binaries/Win64/UE4Editor-RuntimePhysXCooking.dll (API version 3709383).
LogModuleManager: Display: Found up-to-date module file ../../../Engine/Plugins/Runtime/Steam/SteamVR/Binaries/Win64/UE4Editor-SteamVR.dll (API version 3709383).
LogModuleManager: Display: Found up-to-date module file ../../../Engine/Plugins/Runtime/Steam/SteamVR/Binaries/Win64/UE4Editor-SteamVRController.dll (API version 3709383).
LogModuleManager: Display: Found up-to-date module file ../../../Engine/Plugins/Runtime/WindowsMoviePlayer/Binaries/Win64/UE4Editor-WindowsMoviePlayer.dll (API version 3709383).
LogInit: Using libcurl 7.47.1
LogInit:  - built for x86_64-pc-win32
LogInit:  - supports SSL with OpenSSL/1.0.2g
LogInit:  - supports HTTP deflate (compression) using libz 1.2.8
LogInit:  - other features:
LogInit:      CURL_VERSION_SSL
LogInit:      CURL_VERSION_LIBZ
LogInit:      CURL_VERSION_IPV6
LogInit:      CURL_VERSION_ASYNCHDNS
LogInit:      CURL_VERSION_LARGEFILE
LogInit:      CURL_VERSION_IDN
LogInit:  CurlRequestOptions (configurable via config and command line):
LogInit:  - bVerifyPeer = false  - Libcurl will NOT verify peer certificate
LogInit:  - bUseHttpProxy = false  - Libcurl will NOT use HTTP proxy
LogInit:  - bDontReuseConnections = false  - Libcurl will reuse connections
LogInit:  - CertBundlePath = nullptr  - Libcurl will use whatever was configured at build time.
LogInit: Build: ++UE4+Release-4.18-CL-3832480
LogInit: Engine Version: 4.18.3-3832480+++UE4+Release-4.18
LogInit: Compatible Engine Version: 4.18.0-3709383+++UE4+Release-4.18
LogInit: Net CL: 3709383
LogDevObjectVersion: Number of dev versions registered: 16
LogDevObjectVersion:   Dev-Blueprints (B0D832E4-1F89-4F0D-ACCF-7EB736FD4AA2): 10
LogDevObjectVersion:   Dev-Build (E1C64328-A22C-4D53-A36C-8E866417BD8C): 0
LogDevObjectVersion:   Dev-Core (375EC13C-06E4-48FB-B500-84F0262A717E): 2
LogDevObjectVersion:   Dev-Editor (E4B068ED-F494-42E9-A231-DA0B2E46BB41): 20
LogDevObjectVersion:   Dev-Framework (CFFC743F-43B0-4480-9391-14DF171D2073): 30
LogDevObjectVersion:   Dev-Mobile (B02B49B5-BB20-44E9-A304-32B752E40360): 0
LogDevObjectVersion:   Dev-Networking (A4E4105C-59A1-49B5-A7C5-40C4547EDFEE): 0
LogDevObjectVersion:   Dev-Online (39C831C9-5AE6-47DC-9A44-9C173E1C8E7C): 0
LogDevObjectVersion:   Dev-Physics (78F01B33-EBEA-4F98-B9B4-84EACCB95AA2): 0
LogDevObjectVersion:   Dev-Platform (6631380F-2D4D-43E0-8009-CF276956A95A): 0
LogDevObjectVersion:   Dev-Rendering (12F88B9F-8875-4AFC-A67C-D90C383ABD29): 20
LogDevObjectVersion:   Dev-Sequencer (7B5AE74C-D270-4C10-A958-57980B212A5A): 4
LogDevObjectVersion:   Dev-VR (D7296918-1DD6-4BDD-9DE2-64A83CC13884): 0
LogDevObjectVersion:   Dev-LoadTimes (C2A15278-BFE7-4AFE-6C17-90FF531DF755): 1
LogDevObjectVersion:   Private-Geometry (6EACA3D4-40EC-4CC1-B786-8BED09428FC5): 1
LogDevObjectVersion:   Dev-AnimPhys (29E575DD-E0A3-4627-9D10-D276232CDCEA): 12
LogInit: Compiled (64-bit): Jan 12 2018 02:04:55
LogInit: Compiled with Visual C++: 19.00.24215.01
LogInit: Build Configuration: Development
LogInit: Branch Name: ++UE4+Release-4.18
LogInit: Command line:  
LogInit: Base directory: C:/Program Files/Epic Games/UE_4.18/Engine/Binaries/Win64/
LogInit: Installed Engine Build: 1
LogInit: Presizing for max 8388607 objects, including 0 objects not considered by GC, pre-allocating 0 bytes for permanent pool.
LogInit: Object subsystem initialized
[2018.03.18-04.15.32:417][  0]LogInit: Selected Device Profile: [Windows]
[2018.03.18-04.15.32:417][  0]LogInit: Applying CVar settings loaded from the selected device profile: [Windows]
[2018.03.18-04.15.32:664][  0]LogInit: Computer: DESKTOP-UHTKKQD
[2018.03.18-04.15.32:665][  0]LogInit: User: ldm0196
[2018.03.18-04.15.32:665][  0]LogInit: CPU Page size=4096, Cores=8
[2018.03.18-04.15.32:665][  0]LogInit: High frequency timer resolution =2.924194 MHz
[2018.03.18-04.15.32:666][  0]LogMemory: Memory total: Physical=15.9GB (16GB approx)
[2018.03.18-04.15.32:666][  0]LogMemory: Platform Memory Stats for Windows
[2018.03.18-04.15.32:666][  0]LogMemory: Process Physical Memory: 274.59 MB used, 274.59 MB peak
[2018.03.18-04.15.32:666][  0]LogMemory: Process Virtual Memory: 268.93 MB used, 268.93 MB peak
[2018.03.18-04.15.32:666][  0]LogMemory: Physical Memory: 7607.22 MB used,  8705.29 MB free, 16312.51 MB total
[2018.03.18-04.15.32:666][  0]LogMemory: Virtual Memory: 685.77 MB used,  8705.29 MB free, 134217728.00 MB total
[2018.03.18-04.15.34:412][  0]LogInit: Using OS detected language (en-US).
[2018.03.18-04.15.34:412][  0]LogInit: Using OS detected locale (en-US).
[2018.03.18-04.15.34:617][  0]LogTextLocalizationManager: No specific localization for 'en-US' exists, so the 'en' localization will be used.
[2018.03.18-04.15.35:617][  0]LogInit: Setting process to per monitor DPI aware
[2018.03.18-04.15.40:657][  0]LogD3D11RHI: D3D11 adapters:
[2018.03.18-04.15.40:795][  0]LogD3D11RHI:    0. 'NVIDIA GeForce GTX 1060 6GB' (Feature Level 11_0)
[2018.03.18-04.15.40:795][  0]LogD3D11RHI:       6052/0/8156 MB DedicatedVideo/DedicatedSystem/SharedSystem, Outputs:2, VendorId:0x10de
[2018.03.18-04.15.40:800][  0]LogD3D11RHI:    1. 'Microsoft Basic Render Driver' (Feature Level 11_0)
[2018.03.18-04.15.40:800][  0]LogD3D11RHI:       0/0/8156 MB DedicatedVideo/DedicatedSystem/SharedSystem, Outputs:0, VendorId:0x1414
[2018.03.18-04.15.40:800][  0]LogD3D11RHI: Chosen D3D11 Adapter: 0
[2018.03.18-04.15.40:817][  0]LogD3D11RHI: Creating new Direct3DDevice
[2018.03.18-04.15.40:817][  0]LogD3D11RHI:     GPU DeviceId: 0x1c03 (for the marketing name, search the web for "GPU Device Id")
[2018.03.18-04.15.40:817][  0]LogWindows: EnumDisplayDevices:
[2018.03.18-04.15.40:817][  0]LogWindows:    0. 'NVIDIA GeForce GTX 1060 6GB' (P:1 D:1)
[2018.03.18-04.15.40:818][  0]LogWindows:    1. 'NVIDIA GeForce GTX 1060 6GB' (P:0 D:1)
[2018.03.18-04.15.40:818][  0]LogWindows:    2. 'NVIDIA GeForce GTX 1060 6GB' (P:0 D:0)
[2018.03.18-04.15.40:818][  0]LogWindows:    3. 'NVIDIA GeForce GTX 1060 6GB' (P:0 D:0)
[2018.03.18-04.15.40:818][  0]LogWindows: DebugString: GetVideoDriverDetailsInvalid PrimaryIsNotTheChoosenAdapter GetVideoDriverDetailsInvalid PrimaryIsNotTheChoosenAdapter GetVideoDriverDetailsInvalid PrimaryIsNotTheChoosenAdapter GetVideoDriverDetailsInvalid PrimaryIsNotTheChoosenAdapter FoundDriverCount:0 
[2018.03.18-04.15.40:818][  0]LogD3D11RHI:     Adapter Name: NVIDIA GeForce GTX 1060 6GB
[2018.03.18-04.15.40:818][  0]LogD3D11RHI:   Driver Version: Unknown (internal:Unknown, unified:Unknown)
[2018.03.18-04.15.40:818][  0]LogD3D11RHI:      Driver Date: Unknown
[2018.03.18-04.15.40:818][  0]LogRHI: Texture pool is 4236 MB (70% of 6052 MB)
[2018.03.18-04.15.40:870][  0]LogD3D11RHI: Async texture creation enabled
[2018.03.18-04.15.40:923][  0]LogD3D11RHI: GPU Timing Frequency: 1000.000000 (Debug: 2 2)
[2018.03.18-04.15.40:976][  0]LogShaderCompilers: Guid format shader working directory is -22 characters bigger than the processId version (../../../../../../Users/ldm0196/Desktop/bleh/Gameprogramming2/GoBlock/Intermediate/Shaders/WorkingDirectory/10880/).
[2018.03.18-04.15.40:977][  0]LogShaderCompilers: Cleaned the shader compiler working directory 'C:/Users/ldm0196/AppData/Local/Temp/UnrealShaderWorkingDir/840C6085416D56BCA096FC913BA9464E/'.
[2018.03.18-04.15.40:977][  0]LogShaderCompilers: Display: Using Local Shader Compiler.
[2018.03.18-04.15.46:412][  0]LogTemp: Display: Loaded TP AllDesktopTargetPlatform
[2018.03.18-04.15.46:559][  0]LogTemp: Display: Loaded TP MacClientTargetPlatform
[2018.03.18-04.15.46:700][  0]LogTemp: Display: Loaded TP MacNoEditorTargetPlatform
[2018.03.18-04.15.46:828][  0]LogTemp: Display: Loaded TP MacServerTargetPlatform
[2018.03.18-04.15.46:968][  0]LogTemp: Display: Loaded TP MacTargetPlatform
[2018.03.18-04.15.47:093][  0]LogTemp: Display: Loaded TP WindowsClientTargetPlatform
[2018.03.18-04.15.47:233][  0]LogTemp: Display: Loaded TP WindowsNoEditorTargetPlatform
[2018.03.18-04.15.47:349][  0]LogTemp: Display: Loaded TP WindowsServerTargetPlatform
[2018.03.18-04.15.47:449][  0]LogTemp: Display: Loaded TP WindowsTargetPlatform
[2018.03.18-04.15.47:571][  0]LogTemp: Display: Loaded TP Android_ASTCTargetPlatform
[2018.03.18-04.15.47:671][  0]LogTemp: Display: Loaded TP Android_ATCTargetPlatform
[2018.03.18-04.15.47:778][  0]LogTemp: Display: Loaded TP Android_DXTTargetPlatform
[2018.03.18-04.15.47:908][  0]LogTemp: Display: Loaded TP Android_ETC1TargetPlatform
[2018.03.18-04.15.48:040][  0]LogTemp: Display: Loaded TP Android_ETC2TargetPlatform
[2018.03.18-04.15.48:296][  0]LogTemp: Display: Loaded TP Android_MultiTargetPlatform
[2018.03.18-04.15.48:296][  0]LogTemp: Display: Loaded TP Android_PVRTCTargetPlatform
[2018.03.18-04.15.48:445][  0]LogTemp: Display: Loaded TP AndroidTargetPlatform
[2018.03.18-04.15.48:547][  0]LogTemp: Display: Loaded TP HTML5TargetPlatform
[2018.03.18-04.15.48:779][  0]LogTemp: Display: Loaded TP IOSTargetPlatform
[2018.03.18-04.15.48:854][  0]LogTemp: Display: Loaded TP TVOSTargetPlatform
[2018.03.18-04.15.48:979][  0]LogTemp: Display: Loaded TP LinuxClientTargetPlatform
[2018.03.18-04.15.49:081][  0]LogTemp: Display: Loaded TP LinuxNoEditorTargetPlatform
[2018.03.18-04.15.49:211][  0]LogTemp: Display: Loaded TP LinuxServerTargetPlatform
[2018.03.18-04.15.49:374][  0]LogTemp: Display: Loaded TP LinuxTargetPlatform
[2018.03.18-04.15.49:374][  0]LogTargetPlatformManager: Display: Building Assets For Windows
[2018.03.18-04.15.50:526][  0]LogDerivedDataCache: Display: Max Cache Size: 512 MB
[2018.03.18-04.15.50:907][  0]LogDerivedDataCache: Loaded boot cache 0.38s 79MB C:/Users/ldm0196/AppData/Local/UnrealEngine/4.18/DerivedDataCache/Boot.ddc.
[2018.03.18-04.15.50:908][  0]LogDerivedDataCache: Display: Loaded Boot cache: C:/Users/ldm0196/AppData/Local/UnrealEngine/4.18/DerivedDataCache/Boot.ddc
[2018.03.18-04.15.50:908][  0]LogDerivedDataCache: FDerivedDataBackendGraph:  Pak pak cache file ../../../../../../Users/ldm0196/Desktop/bleh/Gameprogramming2/GoBlock/DerivedDataCache/DDC.ddp not found, will not use a pak cache.
[2018.03.18-04.15.50:908][  0]LogDerivedDataCache: Unable to find inner node Pak for hierarchical cache Hierarchy.
[2018.03.18-04.15.50:908][  0]LogDerivedDataCache: FDerivedDataBackendGraph:  CompressedPak pak cache file ../../../../../../Users/ldm0196/Desktop/bleh/Gameprogramming2/GoBlock/DerivedDataCache/Compressed.ddp not found, will not use a pak cache.
[2018.03.18-04.15.50:908][  0]LogDerivedDataCache: Unable to find inner node CompressedPak for hierarchical cache Hierarchy.
[2018.03.18-04.15.50:939][  0]LogDerivedDataCache: Display: Pak cache opened for reading ../../../Engine/DerivedDataCache/Compressed.ddp.
[2018.03.18-04.15.50:952][  0]LogDerivedDataCache: Using Local data cache path C:/Users/ldm0196/AppData/Local/UnrealEngine/Common/DerivedDataCache: Writable
[2018.03.18-04.15.50:978][  0]LogMaterial: Verifying Global Shaders for PCD3D_SM5
[2018.03.18-04.15.50:979][  0]LogSlate: Using Freetype 2.6.0
[2018.03.18-04.15.51:018][  0]LogSlate: SlateFontCache - WITH_FREETYPE: 1, WITH_HARFBUZZ: 1
[2018.03.18-04.15.51:018][  0]LogSlate: SlateFontCache - WITH_FREETYPE: 1, WITH_HARFBUZZ: 1
[2018.03.18-04.15.53:442][  0]LogInit: Selected Device Profile: [Windows]
[2018.03.18-04.15.54:313][  0]LogSimplygon: Simplygon DLL not present - disabling.
[2018.03.18-04.15.54:420][  0]LogMeshReduction: Using SimplygonSwarm for distributed automatic mesh merging
[2018.03.18-04.15.54:420][  0]LogMeshReduction: Using QuadricMeshReduction for automatic static mesh reduction
[2018.03.18-04.15.54:420][  0]LogMeshReduction: No automatic skeletal mesh reduction module available
[2018.03.18-04.15.54:420][  0]LogMeshReduction: No automatic mesh merging module available
[2018.03.18-04.15.54:420][  0]LogMeshMerging: No automatic mesh merging module available
[2018.03.18-04.15.54:633][  0]LogNetVersion: GoBlock , NetCL: 3709383, EngineNetVer: 2, GameNetVer: 0 (Checksum: 2987437899)
[2018.03.18-04.15.55:609][  0]LogAssetRegistry: FAssetRegistry took 0.0293 seconds to start up
[2018.03.18-04.15.57:647][  0]LogPackageLocalizationCache: Processed 7 localized package path(s) for 2 prioritized culture(s) in 0.131871 seconds
[2018.03.18-04.15.57:657][  0]LogUObjectArray: 35870 objects as part of root set at end of initial load.
[2018.03.18-04.15.57:657][  0]LogUObjectAllocator: 7363704 out of 0 bytes used by permanent object pool.
[2018.03.18-04.15.57:657][  0]LogUObjectArray: CloseDisregardForGC: 0/0 objects in disregard for GC pool
[2018.03.18-04.15.57:775][  0]LogInit: WinSock: version 1.1 (2.2), MaxSocks=32767, MaxUdp=65467
[2018.03.18-04.16.36:766][  0]LogTcpMessaging: Initializing TcpMessaging bridge
[2018.03.18-04.16.36:862][  0]LogUdpMessaging: Initializing bridge on interface 0.0.0.0:0 to multicast group 230.0.0.1:6666.
[2018.03.18-04.16.39:661][  0]LogMaterial: Uniform references updated for custom material expression Custom.
[2018.03.18-04.16.40:909][  0]SourceControl: Source control is disabled
[2018.03.18-04.16.44:804][  0]LogAndroidPermission: UAndroidPermissionCallbackProxy::GetInstance
[2018.03.18-04.16.45:466][  0]LogOcInput: OculusInput pre-init called
[2018.03.18-04.16.46:167][  0]LogEngine: Initializing Engine...
[2018.03.18-04.16.46:170][  0]LogHMD: Failed to initialize OpenVR with code 110
[2018.03.18-04.16.47:031][  0]LogStats: UGameplayTagsManager::ConstructGameplayTagTree: Construct from data asset -  0.000 s
[2018.03.18-04.16.47:031][  0]LogStats: UGameplayTagsManager::ConstructGameplayTagTree: GameplayTagTreeChangedEvent.Broadcast -  0.000 s
[2018.03.18-04.16.47:264][  0]LogAIModule: Creating AISystem for world Untitled
[2018.03.18-04.16.47:274][  0]LogInit: XAudio2 using 'Headset Earphone (Corsair VOID RGB USB Gaming Headset)' : 6 channels at 48 kHz using 16 bits per sample (channel mask 0x3f)
[2018.03.18-04.16.47:557][  0]LogInit: FAudioDevice initialized.
[2018.03.18-04.16.47:761][  0]LogDerivedDataCache: Saved boot cache 0.20s 79MB C:/Users/ldm0196/AppData/Local/UnrealEngine/4.18/DerivedDataCache/Boot.ddc.
[2018.03.18-04.16.47:791][  0]LogInit: Texture streaming: Enabled
[2018.03.18-04.16.47:927][  0]LogEngineSessionManager: EngineSessionManager initialized
[2018.03.18-04.16.48:112][  0]LogInit: Transaction tracking system initialized
[2018.03.18-04.16.48:723][  0]BlueprintLog: New page: Editor Load
[2018.03.18-04.16.50:897][  0]LocalizationService: Localization service is disabled
[2018.03.18-04.16.52:923][  0]LogConsoleResponse: Display: 
[2018.03.18-04.16.54:215][  0]LogCook: Display: Max memory allowance for cook 16384mb min free memory 0mb
[2018.03.18-04.16.54:215][  0]LogCook: Display: Mobile HDR setting 1
[2018.03.18-04.16.54:215][  0]LogGameplayTags: Display: UGameplayTagsManager::DoneAddingNativeTags. DelegateIsBound: 0
[2018.03.18-04.16.54:472][  0]LogFileCache: Scanning file cache for directory 'C:/Users/ldm0196/Desktop/bleh/Gameprogramming2/GoBlock/Content/' took 0.03s
[2018.03.18-04.16.56:645][  0]Cmd: MAP LOAD FILE="../../../../../../Users/ldm0196/Desktop/bleh/Gameprogramming2/GoBlock/Content/ThirdPersonCPP/Maps/GoBlock.umap" TEMPLATE=0 SHOWPROGRESS=1 FEATURELEVEL=3
[2018.03.18-04.16.56:645][  0]LightingResults: New page: Lighting Build
[2018.03.18-04.16.56:745][  0]MapCheck: New page: Map Check
[2018.03.18-04.16.56:745][  0]LightingResults: New page: Lighting Build
[2018.03.18-04.16.57:219][  0]LogAIModule: Creating AISystem for world GoBlock
[2018.03.18-04.16.57:316][  0]LogEditorServer: Finished looking for orphan Actors (0.000 secs)
[2018.03.18-04.16.57:356][  0]Cmd: MAP CHECKDEP NOCLEARLOG
[2018.03.18-04.16.57:445][  0]MapCheck: Map check complete: 0 Error(s), 0 Warning(s), took 88.76ms to complete.
[2018.03.18-04.16.57:445][  0]LogFileHelpers: Loading map 'GoBlock' took 0.800
[2018.03.18-04.16.57:660][  0]LogCollectionManager: Loaded 0 collections in 0.006473 seconds
[2018.03.18-04.16.57:828][  0]LogFileCache: Scanning file cache for directory 'C:/Users/ldm0196/Desktop/bleh/Gameprogramming2/GoBlock/Saved/Collections/' took 0.01s
[2018.03.18-04.16.57:828][  0]LogFileCache: Scanning file cache for directory 'C:/Users/ldm0196/Desktop/bleh/Gameprogramming2/GoBlock/Content/Developers/ldm0196/Collections/' took 0.01s
[2018.03.18-04.16.57:828][  0]LogFileCache: Scanning file cache for directory 'C:/Users/ldm0196/Desktop/bleh/Gameprogramming2/GoBlock/Content/Collections/' took 0.01s
[2018.03.18-04.16.57:828][  0]LogCollectionManager: Rebuilt the GUID cache for 0 collections in 0.000000 seconds
[2018.03.18-04.16.57:850][  0]LogContentBrowser: Native class hierarchy populated in 0.0215 seconds. Added 2365 classes and 521 folders.
[2018.03.18-04.16.58:019][  0]LogContentBrowser: Native class hierarchy updated for 'WidgetCarousel' in 0.0019 seconds. Added 0 classes and 0 folders.
[2018.03.18-04.16.59:052][  0]LogContentBrowser: Native class hierarchy updated for 'AddContentDialog' in 0.0020 seconds. Added 0 classes and 0 folders.
[2018.03.18-04.16.59:342][  0]LogContentBrowser: Native class hierarchy updated for 'SceneOutliner' in 0.0013 seconds. Added 1 classes and 2 folders.
[2018.03.18-04.17.03:155][  0]LogSlate: Only BGRA pngs, bmps or icos are supported in by External Image Picker
[2018.03.18-04.17.03:199][  0]LogSlate: Took 0.000350 seconds to synchronously load lazily loaded font '../../../Engine/Content/Slate/Fonts/Roboto-Regular.ttf' (155K)
[2018.03.18-04.17.03:212][  0]LogSlate: Took 0.010372 seconds to synchronously load lazily loaded font '../../../Engine/Content/Slate/Fonts/Roboto-Bold.ttf' (160K)
[2018.03.18-04.17.03:239][  0]LogSlate: Took 0.024506 seconds to synchronously load lazily loaded font '../../../Engine/Content/Editor/Slate/Fonts/FontAwesome.ttf' (139K)
[2018.03.18-04.17.03:532][  0]LogTemp: Executing iPhonePackager certificates Engine -bundlename com.YourCompany.GoBlock
[2018.03.18-04.17.03:532][  0]LogTemp: CWD: C:\Program Files\Epic Games\UE_4.18\Engine\Binaries\DotNET\IOS
[2018.03.18-04.17.03:532][  0]LogTemp: Initial Dir: C:\Program Files\Epic Games\UE_4.18
[2018.03.18-04.17.03:532][  0]LogTemp: Env CWD: C:\Program Files\Epic Games\UE_4.18\Engine\Binaries\DotNET\IOS
[2018.03.18-04.17.03:532][  0]LogTemp: BranchPath = DESKTOP-UHTKKQD/C/Program Files/Epic Games/UE_4.18/Engine/Binaries --- GameBranchPath = DESKTOP-UHTKKQD/C/Program Files/Epic Games/UE_4.18/Engine/Binaries
[2018.03.18-04.17.03:532][  0]LogTemp: IPP ERROR: Could not find provision directory 'C:\Users\ldm0196\AppData\Local/Apple Computer/MobileDevice/Provisioning Profiles/'.
[2018.03.18-04.17.03:532][  0]LogRenderer: Reallocating scene render targets to support 1056x924 Format 10 NumSamples 1 (Frame:1).
[2018.03.18-04.17.03:794][  0]LogContentBrowser: Native class hierarchy updated for 'HierarchicalLODOutliner' in 0.0011 seconds. Added 1 classes and 2 folders.
[2018.03.18-04.17.03:795][  0]LogLoad: (Engine Initialization) Total time: 101.18 seconds
[2018.03.18-04.17.03:795][  0]LogLoad: (Engine Initialization) Total Blueprint compile time: 0.00 seconds
[2018.03.18-04.17.03:795][  0]LogExternalProfiler: No external profilers were discovered.  External profiling features will not be available.
[2018.03.18-04.17.03:831][  0]LogContentStreaming: Texture pool size now 1000 MB
[2018.03.18-04.17.03:933][  0]LogSlate: Took 0.000254 seconds to synchronously load lazily loaded font '../../../Engine/Content/Slate/Fonts/Roboto-Light.ttf' (159K)
[2018.03.18-04.17.04:020][  2]LogAssetRegistry: Asset discovery search completed in 68.4335 seconds
[2018.03.18-04.17.04:022][  2]LogCollectionManager: Rebuilt the object cache for 0 collections in 0.000000 seconds (found 0 objects)
[2018.03.18-04.17.04:023][  2]LogCollectionManager: Fixed up redirectors for 0 collections in 0.000086 seconds (updated 0 objects)
[2018.03.18-04.17.04:840][ 88]LogSlate: Took 0.000275 seconds to synchronously load lazily loaded font '../../../Engine/Content/Slate/Fonts/Roboto-Light.ttf' (159K)
[2018.03.18-04.17.15:692][370]SourceControl: On branch master
[2018.03.18-04.17.15:692][370]SourceControl: Your branch is up to date with 'origin/master'.
[2018.03.18-04.17.15:692][370]SourceControl: Changes not staged for commit:
[2018.03.18-04.17.15:692][370]SourceControl:   (use "git add/rm <file>..." to update what will be committed)
[2018.03.18-04.17.15:692][370]SourceControl:   (use "git checkout -- <file>..." to discard changes in working directory)
[2018.03.18-04.17.15:692][370]SourceControl: 	modified:   GoBlock/Content/StarterContent/Materials/M_Tech_Hex_Tile_Pulse.uasset
[2018.03.18-04.17.15:692][370]SourceControl: 	modified:   GoBlock/Content/ThirdPersonCPP/Blueprints/Block.uasset
[2018.03.18-04.17.15:692][370]SourceControl: 	modified:   GoBlock/Content/ThirdPersonCPP/Maps/GoBlock.umap
[2018.03.18-04.17.15:692][370]SourceControl: 	modified:   GoBlock/Intermediate/AssetRegistryCache/c90e3f55.bin
[2018.03.18-04.17.15:692][370]SourceControl: 	modified:   GoBlock/Intermediate/CachedAssetRegistry.bin
[2018.03.18-04.17.15:692][370]SourceControl: 	modified:   GoBlock/Intermediate/Config/CoalescedSourceConfigs/Engine.ini
[2018.03.18-04.17.15:692][370]SourceControl: 	modified:   GoBlock/Intermediate/Config/CoalescedSourceConfigs/Input.ini
[2018.03.18-04.17.15:692][370]SourceControl: 	modified:   GoBlock/Saved/AutoScreenshot.png
[2018.03.18-04.17.15:692][370]SourceControl: 	modified:   GoBlock/Saved/Autosaves/Game/ThirdPersonCPP/Blueprints/BP_Floorwall_Auto2.uasset
[2018.03.18-04.17.15:692][370]SourceControl: 	modified:   GoBlock/Saved/Autosaves/Game/ThirdPersonCPP/Blueprints/BP_Floorwall_Auto3.uasset
[2018.03.18-04.17.15:692][370]SourceControl: 	modified:   GoBlock/Saved/Autosaves/Game/ThirdPersonCPP/Blueprints/BP_Floorwall_Auto4.uasset
[2018.03.18-04.17.15:692][370]SourceControl: 	modified:   GoBlock/Saved/Autosaves/Game/ThirdPersonCPP/Blueprints/BP_Floorwall_Auto5.uasset
[2018.03.18-04.17.15:693][370]SourceControl: 	modified:   GoBlock/Saved/Autosaves/Game/ThirdPersonCPP/Blueprints/BP_Floorwall_Auto6.uasset
[2018.03.18-04.17.15:693][370]SourceControl: 	modified:   GoBlock/Saved/Autosaves/Game/ThirdPersonCPP/Blueprints/BP_Floorwall_Auto7.uasset
[2018.03.18-04.17.15:693][370]SourceControl: 	modified:   GoBlock/Saved/Autosaves/Game/ThirdPersonCPP/Blueprints/RunCharacter_Auto5.uasset
[2018.03.18-04.17.15:693][370]SourceControl: 	modified:   GoBlock/Saved/Autosaves/Game/ThirdPersonCPP/Blueprints/RunGamemode_Auto2.uasset
[2018.03.18-04.17.15:693][370]SourceControl: 	modified:   GoBlock/Saved/Autosaves/PackageRestoreData.json
[2018.03.18-04.17.15:693][370]SourceControl: 	modified:   GoBlock/Saved/Config/Windows/Editor.ini
[2018.03.18-04.17.15:693][370]SourceControl: 	modified:   GoBlock/Saved/Config/Windows/EditorPerProjectUserSettings.ini
[2018.03.18-04.17.15:693][370]SourceControl: 	modified:   GoBlock/Saved/Config/Windows/Game.ini
[2018.03.18-04.17.15:693][370]SourceControl: 	deleted:    GoBlock/Saved/Logs/GoBlock-backup-2018.02.17-23.16.18.log
[2018.03.18-04.17.15:693][370]SourceControl: 	deleted:    GoBlock/Saved/Logs/GoBlock-backup-2018.02.17-23.25.26.log
[2018.03.18-04.17.15:693][370]SourceControl: 	deleted:    GoBlock/Saved/Logs/GoBlock-backup-2018.02.17-23.27.50.log
[2018.03.18-04.17.15:693][370]SourceControl: 	deleted:    GoBlock/Saved/Logs/GoBlock-backup-2018.02.18-11.08.46.log
[2018.03.18-04.17.15:693][370]SourceControl: 	deleted:    GoBlock/Saved/Logs/GoBlock-backup-2018.02.18-13.01.25.log
[2018.03.18-04.17.15:693][370]SourceControl: 	modified:   GoBlock/Saved/Logs/GoBlock.log
[2018.03.18-04.17.15:693][370]SourceControl: 	modified:   GoBlock/Saved/Logs/GoBlock_2.log
[2018.03.18-04.17.15:693][370]SourceControl: 	modified:   GoBlock/config/DefaultEngine.ini
[2018.03.18-04.17.15:693][370]SourceControl: 	modified:   GoBlock/config/DefaultInput.ini
[2018.03.18-04.17.15:693][370]SourceControl: 	modified:   GoBlock/content/ThirdPersonCPP/Blueprints/BP_Floorwall.uasset
[2018.03.18-04.17.15:693][370]SourceControl: 	modified:   GoBlock/content/ThirdPersonCPP/Blueprints/Blocker.uasset
[2018.03.18-04.17.15:693][370]SourceControl: 	modified:   GoBlock/content/ThirdPersonCPP/Blueprints/Item.uasset
[2018.03.18-04.17.15:693][370]SourceControl: 	modified:   GoBlock/content/ThirdPersonCPP/Blueprints/RunCharacter.uasset
[2018.03.18-04.17.15:693][370]SourceControl: 	modified:   GoBlock/content/ThirdPersonCPP/Blueprints/RunGamemode.uasset
[2018.03.18-04.17.15:693][370]SourceControl: Untracked files:
[2018.03.18-04.17.15:693][370]SourceControl:   (use "git add <file>..." to include in what will be committed)
[2018.03.18-04.17.15:693][370]SourceControl: 	GoBlock/Binaries/Win32/
[2018.03.18-04.17.15:693][370]SourceControl: 	GoBlock/Binaries/Win64/GoBlock.exe
[2018.03.18-04.17.15:693][370]SourceControl: 	GoBlock/Binaries/Win64/GoBlock.exp
[2018.03.18-04.17.15:693][370]SourceControl: 	GoBlock/Binaries/Win64/GoBlock.lib
[2018.03.18-04.17.15:693][370]SourceControl: 	GoBlock/Binaries/Win64/GoBlock.pdb
[2018.03.18-04.17.15:693][370]SourceControl: 	GoBlock/Binaries/Win64/GoBlock.target
[2018.03.18-04.17.15:693][370]SourceControl: 	GoBlock/Binaries/Win64/GoBlock.version
[2018.03.18-04.17.15:693][370]SourceControl: 	GoBlock/Build/
[2018.03.18-04.17.15:693][370]SourceControl: 	GoBlock/Content/ThirdPersonCPP/3dmodels/
[2018.03.18-04.17.15:693][370]SourceControl: 	GoBlock/Content/ThirdPersonCPP/Audio/
[2018.03.18-04.17.15:693][370]SourceControl: 	GoBlock/Content/ThirdPersonCPP/Blueprints/3rdpersonpickup.uasset
[2018.03.18-04.17.15:693][370]SourceControl: 	GoBlock/Content/ThirdPersonCPP/Blueprints/Blockcharacter.uasset
[2018.03.18-04.17.15:693][370]SourceControl: 	GoBlock/Content/ThirdPersonCPP/Blueprints/carpickup.uasset
[2018.03.18-04.17.15:693][370]SourceControl: 	GoBlock/Content/ThirdPersonCPP/Blueprints/carpickup_2.uasset
[2018.03.18-04.17.15:693][370]SourceControl: 	GoBlock/Content/ThirdPersonCPP/Blueprints/posses.uasset
[2018.03.18-04.17.15:693][370]SourceControl: 	GoBlock/Content/ThirdPersonCPP/assets/
[2018.03.18-04.17.15:693][370]SourceControl: 	GoBlock/Intermediate/AssetRegistryCache/30e49709.bin
[2018.03.18-04.17.15:693][370]SourceControl: 	GoBlock/Intermediate/Build/Win32/
[2018.03.18-04.17.15:693][370]SourceControl: 	GoBlock/Intermediate/Build/Win64/GoBlock/
[2018.03.18-04.17.15:693][370]SourceControl: 	GoBlock/Intermediate/Build/Win64/UE4/
[2018.03.18-04.17.15:693][370]SourceControl: 	GoBlock/Intermediate/Staging/
[2018.03.18-04.17.15:693][370]SourceControl: 	GoBlock/Saved/Autosaves/Game/ThirdPersonCPP/3dmodels/
[2018.03.18-04.17.15:693][370]SourceControl: 	GoBlock/Saved/Autosaves/Game/ThirdPersonCPP/Audio/
[2018.03.18-04.17.15:693][370]SourceControl: 	GoBlock/Saved/Autosaves/Game/ThirdPersonCPP/Blueprints/3rdpersonpickup_Auto2.uasset
[2018.03.18-04.17.15:693][370]SourceControl: 	GoBlock/Saved/Autosaves/Game/ThirdPersonCPP/Blueprints/3rdpersonpickup_Auto6.uasset
[2018.03.18-04.17.15:693][370]SourceControl: 	GoBlock/Saved/Autosaves/Game/ThirdPersonCPP/Blueprints/3rdpersonpickup_Auto7.uasset
[2018.03.18-04.17.15:693][370]SourceControl: 	GoBlock/Saved/Autosaves/Game/ThirdPersonCPP/Blueprints/3rdpersonpickup_Auto8.uasset
[2018.03.18-04.17.15:693][370]SourceControl: 	GoBlock/Saved/Autosaves/Game/ThirdPersonCPP/Blueprints/BP_Floorwall_Auto8.uasset
[2018.03.18-04.17.15:693][370]SourceControl: 	GoBlock/Saved/Autosaves/Game/ThirdPersonCPP/Blueprints/Blockcharacter_Auto0.uasset
[2018.03.18-04.17.15:693][370]SourceControl: 	GoBlock/Saved/Autosaves/Game/ThirdPersonCPP/Blueprints/Blockcharacter_Auto1.uasset
[2018.03.18-04.17.15:693][370]SourceControl: 	GoBlock/Saved/Autosaves/Game/ThirdPersonCPP/Blueprints/Blockcharacter_Auto2.uasset
[2018.03.18-04.17.15:694][370]SourceControl: 	GoBlock/Saved/Autosaves/Game/ThirdPersonCPP/Blueprints/Blockcharacter_Auto3.uasset
[2018.03.18-04.17.15:694][370]SourceControl: 	GoBlock/Saved/Autosaves/Game/ThirdPersonCPP/Blueprints/Blockcharacter_Auto4.uasset
[2018.03.18-04.17.15:694][370]SourceControl: 	GoBlock/Saved/Autosaves/Game/ThirdPersonCPP/Blueprints/Blockcharacter_Auto5.uasset
[2018.03.18-04.17.15:694][370]SourceControl: 	GoBlock/Saved/Autosaves/Game/ThirdPersonCPP/Blueprints/Blockcharacter_Auto6.uasset
[2018.03.18-04.17.15:694][370]SourceControl: 	GoBlock/Saved/Autosaves/Game/ThirdPersonCPP/Blueprints/Blockcharacter_Auto8.uasset
[2018.03.18-04.17.15:694][370]SourceControl: 	GoBlock/Saved/Autosaves/Game/ThirdPersonCPP/Blueprints/Blockcharacter_Auto9.uasset
[2018.03.18-04.17.15:694][370]SourceControl: 	GoBlock/Saved/Autosaves/Game/ThirdPersonCPP/Blueprints/Blocker_Auto3.uasset
[2018.03.18-04.17.15:694][370]SourceControl: 	GoBlock/Saved/Autosaves/Game/ThirdPersonCPP/Blueprints/RunCharacter_Auto4.uasset
[2018.03.18-04.17.15:694][370]SourceControl: 	GoBlock/Saved/Autosaves/Game/ThirdPersonCPP/Blueprints/carcharacter_Auto1.uasset
[2018.03.18-04.17.15:694][370]SourceControl: 	GoBlock/Saved/Autosaves/Game/ThirdPersonCPP/Blueprints/carpickup_Auto2.uasset
[2018.03.18-04.17.15:694][370]SourceControl: 	GoBlock/Saved/Autosaves/Game/ThirdPersonCPP/Blueprints/carpickup_Auto3.uasset
[2018.03.18-04.17.15:694][370]SourceControl: 	GoBlock/Saved/Autosaves/Game/ThirdPersonCPP/Blueprints/carpickup_Auto4.uasset
[2018.03.18-04.17.15:694][370]SourceControl: 	GoBlock/Saved/Autosaves/Game/ThirdPersonCPP/Blueprints/carpickup_Auto5.uasset
[2018.03.18-04.17.15:694][370]SourceControl: 	GoBlock/Saved/Autosaves/Game/ThirdPersonCPP/Blueprints/carpickup_Auto6.uasset
[2018.03.18-04.17.15:694][370]SourceControl: 	GoBlock/Saved/Autosaves/Game/ThirdPersonCPP/Blueprints/carpickup_Auto7.uasset
[2018.03.18-04.17.15:694][370]SourceControl: 	GoBlock/Saved/Autosaves/Game/ThirdPersonCPP/Blueprints/carpickup_Auto8.uasset
[2018.03.18-04.17.15:694][370]SourceControl: 	GoBlock/Saved/Autosaves/Game/ThirdPersonCPP/Maps/GoBlock_Auto8.umap
[2018.03.18-04.17.15:694][370]SourceControl: 	GoBlock/Saved/Backup/3rdpersonpickup_2018-02-19-23-40-45.uasset
[2018.03.18-04.17.15:694][370]SourceControl: 	GoBlock/Saved/Backup/3rdpersonpickup_2018-02-19-23-46-02.uasset
[2018.03.18-04.17.15:694][370]SourceControl: 	GoBlock/Saved/Backup/3rdpersonpickup_2018-02-20-00-37-07.uasset
[2018.03.18-04.17.15:694][370]SourceControl: 	GoBlock/Saved/Backup/3rdpersonpickup_2018-02-20-00-50-08.uasset
[2018.03.18-04.17.15:694][370]SourceControl: 	GoBlock/Saved/Backup/3rdpersonpickup_2018-02-20-01-01-15.uasset
[2018.03.18-04.17.15:694][370]SourceControl: 	GoBlock/Saved/Backup/3rdpersonpickup_2018-02-20-01-10-27.uasset
[2018.03.18-04.17.15:694][370]SourceControl: 	GoBlock/Saved/Backup/3rdpersonpickup_2018-02-20-01-47-49.uasset
[2018.03.18-04.17.15:694][370]SourceControl: 	GoBlock/Saved/Backup/BP_Floorwall_2018-02-19-19-54-00.uasset
[2018.03.18-04.17.15:694][370]SourceControl: 	GoBlock/Saved/Backup/BP_Floorwall_2018-02-19-20-12-01.uasset
[2018.03.18-04.17.15:694][370]SourceControl: 	GoBlock/Saved/Backup/BP_Floorwall_2018-02-19-20-23-52.uasset
[2018.03.18-04.17.15:694][370]SourceControl: 	GoBlock/Saved/Backup/BP_Floorwall_2018-02-19-20-44-42.uasset
[2018.03.18-04.17.15:694][370]SourceControl: 	GoBlock/Saved/Backup/BP_Floorwall_2018-02-19-21-02-15.uasset
[2018.03.18-04.17.15:694][370]SourceControl: 	GoBlock/Saved/Backup/BP_Floorwall_2018-02-19-21-29-59.uasset
[2018.03.18-04.17.15:694][370]SourceControl: 	GoBlock/Saved/Backup/BP_Floorwall_2018-02-19-21-48-35.uasset
[2018.03.18-04.17.15:694][370]SourceControl: 	GoBlock/Saved/Backup/BP_Floorwall_2018-02-19-23-38-18.uasset
[2018.03.18-04.17.15:694][370]SourceControl: 	GoBlock/Saved/Backup/BP_Floorwall_2018-02-19-23-46-01.uasset
[2018.03.18-04.17.15:694][370]SourceControl: 	GoBlock/Saved/Backup/BP_Floorwall_2018-02-20-00-50-08.uasset
[2018.03.18-04.17.15:694][370]SourceControl: 	GoBlock/Saved/Backup/BP_Floorwall_2018-02-20-01-01-15.uasset
[2018.03.18-04.17.15:694][370]SourceControl: 	GoBlock/Saved/Backup/BP_Floorwall_2018-02-20-01-10-27.uasset
[2018.03.18-04.17.15:694][370]SourceControl: 	GoBlock/Saved/Backup/Blockcharacter_2018-02-19-20-22-59.uasset
[2018.03.18-04.17.15:694][370]SourceControl: 	GoBlock/Saved/Backup/Blockcharacter_2018-02-19-20-44-59.uasset
[2018.03.18-04.17.15:694][370]SourceControl: 	GoBlock/Saved/Backup/Blockcharacter_2018-02-19-21-02-16.uasset
[2018.03.18-04.17.15:694][370]SourceControl: 	GoBlock/Saved/Backup/Blockcharacter_2018-02-19-21-30-00.uasset
[2018.03.18-04.17.15:694][370]SourceControl: 	GoBlock/Saved/Backup/Blockcharacter_2018-02-19-21-51-23.uasset
[2018.03.18-04.17.15:694][370]SourceControl: 	GoBlock/Saved/Backup/Blockcharacter_2018-02-19-22-08-06.uasset
[2018.03.18-04.17.15:694][370]SourceControl: 	GoBlock/Saved/Backup/Blockcharacter_2018-02-19-22-20-29.uasset
[2018.03.18-04.17.15:694][370]SourceControl: 	GoBlock/Saved/Backup/Blockcharacter_2018-02-19-22-33-44.uasset
[2018.03.18-04.17.15:694][370]SourceControl: 	GoBlock/Saved/Backup/Blockcharacter_2018-02-19-22-39-48.uasset
[2018.03.18-04.17.15:694][370]SourceControl: 	GoBlock/Saved/Backup/Blockcharacter_2018-02-20-00-15-07.uasset
[2018.03.18-04.17.15:694][370]SourceControl: 	GoBlock/Saved/Backup/Blockcharacter_2018-02-20-00-26-54.uasset
[2018.03.18-04.17.15:694][370]SourceControl: 	GoBlock/Saved/Backup/Blockcharacter_2018-02-20-01-01-15.uasset
[2018.03.18-04.17.15:694][370]SourceControl: 	GoBlock/Saved/Backup/Blockcharacter_2018-02-20-01-10-27.uasset
[2018.03.18-04.17.15:694][370]SourceControl: 	GoBlock/Saved/Backup/Blocker_2018-02-19-20-12-01.uasset
[2018.03.18-04.17.15:694][370]SourceControl: 	GoBlock/Saved/Backup/Blocker_2018-02-19-22-13-56.uasset
[2018.03.18-04.17.15:694][370]SourceControl: 	GoBlock/Saved/Backup/Blocker_2018-02-19-22-19-13.uasset
[2018.03.18-04.17.15:694][370]SourceControl: 	GoBlock/Saved/Backup/Blocker_2018-03-16-21-59-14.uasset
[2018.03.18-04.17.15:694][370]SourceControl: 	GoBlock/Saved/Backup/GoBlock_2018-02-19-21-18-35.umap
[2018.03.18-04.17.15:694][370]SourceControl: 	GoBlock/Saved/Backup/GoBlock_2018-02-19-21-29-59.umap
[2018.03.18-04.17.15:695][370]SourceControl: 	GoBlock/Saved/Backup/GoBlock_2018-02-19-22-09-49.umap
[2018.03.18-04.17.15:695][370]SourceControl: 	GoBlock/Saved/Backup/Item_2018-02-19-23-22-02.uasset
[2018.03.18-04.17.15:695][370]SourceControl: 	GoBlock/Saved/Backup/Item_2018-02-19-23-30-43.uasset
[2018.03.18-04.17.15:695][370]SourceControl: 	GoBlock/Saved/Backup/M_Tech_Hex_Tile_Pulse_2018-02-18-23-56-31.uasset
[2018.03.18-04.17.15:695][370]SourceControl: 	GoBlock/Saved/Backup/RunCharacter_2018-02-20-00-15-07.uasset
[2018.03.18-04.17.15:695][370]SourceControl: 	GoBlock/Saved/Backup/RunCharacter_2018-02-20-00-26-54.uasset
[2018.03.18-04.17.15:695][370]SourceControl: 	GoBlock/Saved/Backup/RunCharacter_2018-02-20-01-10-28.uasset
[2018.03.18-04.17.15:695][370]SourceControl: 	GoBlock/Saved/Backup/RunGamemode_2018-02-18-23-56-31.uasset
[2018.03.18-04.17.15:695][370]SourceControl: 	GoBlock/Saved/Backup/RunGamemode_2018-02-19-19-54-00.uasset
[2018.03.18-04.17.15:695][370]SourceControl: 	GoBlock/Saved/Backup/RunGamemode_2018-02-19-21-30-00.uasset
[2018.03.18-04.17.15:695][370]SourceControl: 	GoBlock/Saved/Backup/bensound-dance_Cue_2018-02-19-22-13-34.uasset
[2018.03.18-04.17.15:695][370]SourceControl: 	GoBlock/Saved/Backup/bensound-house_Cue_2018-02-19-21-18-32.uasset
[2018.03.18-04.17.15:695][370]SourceControl: 	GoBlock/Saved/Backup/carpickup_2018-02-19-23-46-01.uasset
[2018.03.18-04.17.15:695][370]SourceControl: 	GoBlock/Saved/Backup/carpickup_2018-02-20-00-03-20.uasset
[2018.03.18-04.17.15:695][370]SourceControl: 	GoBlock/Saved/Backup/carpickup_2018-02-20-00-15-07.uasset
[2018.03.18-04.17.15:695][370]SourceControl: 	GoBlock/Saved/Backup/carpickup_2018-02-20-00-26-55.uasset
[2018.03.18-04.17.15:695][370]SourceControl: 	GoBlock/Saved/Backup/carpickup_2018-02-20-00-37-07.uasset
[2018.03.18-04.17.15:695][370]SourceControl: 	GoBlock/Saved/Backup/carpickup_2018-02-20-00-50-08.uasset
[2018.03.18-04.17.15:695][370]SourceControl: 	GoBlock/Saved/Backup/carpickup_2018-02-20-01-01-15.uasset
[2018.03.18-04.17.15:695][370]SourceControl: 	GoBlock/Saved/Backup/carpickup_2018-02-20-01-10-28.uasset
[2018.03.18-04.17.15:695][370]SourceControl: 	GoBlock/Saved/Config/CrashReportClient/UE4CC-Windows-1D0E680447984E3C93EFA6A0EF01F8D5/
[2018.03.18-04.17.15:695][370]SourceControl: 	GoBlock/Saved/Config/CrashReportClient/UE4CC-Windows-3237FF8E4E010EB8D196AD8B37E818A4/
[2018.03.18-04.17.15:695][370]SourceControl: 	GoBlock/Saved/Config/CrashReportClient/UE4CC-Windows-3C2DF3744DFA45A1D6EE76B4D7426762/
[2018.03.18-04.17.15:695][370]SourceControl: 	GoBlock/Saved/Config/CrashReportClient/UE4CC-Windows-4881A9314A98E7493E395EB8B1A0444B/
[2018.03.18-04.17.15:695][370]SourceControl: 	GoBlock/Saved/Config/CrashReportClient/UE4CC-Windows-5539848A4760A3F64BE0CB8F29C86007/
[2018.03.18-04.17.15:695][370]SourceControl: 	GoBlock/Saved/Config/CrashReportClient/UE4CC-Windows-5C5140C74D66E79CCD2BF09F4BA54267/
[2018.03.18-04.17.15:695][370]SourceControl: 	GoBlock/Saved/Config/CrashReportClient/UE4CC-Windows-6386B53743B26DFB828AD58662622A55/
[2018.03.18-04.17.15:695][370]SourceControl: 	GoBlock/Saved/Config/CrashReportClient/UE4CC-Windows-98FE1F6540FEFCD431C00BB82968ED64/
[2018.03.18-04.17.15:695][370]SourceControl: 	GoBlock/Saved/Config/CrashReportClient/UE4CC-Windows-A06FC6AB4621AF4AF94E5D83232E1751/
[2018.03.18-04.17.15:695][370]SourceControl: 	GoBlock/Saved/Config/CrashReportClient/UE4CC-Windows-A3C0A33E4BDB4E4C062A19B6660E8FFC/
[2018.03.18-04.17.15:695][370]SourceControl: 	GoBlock/Saved/Config/CrashReportClient/UE4CC-Windows-B069201D46FA3568E8F891ABFDDD1965/
[2018.03.18-04.17.15:695][370]SourceControl: 	GoBlock/Saved/Config/CrashReportClient/UE4CC-Windows-BE0AFDD84ACA817248503DA27CB75F27/
[2018.03.18-04.17.15:695][370]SourceControl: 	GoBlock/Saved/Config/CrashReportClient/UE4CC-Windows-BFBC9D954D26AE9C3E7D3A85C44FC167/
[2018.03.18-04.17.15:695][370]SourceControl: 	GoBlock/Saved/Config/CrashReportClient/UE4CC-Windows-C9FC046E46B49409C9C90589004C7DF2/
[2018.03.18-04.17.15:695][370]SourceControl: 	GoBlock/Saved/Config/CrashReportClient/UE4CC-Windows-DF86F82C4BB9AA8F3939B084871A4D0C/
[2018.03.18-04.17.15:695][370]SourceControl: 	GoBlock/Saved/Config/CrashReportClient/UE4CC-Windows-F23E96D642E9B40E1036729776F87499/
[2018.03.18-04.17.15:695][370]SourceControl: 	GoBlock/Saved/Cooked/
[2018.03.18-04.17.15:695][370]SourceControl: 	GoBlock/Saved/Logs/GoBlock-backup-2018.02.19-18.52.24.log
[2018.03.18-04.17.15:695][370]SourceControl: 	GoBlock/Saved/Logs/GoBlock-backup-2018.02.19-22.54.15.log
[2018.03.18-04.17.15:695][370]SourceControl: 	GoBlock/Saved/Logs/GoBlock-backup-2018.03.17-21.30.44.log
[2018.03.18-04.17.15:695][370]SourceControl: 	GoBlock/Saved/Logs/GoBlock-backup-2018.03.17-21.40.45.log
[2018.03.18-04.17.15:695][370]SourceControl: 	GoBlock/Saved/Logs/GoBlock-backup-2018.03.17-21.52.34.log
[2018.03.18-04.17.15:695][370]SourceControl: 	GoBlock/Saved/Logs/GoBlock-backup-2018.03.17-22.00.22.log
[2018.03.18-04.17.15:695][370]SourceControl: 	GoBlock/Saved/Logs/GoBlock-backup-2018.03.17-22.06.07.log
[2018.03.18-04.17.15:695][370]SourceControl: 	GoBlock/Saved/Logs/GoBlock-backup-2018.03.17-22.19.17.log
[2018.03.18-04.17.15:695][370]SourceControl: 	GoBlock/Saved/Logs/GoBlock-backup-2018.03.17-23.02.42.log
[2018.03.18-04.17.15:695][370]SourceControl: 	GoBlock/Saved/Logs/GoBlock-backup-2018.03.17-23.15.27.log
[2018.03.18-04.17.15:695][370]SourceControl: 	GoBlock/Saved/Logs/GoBlock_2-backup-2018.03.17-21.58.36.log
[2018.03.18-04.17.15:695][370]SourceControl: 	GoBlock/Saved/StagedBuilds/
[2018.03.18-04.17.15:695][370]SourceControl: 	GoBlock/Saved/Temp/
[2018.03.18-04.17.15:695][370]SourceControl: no changes added to commit (use "git add" and/or "git commit -a")
[2018.03.18-04.44.03:446][609]LogSlate: Took 0.000405 seconds to synchronously load lazily loaded font '../../../Engine/Content/Slate/Fonts/Roboto-Light.ttf' (159K)
[2018.03.18-04.44.04:254][609]LogSlate: Took 0.000420 seconds to synchronously load lazily loaded font '../../../Engine/Content/Slate/Fonts/Roboto-Regular.ttf' (155K)
[2018.03.18-04.44.04:537][609]LogContentBrowser: Native class hierarchy updated for 'BlueprintGraph' in 0.0032 seconds. Added 116 classes and 0 folders.
[2018.03.18-04.44.07:534][609]LogLinker: Warning: Can't find file '/Game/ThirdPersonCPP/Blueprints/carcharacter.carcharacter'
[2018.03.18-04.44.08:485][609]LogSlate: Took 0.011059 seconds to synchronously load lazily loaded font '../../../Engine/Content/Editor/Slate/Fonts/Roboto-BoldCondensed.ttf' (158K)
[2018.03.18-04.44.09:131][610]LogSlate: Took 0.020626 seconds to synchronously load lazily loaded font '../../../Engine/Content/Editor/Slate/Fonts/Roboto-Italic.ttf' (157K)
[2018.03.18-04.47.14:604][777]LogTemp: Repeating last play command: Selected Viewport
[2018.03.18-04.47.14:850][777]LogPlayLevel: PlayLevel: No blueprints needed recompiling
[2018.03.18-04.47.14:873][777]PIE: New page: PIE session: GoBlock (Mar 17, 2018, 6:47:14 PM)
[2018.03.18-04.47.14:873][777]LogPlayLevel: Creating play world package: /Game/ThirdPersonCPP/Maps/UEDPIE_0_GoBlock
[2018.03.18-04.47.14:886][777]LogPlayLevel: PIE: StaticDuplicateObject took: (0.013117s)
[2018.03.18-04.47.14:888][777]LogAIModule: Creating AISystem for world GoBlock
[2018.03.18-04.47.14:889][777]LogPlayLevel: PIE: World Init took: (0.002260s)
[2018.03.18-04.47.14:890][777]LogPlayLevel: PIE: Created PIE world by copying editor world from /Game/ThirdPersonCPP/Maps/GoBlock.GoBlock to /Game/ThirdPersonCPP/Maps/UEDPIE_0_GoBlock.GoBlock (0.016201s)
[2018.03.18-04.47.14:958][777]LogInit: XAudio2 using 'Headset Earphone (Corsair VOID RGB USB Gaming Headset)' : 6 channels at 48 kHz using 16 bits per sample (channel mask 0x3f)
[2018.03.18-04.47.15:276][777]LogInit: FAudioDevice initialized.
[2018.03.18-04.47.15:401][777]LogLoad: Game class is 'RunGamemode_C'
[2018.03.18-04.47.15:405][777]LogWorld: Bringing World /Game/ThirdPersonCPP/Maps/UEDPIE_0_GoBlock.GoBlock up for play (max tick rate 0) at 2018.03.17-23.47.15
[2018.03.18-04.47.15:406][777]LogWorld: Bringing up level for play took: 0.001226
[2018.03.18-04.47.15:492][777]LogContentBrowser: Native class hierarchy updated for 'MovieSceneCapture' in 0.0021 seconds. Added 11 classes and 0 folders.
[2018.03.18-04.47.15:525][777]PIE: Play in editor start time for /Game/ThirdPersonCPP/Maps/UEDPIE_0_GoBlock 0.593
[2018.03.18-04.47.15:589][777]LogRenderer: Reallocating scene render targets to support 1292x924 Format 10 NumSamples 1 (Frame:1).
[2018.03.18-04.49.10:073][226]SourceControl: Error: fatal: Invalid path '/Script': No such file or directory
[2018.03.18-04.49.26:069][ 35]LogTemp: Repeating last play command: Selected Viewport
[2018.03.18-04.49.26:107][ 35]BlueprintLog: New page: Pre-Play auto-recompile
[2018.03.18-04.49.26:139][ 35]LogPlayLevel: [PlayLevel] Compiling RunGamemode before play...
[2018.03.18-04.49.26:251][ 35]LogPlayLevel: PlayLevel: Blueprint regeneration took 143 ms (1 blueprints)
[2018.03.18-04.49.26:251][ 35]PIE: New page: PIE session: GoBlock (Mar 17, 2018, 6:49:26 PM)
[2018.03.18-04.49.26:251][ 35]LogPlayLevel: Creating play world package: /Game/ThirdPersonCPP/Maps/UEDPIE_0_GoBlock
[2018.03.18-04.49.26:257][ 35]LogPlayLevel: PIE: StaticDuplicateObject took: (0.005937s)
[2018.03.18-04.49.26:258][ 35]LogAIModule: Creating AISystem for world GoBlock
[2018.03.18-04.49.26:258][ 35]LogPlayLevel: PIE: World Init took: (0.000886s)
[2018.03.18-04.49.26:258][ 35]LogPlayLevel: PIE: Created PIE world by copying editor world from /Game/ThirdPersonCPP/Maps/GoBlock.GoBlock to /Game/ThirdPersonCPP/Maps/UEDPIE_0_GoBlock.GoBlock (0.007257s)
[2018.03.18-04.49.26:313][ 35]LogInit: XAudio2 using 'Headset Earphone (Corsair VOID RGB USB Gaming Headset)' : 6 channels at 48 kHz using 16 bits per sample (channel mask 0x3f)
[2018.03.18-04.49.26:695][ 35]LogInit: FAudioDevice initialized.
[2018.03.18-04.49.26:736][ 35]LogLoad: Game class is 'RunGamemode_C'
[2018.03.18-04.49.26:738][ 35]LogWorld: Bringing World /Game/ThirdPersonCPP/Maps/UEDPIE_0_GoBlock.GoBlock up for play (max tick rate 0) at 2018.03.17-23.49.26
[2018.03.18-04.49.26:738][ 35]LogWorld: Bringing up level for play took: 0.000649
[2018.03.18-04.49.26:755][ 35]PIE: Play in editor start time for /Game/ThirdPersonCPP/Maps/UEDPIE_0_GoBlock -0.177
[2018.03.18-04.49.26:823][ 36]LogCharacterMovement: Warning: GetSimulationTimeStep() - Max iterations 8 hit while remaining time 0.065040 > MaxSimulationTimeStep (0.050) for 'Blockcharacter_C_0', movement 'Walking'
[2018.03.18-04.49.35:205][991]Cmd: RestartLevel
[2018.03.18-04.49.35:214][992]LogNet: Browse: /Game/ThirdPersonCPP/Maps/GoBlock?restart
[2018.03.18-04.49.35:214][992]LogLoad: LoadMap: /Game/ThirdPersonCPP/Maps/GoBlock
[2018.03.18-04.49.35:266][992]LogPlayLevel: Creating play world package: /Game/ThirdPersonCPP/Maps/UEDPIE_0_GoBlock
[2018.03.18-04.49.35:272][992]LogPlayLevel: PIE: StaticDuplicateObject took: (0.005398s)
[2018.03.18-04.49.35:273][992]LogAIModule: Creating AISystem for world GoBlock
[2018.03.18-04.49.35:273][992]LogPlayLevel: PIE: World Init took: (0.001203s)
[2018.03.18-04.49.35:273][992]LogPlayLevel: PIE: Created PIE world by copying editor world from /Game/ThirdPersonCPP/Maps/GoBlock.GoBlock to /Game/ThirdPersonCPP/Maps/UEDPIE_0_GoBlock.GoBlock (0.006970s)
[2018.03.18-04.49.35:273][992]LogLoad: Game class is 'RunGamemode_C'
[2018.03.18-04.49.35:274][992]LogWorld: Bringing World /Game/ThirdPersonCPP/Maps/UEDPIE_0_GoBlock.GoBlock up for play (max tick rate 0) at 2018.03.17-23.49.35
[2018.03.18-04.49.35:275][992]LogWorld: Bringing up level for play took: 0.000634
[2018.03.18-04.49.35:291][992]LogLoad: Took 0.076767 seconds to LoadMap(/Game/ThirdPersonCPP/Maps/UEDPIE_0_GoBlock)
[2018.03.18-04.51.12:545][945]LogFileHelpers: Editor autosave (incl. sublevels) for '/Game/ThirdPersonCPP/Maps/GoBlock' took 0.054
[2018.03.18-04.51.12:567][945]OBJ SavePackage: Generating thumbnails for [0] asset(s) in package [/Game/ThirdPersonCPP/Blueprints/RunGamemode] ([1] browsable assets)...
[2018.03.18-04.51.12:567][945]OBJ SavePackage: Finished generating thumbnails for package [/Game/ThirdPersonCPP/Blueprints/RunGamemode]
[2018.03.18-04.51.12:710][945]LogSavePackage: Save=58.10ms
[2018.03.18-04.51.12:710][945]LogSavePackage: Moving '../../../../../../Users/ldm0196/Desktop/bleh/Gameprogramming2/GoBlock/Saved/RunGamemode_Auto1FE25475D4C133CD421CEE69B656B5637.tmp' to '../../../../../../Users/ldm0196/Desktop/bleh/Gameprogramming2/GoBlock/Saved/Autosaves/Game/ThirdPersonCPP/Blueprints/RunGamemode_Auto1.uasset'
[2018.03.18-04.51.12:716][945]LogSavePackage: Display: Finished SavePackage ../../../../../../Users/ldm0196/Desktop/bleh/Gameprogramming2/GoBlock/Saved/Autosaves/Game/ThirdPersonCPP/Blueprints/RunGamemode_Auto1.uasset
[2018.03.18-04.51.12:716][945]LogFileHelpers: Auto-saving content packages took 0.170
[2018.03.18-04.52.02:870][180]LogSavePackage: Save=25.13ms
[2018.03.18-04.52.02:870][180]LogSavePackage: Moving '../../../../../../Users/ldm0196/Desktop/bleh/Gameprogramming2/GoBlock/Saved/RunGamemode5417996B4DFC85C662293C800A3E8D67.tmp' to '../../../../../../Users/ldm0196/Desktop/bleh/Gameprogramming2/GoBlock/Content/ThirdPersonCPP/Blueprints/RunGamemode.uasset'
[2018.03.18-04.52.02:877][180]LogSavePackage: Display: Finished SavePackage ../../../../../../Users/ldm0196/Desktop/bleh/Gameprogramming2/GoBlock/Content/ThirdPersonCPP/Blueprints/RunGamemode.uasset
[2018.03.18-04.52.03:222][180]LogActorComponent: UnregisterComponent: (/Engine/Transient.EditorFloorComp) Not registered. Aborting.
[2018.03.18-04.52.03:326][180]LogActorComponent: UnregisterComponent: (/Engine/Transient.EditorFloorComp) Not registered. Aborting.
[2018.03.18-04.52.03:400][180]LogActorComponent: UnregisterComponent: (/Engine/Transient.EditorFloorComp) Not registered. Aborting.
[2018.03.18-04.52.03:505][180]LogActorComponent: UnregisterComponent: (/Engine/Transient.EditorFloorComp) Not registered. Aborting.
[2018.03.18-04.52.03:910][181]Cmd: QUIT_EDITOR
[2018.03.18-04.52.04:881][181]LogWindowsTextInputMethodSystem: Display: IME system now deactivated.
[2018.03.18-04.52.04:920][181]LogExit: Preparing to exit.
[2018.03.18-04.52.05:514][181]LogDirectoryWatcher: A directory notification for 'C:/Users/ldm0196/Desktop/bleh/Gameprogramming2/GoBlock/Content/' was aborted.
[2018.03.18-04.52.05:573][181]LogExit: Editor shut down
[2018.03.18-04.52.05:586][181]LogExit: Transaction tracking system shut down
[2018.03.18-04.52.05:793][181]LogDirectoryWatcher: A directory notification for '../../../Engine/Content/' was aborted.
[2018.03.18-04.52.05:794][181]LogDirectoryWatcher: A directory notification for '../../../../../../Users/ldm0196/Desktop/bleh/Gameprogramming2/GoBlock/Content/' was aborted.
[2018.03.18-04.52.05:794][181]LogDirectoryWatcher: A directory notification for '../../../Engine/Plugins/2D/Paper2D/Content/' was aborted.
[2018.03.18-04.52.05:794][181]LogDirectoryWatcher: A directory notification for '../../../Engine/Plugins/Media/MediaCompositing/Content/' was aborted.
[2018.03.18-04.52.05:794][181]LogDirectoryWatcher: A directory notification for '../../../Engine/Plugins/Runtime/AppleARKit/Content/' was aborted.
[2018.03.18-04.52.05:794][181]LogDirectoryWatcher: A directory notification for '../../../Engine/Plugins/Runtime/Oculus/OculusVR/Content/' was aborted.
[2018.03.18-04.52.05:795][181]LogDirectoryWatcher: A directory notification for '../../../Engine/Plugins/Runtime/Steam/SteamVR/Content/' was aborted.
[2018.03.18-04.52.05:946][181]LogExit: Object subsystem successfully closed.
[2018.03.18-04.52.05:981][181]LogD3D11RHI: Shutdown
[2018.03.18-04.52.05:981][181]LogD3D11RHI: CleanupD3DDevice
[2018.03.18-04.52.05:985][181]LogD3D11RHI: ~FD3D11DynamicRHI
[2018.03.18-04.52.06:009][181]LogModuleManager: Shutting down and abandoning module MovieSceneCapture (556)
[2018.03.18-04.52.06:009][181]LogModuleManager: Shutting down and abandoning module BlueprintGraph (554)
[2018.03.18-04.52.06:009][181]LogModuleManager: Shutting down and abandoning module HierarchicalLODOutliner (552)
[2018.03.18-04.52.06:009][181]LogModuleManager: Shutting down and abandoning module ExternalImagePicker (550)
[2018.03.18-04.52.06:009][181]LogModuleManager: Shutting down and abandoning module DesktopPlatform (548)
[2018.03.18-04.52.06:009][181]LogModuleManager: Shutting down and abandoning module SceneOutliner (546)
[2018.03.18-04.52.06:009][181]LogModuleManager: Shutting down and abandoning module AddContentDialog (544)
[2018.03.18-04.52.06:009][181]LogDirectoryWatcher: A directory notification for 'C:/Program Files/Epic Games/UE_4.18/FeaturePacks/' was aborted.
[2018.03.18-04.52.06:011][181]LogModuleManager: Shutting down and abandoning module WidgetCarousel (543)
[2018.03.18-04.52.06:011][181]LogModuleManager: Shutting down and abandoning module EditorWidgets (540)
[2018.03.18-04.52.06:011][181]LogModuleManager: Shutting down and abandoning module CollectionManager (538)
[2018.03.18-04.52.06:011][181]LogDirectoryWatcher: A directory notification for 'C:/Users/ldm0196/Desktop/bleh/Gameprogramming2/GoBlock/Content/Collections/' was aborted.
[2018.03.18-04.52.06:011][181]LogDirectoryWatcher: A directory notification for 'C:/Users/ldm0196/Desktop/bleh/Gameprogramming2/GoBlock/Content/Developers/ldm0196/Collections/' was aborted.
[2018.03.18-04.52.06:011][181]LogDirectoryWatcher: A directory notification for 'C:/Users/ldm0196/Desktop/bleh/Gameprogramming2/GoBlock/Saved/Collections/' was aborted.
[2018.03.18-04.52.06:011][181]LogModuleManager: Shutting down and abandoning module StatsViewer (536)
[2018.03.18-04.52.06:011][181]LogModuleManager: Shutting down and abandoning module FoliageEdit (534)
[2018.03.18-04.52.06:011][181]LogModuleManager: Shutting down and abandoning module LandscapeEditor (532)
[2018.03.18-04.52.06:011][181]LogModuleManager: Shutting down and abandoning module MeshPaintMode (530)
[2018.03.18-04.52.06:011][181]LogModuleManager: Shutting down and abandoning module SceneDepthPickerMode (528)
[2018.03.18-04.52.06:012][181]LogModuleManager: Shutting down and abandoning module ActorPickerMode (526)
[2018.03.18-04.52.06:012][181]LogModuleManager: Shutting down and abandoning module GeometryMode (524)
[2018.03.18-04.52.06:012][181]LogModuleManager: Shutting down and abandoning module TextureAlignMode (522)
[2018.03.18-04.52.06:012][181]LogModuleManager: Shutting down and abandoning module BspMode (520)
[2018.03.18-04.52.06:012][181]LogModuleManager: Shutting down and abandoning module PIEPreviewDeviceProfileSelector (518)
[2018.03.18-04.52.06:012][181]LogModuleManager: Shutting down and abandoning module HardwareSurvey (516)
[2018.03.18-04.52.06:012][181]LogModuleManager: Shutting down and abandoning module SequenceRecorderSections (514)
[2018.03.18-04.52.06:012][181]LogModuleManager: Shutting down and abandoning module AutomationWorker (512)
[2018.03.18-04.52.06:012][181]LogModuleManager: Shutting down and abandoning module MatineeToLevelSequence (510)
[2018.03.18-04.52.06:012][181]LogModuleManager: Shutting down and abandoning module LevelSequenceEditor (508)
[2018.03.18-04.52.06:012][181]LogModuleManager: Shutting down and abandoning module PlacementMode (507)
[2018.03.18-04.52.06:012][181]LogModuleManager: Shutting down and abandoning module WmfMediaFactory (504)
[2018.03.18-04.52.06:012][181]LogModuleManager: Shutting down and abandoning module WmfMediaEditor (502)
[2018.03.18-04.52.06:012][181]LogModuleManager: Shutting down and abandoning module OpenExrWrapper (500)
[2018.03.18-04.52.06:012][181]LogModuleManager: Shutting down and abandoning module ImgMediaFactory (498)
[2018.03.18-04.52.06:012][181]LogModuleManager: Shutting down and abandoning module ImgMediaEditor (496)
[2018.03.18-04.52.06:012][181]LogModuleManager: Shutting down and abandoning module AvfMediaFactory (494)
[2018.03.18-04.52.06:012][181]LogModuleManager: Shutting down and abandoning module AvfMediaEditor (492)
[2018.03.18-04.52.06:012][181]LogModuleManager: Shutting down and abandoning module AndroidMediaFactory (490)
[2018.03.18-04.52.06:012][181]LogModuleManager: Shutting down and abandoning module AndroidMediaEditor (488)
[2018.03.18-04.52.06:012][181]LogModuleManager: Shutting down and abandoning module CharacterAI (486)
[2018.03.18-04.52.06:012][181]LogModuleManager: Shutting down and abandoning module AudioCapture (484)
[2018.03.18-04.52.06:012][181]LogModuleManager: Shutting down and abandoning module SequenceRecorder (483)
[2018.03.18-04.52.06:012][181]LogModuleManager: Shutting down and abandoning module SmartSnapping (480)
[2018.03.18-04.52.06:012][181]LogModuleManager: Shutting down and abandoning module SessionServices (478)
[2018.03.18-04.52.06:012][181]LogModuleManager: Shutting down and abandoning module ViewportSnapping (476)
[2018.03.18-04.52.06:012][181]LogModuleManager: Shutting down and abandoning module ViewportInteraction (474)
[2018.03.18-04.52.06:012][181]LogModuleManager: Shutting down and abandoning module ClothPainter (472)
[2018.03.18-04.52.06:012][181]LogModuleManager: Shutting down and abandoning module SkeletalMeshEditor (471)
[2018.03.18-04.52.06:012][181]LogModuleManager: Shutting down and abandoning module LogVisualizer (468)
[2018.03.18-04.52.06:012][181]LogModuleManager: Shutting down and abandoning module IntroTutorials (466)
[2018.03.18-04.52.06:013][181]LogModuleManager: Shutting down and abandoning module GameProjectGeneration (465)
[2018.03.18-04.52.06:013][181]LogModuleManager: Shutting down and abandoning module IOSPlatformEditor (462)
[2018.03.18-04.52.06:013][181]LogModuleManager: Shutting down and abandoning module HTML5PlatformEditor (460)
[2018.03.18-04.52.06:013][181]LogModuleManager: Shutting down and abandoning module AndroidPlatformEditor (458)
[2018.03.18-04.52.06:013][181]LogModuleManager: Shutting down and abandoning module AndroidDeviceDetection (457)
[2018.03.18-04.52.06:453][181]LogModuleManager: Shutting down and abandoning module WindowsPlatformEditor (454)
[2018.03.18-04.52.06:453][181]LogModuleManager: Shutting down and abandoning module IOSRuntimeSettings (452)
[2018.03.18-04.52.06:453][181]LogModuleManager: Shutting down and abandoning module AndroidRuntimeSettings (450)
[2018.03.18-04.52.06:453][181]LogModuleManager: Shutting down and abandoning module InputBindingEditor (448)
[2018.03.18-04.52.06:453][181]LogModuleManager: Shutting down and abandoning module MergeActors (446)
[2018.03.18-04.52.06:453][181]LogModuleManager: Shutting down and abandoning module SizeMap (444)
[2018.03.18-04.52.06:453][181]LogModuleManager: Shutting down and abandoning module TreeMap (442)
[2018.03.18-04.52.06:453][181]LogModuleManager: Shutting down and abandoning module ReferenceViewer (440)
[2018.03.18-04.52.06:453][181]LogModuleManager: Shutting down and abandoning module LocalizationDashboard (438)
[2018.03.18-04.52.06:453][181]LogModuleManager: Shutting down and abandoning module LocalizationService (437)
[2018.03.18-04.52.06:453][181]LogModuleManager: Shutting down and abandoning module HardwareTargeting (434)
[2018.03.18-04.52.06:453][181]LogModuleManager: Shutting down and abandoning module DeviceProfileEditor (432)
[2018.03.18-04.52.06:453][181]LogModuleManager: Shutting down and abandoning module UndoHistory (430)
[2018.03.18-04.52.06:453][181]LogModuleManager: Shutting down and abandoning module XmlParser (428)
[2018.03.18-04.52.06:453][181]LogModuleManager: Shutting down and abandoning module Blutility (426)
[2018.03.18-04.52.06:454][181]LogModuleManager: Shutting down and abandoning module ProjectSettingsViewer (424)
[2018.03.18-04.52.06:454][181]LogModuleManager: Shutting down and abandoning module ProjectTargetPlatformEditor (423)
[2018.03.18-04.52.06:454][181]LogModuleManager: Shutting down and abandoning module EditorSettingsViewer (420)
[2018.03.18-04.52.06:454][181]LogModuleManager: Shutting down and abandoning module SettingsEditor (418)
[2018.03.18-04.52.06:454][181]LogModuleManager: Shutting down and abandoning module ProjectLauncher (416)
[2018.03.18-04.52.06:454][181]LogModuleManager: Shutting down and abandoning module SessionFrontend (414)
[2018.03.18-04.52.06:454][181]LogModuleManager: Shutting down and abandoning module ProfilerClient (412)
[2018.03.18-04.52.06:454][181]LogModuleManager: Shutting down and abandoning module DeviceManager (410)
[2018.03.18-04.52.06:454][181]LogModuleManager: Shutting down and abandoning module TargetDeviceServices (409)
[2018.03.18-04.52.06:520][181]LogModuleManager: Shutting down and abandoning module AutomationController (406)
[2018.03.18-04.52.06:520][181]LogModuleManager: Shutting down and abandoning module AutomationWindow (404)
[2018.03.18-04.52.06:520][181]LogModuleManager: Shutting down and abandoning module Layers (402)
[2018.03.18-04.52.06:520][181]LogModuleManager: Shutting down and abandoning module ComponentVisualizers (400)
[2018.03.18-04.52.06:520][181]LogModuleManager: Shutting down and abandoning module DetailCustomizations (398)
[2018.03.18-04.52.06:520][181]LogModuleManager: Shutting down and abandoning module PackagesDialog (396)
[2018.03.18-04.52.06:521][181]LogModuleManager: Shutting down and abandoning module Persona (394)
[2018.03.18-04.52.06:522][181]LogModuleManager: Shutting down and abandoning module AdvancedPreviewScene (393)
[2018.03.18-04.52.06:522][181]LogModuleManager: Shutting down and abandoning module AnimGraph (391)
[2018.03.18-04.52.06:522][181]LogModuleManager: Shutting down and abandoning module Kismet (388)
[2018.03.18-04.52.06:538][181]LogModuleManager: Shutting down and abandoning module ClassViewer (386)
[2018.03.18-04.52.06:541][181]LogModuleManager: Shutting down and abandoning module Toolbox (384)
[2018.03.18-04.52.06:541][181]LogModuleManager: Shutting down and abandoning module ModuleUI (382)
[2018.03.18-04.52.06:541][181]LogModuleManager: Shutting down and abandoning module MovieSceneTools (380)
[2018.03.18-04.52.06:541][181]LogModuleManager: Shutting down and abandoning module OutputLog (378)
[2018.03.18-04.52.06:542][181]LogModuleManager: Shutting down and abandoning module GammaUI (376)
[2018.03.18-04.52.06:542][181]LogModuleManager: Shutting down and abandoning module Documentation (374)
[2018.03.18-04.52.06:542][181]LogModuleManager: Shutting down and abandoning module MovieSceneTracks (372)
[2018.03.18-04.52.06:542][181]LogModuleManager: Shutting down and abandoning module MovieScene (370)
[2018.03.18-04.52.06:542][181]LogModuleManager: Shutting down and abandoning module StreamingPauseRendering (368)
[2018.03.18-04.52.06:542][181]LogModuleManager: Shutting down and abandoning module LauncherPlatform (366)
[2018.03.18-04.52.06:542][181]LogModuleManager: Shutting down and abandoning module AnalyticsET (364)
[2018.03.18-04.52.06:542][181]LogModuleManager: Shutting down and abandoning module PortalServices (362)
[2018.03.18-04.52.06:542][181]LogModuleManager: Shutting down and abandoning module PortalRpc (360)
[2018.03.18-04.52.06:542][181]LogModuleManager: Shutting down and abandoning module MessagingRpc (358)
[2018.03.18-04.52.06:542][181]LogModuleManager: Shutting down and abandoning module AIModule (356)
[2018.03.18-04.52.06:542][181]LogModuleManager: Shutting down and abandoning module GameplayDebugger (355)
[2018.03.18-04.52.06:543][181]LogModuleManager: Shutting down and abandoning module AITestSuite (353)
[2018.03.18-04.52.06:543][181]LogModuleManager: Shutting down and abandoning module ProfilerService (350)
[2018.03.18-04.52.06:726][181]LogModuleManager: Shutting down and abandoning module TaskGraph (348)
[2018.03.18-04.52.06:726][181]LogModuleManager: Shutting down and abandoning module SteamVRController (346)
[2018.03.18-04.52.06:726][181]LogModuleManager: Shutting down and abandoning module ProceduralMeshComponentEditor (344)
[2018.03.18-04.52.06:726][181]LogModuleManager: Shutting down and abandoning module ProceduralMeshComponent (342)
[2018.03.18-04.52.06:726][181]LogModuleManager: Shutting down and abandoning module OculusInput (340)
[2018.03.18-04.52.06:726][181]LogModuleManager: Shutting down and abandoning module MobilePatchingUtils (338)
[2018.03.18-04.52.06:726][181]LogModuleManager: Shutting down and abandoning module CustomMeshComponent (336)
[2018.03.18-04.52.06:726][181]LogModuleManager: Shutting down and abandoning module CableComponent (334)
[2018.03.18-04.52.06:726][181]LogModuleManager: Shutting down and abandoning module ArchVisCharacter (332)
[2018.03.18-04.52.06:726][181]LogModuleManager: Shutting down and abandoning module AndroidPermission (330)
[2018.03.18-04.52.06:726][181]LogModuleManager: Shutting down and abandoning module ActorSequence (326)
[2018.03.18-04.52.06:726][181]LogModuleManager: Shutting down and abandoning module MediaPlayerEditor (324)
[2018.03.18-04.52.06:727][181]LogModuleManager: Shutting down and abandoning module MediaCompositingEditor (322)
[2018.03.18-04.52.06:727][181]LogModuleManager: Shutting down and abandoning module MediaCompositing (320)
[2018.03.18-04.52.06:727][181]LogModuleManager: Shutting down and abandoning module HTML5Networking (318)
[2018.03.18-04.52.06:727][181]LogModuleManager: Shutting down and abandoning module AlembicImporter (316)
[2018.03.18-04.52.06:727][181]LogModuleManager: Shutting down and abandoning module AlembicLibrary (315)
[2018.03.18-04.52.06:727][181]LogModuleManager: Shutting down and abandoning module GeometryCache (314)
[2018.03.18-04.52.06:727][181]LogModuleManager: Shutting down and abandoning module GeometryCacheEd (313)
[2018.03.18-04.52.06:727][181]LogModuleManager: Shutting down and abandoning module SpeedTreeImporter (308)
[2018.03.18-04.52.06:727][181]LogModuleManager: Shutting down and abandoning module PluginBrowser (306)
[2018.03.18-04.52.06:727][181]LogModuleManager: Shutting down and abandoning module MobileLauncherProfileWizard (304)
[2018.03.18-04.52.06:728][181]LogModuleManager: Shutting down and abandoning module VisualStudioSourceCodeAccess (302)
[2018.03.18-04.52.06:728][181]LogModuleManager: Shutting down and abandoning module VisualStudioCodeSourceCodeAccess (300)
[2018.03.18-04.52.06:728][181]LogModuleManager: Shutting down and abandoning module UObjectPlugin (298)
[2018.03.18-04.52.06:728][181]LogModuleManager: Shutting down and abandoning module SubversionSourceControl (296)
[2018.03.18-04.52.06:728][181]LogModuleManager: Shutting down and abandoning module PerforceSourceControl (294)
[2018.03.18-04.52.06:728][181]LogModuleManager: Shutting down and abandoning module GitSourceControl (292)
[2018.03.18-04.52.06:728][181]LogModuleManager: Shutting down and abandoning module SourceControl (291)
[2018.03.18-04.52.06:728][181]LogModuleManager: Shutting down and abandoning module LightPropagationVolumeEditor (288)
[2018.03.18-04.52.06:728][181]LogModuleManager: Shutting down and abandoning module PaperTiledImporter (286)
[2018.03.18-04.52.06:728][181]LogModuleManager: Shutting down and abandoning module PaperSpriteSheetImporter (284)
[2018.03.18-04.52.06:728][181]LogModuleManager: Shutting down and abandoning module Paper2DEditor (282)
[2018.03.18-04.52.06:729][181]LogModuleManager: Shutting down and abandoning module MeshPaint (281)
[2018.03.18-04.52.06:729][181]LogModuleManager: Shutting down and abandoning module LevelEditor (279)
[2018.03.18-04.52.06:731][181]LogModuleManager: Shutting down and abandoning module PixelInspectorModule (278)
[2018.03.18-04.52.06:731][181]LogModuleManager: Shutting down and abandoning module MainFrame (276)
[2018.03.18-04.52.06:732][181]LogModuleManager: Shutting down and abandoning module HotReload (275)
[2018.03.18-04.52.06:732][181]LogDirectoryWatcher: A directory notification for 'C:/Users/ldm0196/Desktop/bleh/Gameprogramming2/GoBlock/Binaries/Win64' was aborted.
[2018.03.18-04.52.06:733][181]LogModuleManager: Shutting down and abandoning module GoBlock (270)
[2018.03.18-04.52.06:733][181]LogModuleManager: Shutting down and abandoning module RuntimePhysXCooking (268)
[2018.03.18-04.52.06:733][181]LogModuleManager: Shutting down and abandoning module PhysXVehiclesEditor (266)
[2018.03.18-04.52.06:733][181]LogModuleManager: Shutting down and abandoning module PhysXVehicles (264)
[2018.03.18-04.52.06:733][181]LogModuleManager: Shutting down and abandoning module OculusEditor (262)
[2018.03.18-04.52.06:733][181]LogModuleManager: Shutting down and abandoning module LocationServicesBPLibrary (260)
[2018.03.18-04.52.06:733][181]LogModuleManager: Shutting down and abandoning module ImmediatePhysicsEditor (258)
[2018.03.18-04.52.06:734][181]LogModuleManager: Shutting down and abandoning module ImmediatePhysics (256)
[2018.03.18-04.52.06:734][181]LogModuleManager: Shutting down and abandoning module UdpMessaging (254)
[2018.03.18-04.52.06:834][181]LogModuleManager: Shutting down and abandoning module TcpMessaging (252)
[2018.03.18-04.52.06:935][181]LogModuleManager: Shutting down and abandoning module GameplayTagsEditor (250)
[2018.03.18-04.52.06:935][181]LogModuleManager: Shutting down and abandoning module FacialAnimationEditor (248)
[2018.03.18-04.52.06:935][181]LogModuleManager: Shutting down and abandoning module FacialAnimation (246)
[2018.03.18-04.52.06:935][181]LogModuleManager: Shutting down and abandoning module AssetManagerEditor (244)
[2018.03.18-04.52.06:935][181]LogModuleManager: Shutting down and abandoning module GraphEditor (243)
[2018.03.18-04.52.06:936][181]LogModuleManager: Shutting down and abandoning module ContentBrowser (241)
[2018.03.18-04.52.06:938][181]LogModuleManager: Shutting down and abandoning module LightPropagationVolumeRuntime (238)
[2018.03.18-04.52.06:938][181]LogModuleManager: Shutting down and abandoning module Paper2D (236)
[2018.03.18-04.52.06:938][181]LogModuleManager: Shutting down and abandoning module WindowsMoviePlayer (234)
[2018.03.18-04.52.06:938][181]LogModuleManager: Shutting down and abandoning module WmfMedia (232)
[2018.03.18-04.52.06:943][181]LogModuleManager: Shutting down and abandoning module ImgMedia (230)
[2018.03.18-04.52.06:943][181]LogModuleManager: Shutting down and abandoning module PacketHandler (228)
[2018.03.18-04.52.06:943][181]LogModuleManager: Shutting down and abandoning module ClothingSystemEditor (226)
[2018.03.18-04.52.06:943][181]LogModuleManager: Shutting down and abandoning module ClothingSystemRuntime (224)
[2018.03.18-04.52.06:943][181]LogModuleManager: Shutting down and abandoning module MediaAssets (222)
[2018.03.18-04.52.06:943][181]LogModuleManager: Shutting down and abandoning module Media (221)
[2018.03.18-04.52.06:949][181]LogModuleManager: Shutting down and abandoning module Overlay (218)
[2018.03.18-04.52.06:950][181]LogModuleManager: Shutting down and abandoning module OverlayEditor (217)
[2018.03.18-04.52.06:950][181]LogModuleManager: Shutting down and abandoning module VREditor (214)
[2018.03.18-04.52.06:950][181]LogModuleManager: Shutting down and abandoning module StringTableEditor (212)
[2018.03.18-04.52.06:950][181]LogModuleManager: Shutting down and abandoning module GameplayTasksEditor (210)
[2018.03.18-04.52.06:950][181]LogModuleManager: Shutting down and abandoning module BehaviorTreeEditor (208)
[2018.03.18-04.52.06:950][181]LogModuleManager: Shutting down and abandoning module FunctionalTesting (206)
[2018.03.18-04.52.06:950][181]LogModuleManager: Shutting down and abandoning module CollisionAnalyzer (204)
[2018.03.18-04.52.06:950][181]LogModuleManager: Shutting down and abandoning module WorkspaceMenuStructure (203)
[2018.03.18-04.52.06:950][181]LogModuleManager: Shutting down and abandoning module UMG (200)
[2018.03.18-04.52.06:950][181]LogModuleManager: Shutting down and abandoning module UMGEditor (199)
[2018.03.18-04.52.06:950][181]LogModuleManager: Shutting down and abandoning module Sequencer (198)
[2018.03.18-04.52.06:950][181]LogModuleManager: Shutting down and abandoning module MessageLog (195)
[2018.03.18-04.52.06:950][181]LogModuleManager: Shutting down and abandoning module SlateReflector (190)
[2018.03.18-04.52.06:950][181]LogModuleManager: Shutting down and abandoning module Slate (188)
[2018.03.18-04.52.06:950][181]LogModuleManager: Shutting down and abandoning module EditorStyle (186)
[2018.03.18-04.52.06:955][181]LogModuleManager: Shutting down and abandoning module MRMesh (184)
[2018.03.18-04.52.06:955][181]LogModuleManager: Shutting down and abandoning module SourceCodeAccess (182)
[2018.03.18-04.52.06:955][181]LogModuleManager: Shutting down and abandoning module HeadMountedDisplay (180)
[2018.03.18-04.52.06:955][181]LogModuleManager: Shutting down and abandoning module XAudio2 (178)
[2018.03.18-04.52.06:955][181]LogModuleManager: Shutting down and abandoning module Networking (176)
[2018.03.18-04.52.06:955][181]LogModuleManager: Shutting down and abandoning module Core (172)
[2018.03.18-04.52.06:955][181]LogModuleManager: Shutting down and abandoning module LevelSequence (168)
[2018.03.18-04.52.06:955][181]LogModuleManager: Shutting down and abandoning module DirectoryWatcher (166)
[2018.03.18-04.52.06:959][181]LogModuleManager: Shutting down and abandoning module KismetCompiler (164)
[2018.03.18-04.52.06:960][181]LogModuleManager: Shutting down and abandoning module MeshUtilities (162)
[2018.03.18-04.52.06:960][181]LogModuleManager: Shutting down and abandoning module MeshMergeUtilities (161)
[2018.03.18-04.52.06:960][181]LogModuleManager: Shutting down and abandoning module MeshReductionInterface (160)
[2018.03.18-04.52.06:960][181]LogModuleManager: Shutting down and abandoning module SimplygonSwarm (159)
[2018.03.18-04.52.06:960][181]LogModuleManager: Shutting down and abandoning module SimplygonMeshReduction (157)
[2018.03.18-04.52.06:960][181]LogModuleManager: Shutting down and abandoning module QuadricMeshReduction (155)
[2018.03.18-04.52.06:960][181]LogModuleManager: Shutting down and abandoning module MaterialBaking (151)
[2018.03.18-04.52.06:960][181]LogModuleManager: Shutting down and abandoning module DerivedDataCache (148)
[2018.03.18-04.52.06:994][181]LogDerivedDataCache: Shutdown
[2018.03.18-04.52.06:994][181]LogModuleManager: Shutting down and abandoning module TargetPlatform (146)
[2018.03.18-04.52.06:994][181]LogModuleManager: Shutting down and abandoning module VulkanShaderFormat (145)
[2018.03.18-04.52.06:994][181]LogModuleManager: Shutting down and abandoning module ShaderFormatVectorVM (143)
[2018.03.18-04.52.06:994][181]LogModuleManager: Shutting down and abandoning module ShaderFormatOpenGL (141)
[2018.03.18-04.52.06:994][181]LogModuleManager: Shutting down and abandoning module ShaderFormatD3D (139)
[2018.03.18-04.52.06:994][181]LogModuleManager: Shutting down and abandoning module MetalShaderFormat (137)
[2018.03.18-04.52.06:994][181]LogModuleManager: Shutting down and abandoning module TextureFormatUncompressed (135)
[2018.03.18-04.52.06:994][181]LogModuleManager: Shutting down and abandoning module TextureFormatPVR (133)
[2018.03.18-04.52.06:994][181]LogModuleManager: Shutting down and abandoning module TextureFormatDXT (131)
[2018.03.18-04.52.06:994][181]LogModuleManager: Shutting down and abandoning module TextureFormatIntelISPCTexComp (129)
[2018.03.18-04.52.06:994][181]LogModuleManager: Shutting down and abandoning module TextureFormatASTC (127)
[2018.03.18-04.52.06:994][181]LogModuleManager: Shutting down and abandoning module ImageWrapper (126)
[2018.03.18-04.52.06:994][181]LogModuleManager: Shutting down and abandoning module TextureFormatAndroid (123)
[2018.03.18-04.52.06:994][181]LogModuleManager: Shutting down and abandoning module AudioFormatOpus (121)
[2018.03.18-04.52.06:994][181]LogModuleManager: Shutting down and abandoning module AudioFormatOgg (119)
[2018.03.18-04.52.06:994][181]LogModuleManager: Shutting down and abandoning module AudioFormatADPCM (117)
[2018.03.18-04.52.06:994][181]LogModuleManager: Shutting down and abandoning module LinuxTargetPlatform (115)
[2018.03.18-04.52.06:995][181]LogModuleManager: Shutting down and abandoning module LinuxServerTargetPlatform (113)
[2018.03.18-04.52.06:995][181]LogModuleManager: Shutting down and abandoning module LinuxNoEditorTargetPlatform (111)
[2018.03.18-04.52.06:995][181]LogModuleManager: Shutting down and abandoning module LinuxClientTargetPlatform (109)
[2018.03.18-04.52.06:995][181]LogModuleManager: Shutting down and abandoning module TVOSTargetPlatform (107)
[2018.03.18-04.52.06:995][181]LogModuleManager: Shutting down and abandoning module Messaging (105)
[2018.03.18-04.52.06:995][181]LogModuleManager: Shutting down and abandoning module IOSTargetPlatform (103)
[2018.03.18-04.52.06:995][181]LogModuleManager: Shutting down and abandoning module HTML5TargetPlatform (101)
[2018.03.18-04.52.06:995][181]LogModuleManager: Shutting down and abandoning module AndroidTargetPlatform (99)
[2018.03.18-04.52.06:995][181]LogModuleManager: Shutting down and abandoning module Android_PVRTCTargetPlatform (97)
[2018.03.18-04.52.06:995][181]LogModuleManager: Shutting down and abandoning module Android_MultiTargetPlatform (95)
[2018.03.18-04.52.06:995][181]LogModuleManager: Shutting down and abandoning module Android_ETC2TargetPlatform (93)
[2018.03.18-04.52.06:995][181]LogModuleManager: Shutting down and abandoning module Android_ETC1TargetPlatform (91)
[2018.03.18-04.52.06:995][181]LogModuleManager: Shutting down and abandoning module Android_DXTTargetPlatform (89)
[2018.03.18-04.52.06:995][181]LogModuleManager: Shutting down and abandoning module Android_ATCTargetPlatform (87)
[2018.03.18-04.52.06:995][181]LogModuleManager: Shutting down and abandoning module Android_ASTCTargetPlatform (85)
[2018.03.18-04.52.06:995][181]LogModuleManager: Shutting down and abandoning module WindowsTargetPlatform (83)
[2018.03.18-04.52.06:995][181]LogModuleManager: Shutting down and abandoning module WindowsServerTargetPlatform (81)
[2018.03.18-04.52.06:995][181]LogModuleManager: Shutting down and abandoning module WindowsNoEditorTargetPlatform (79)
[2018.03.18-04.52.06:995][181]LogModuleManager: Shutting down and abandoning module WindowsClientTargetPlatform (77)
[2018.03.18-04.52.06:995][181]LogModuleManager: Shutting down and abandoning module MacTargetPlatform (75)
[2018.03.18-04.52.06:995][181]LogModuleManager: Shutting down and abandoning module MacServerTargetPlatform (73)
[2018.03.18-04.52.06:995][181]LogModuleManager: Shutting down and abandoning module MacNoEditorTargetPlatform (71)
[2018.03.18-04.52.06:995][181]LogModuleManager: Shutting down and abandoning module MacClientTargetPlatform (69)
[2018.03.18-04.52.06:995][181]LogModuleManager: Shutting down and abandoning module AllDesktopTargetPlatform (67)
[2018.03.18-04.52.06:995][181]LogModuleManager: Shutting down and abandoning module InputCore (64)
[2018.03.18-04.52.06:995][181]LogModuleManager: Shutting down and abandoning module Settings (62)
[2018.03.18-04.52.06:995][181]LogModuleManager: Shutting down and abandoning module PhysXCooking (60)
[2018.03.18-04.52.06:995][181]LogModuleManager: Shutting down and abandoning module SteamVR (58)
[2018.03.18-04.52.06:995][181]LogModuleManager: Shutting down and abandoning module OculusHMD (56)
[2018.03.18-04.52.06:995][181]LogModuleManager: Shutting down and abandoning module ExampleDeviceProfileSelector (54)
[2018.03.18-04.52.06:995][181]LogModuleManager: Shutting down and abandoning module AppleARKit (52)
[2018.03.18-04.52.06:995][181]LogModuleManager: Shutting down and abandoning module AugmentedReality (51)
[2018.03.18-04.52.06:995][181]LogModuleManager: Shutting down and abandoning module OnlineBlueprintSupport (48)
[2018.03.18-04.52.06:995][181]LogModuleManager: Shutting down and abandoning module OnlineSubsystem (44)
[2018.03.18-04.52.06:995][181]LogModuleManager: Shutting down and abandoning module XMPP (43)
[2018.03.18-04.52.06:995][181]LogModuleManager: Shutting down and abandoning module HTTP (41)
[2018.03.18-04.52.06:995][181]LogHttp: Display: Http module shutting down, but needs to wait on 1 outstanding Http requests:
[2018.03.18-04.52.06:995][181]LogHttp: Display: 	verb=[POST] url=[https://datarouter.ol.epicgames.com/datarouter/api/v1/public/data?SessionID=%7BA93197FE-44E8-0023-271D-F0A31CED99E3%7D&AppID=UEEditor.Rocket.Release&AppVersion=4.18.3-3832480%2B%2B%2BUE4%2BRelease-4.18&UserID=883838334487d0bd18224787d8437208%7Ca0896903123b474381968499ccac7e07%7C03baaca5-b596-4147-b286-fb4881750767&AppEnvironment=datacollector-binary&UploadType=eteventstream] status=Processing
[2018.03.18-04.52.07:015][181]LogModuleManager: Shutting down and abandoning module SSL (40)
[2018.03.18-04.52.07:017][181]LogModuleManager: Shutting down and abandoning module AnimationModifiers (36)
[2018.03.18-04.52.07:017][181]LogModuleManager: Shutting down and abandoning module PropertyEditor (35)
[2018.03.18-04.52.07:017][181]LogModuleManager: Shutting down and abandoning module AudioEditor (32)
[2018.03.18-04.52.07:017][181]LogModuleManager: Shutting down and abandoning module TextureCompressor (30)
[2018.03.18-04.52.07:018][181]LogModuleManager: Shutting down and abandoning module ShaderCore (28)
[2018.03.18-04.52.07:018][181]LogModuleManager: Shutting down and abandoning module Landscape (26)
[2018.03.18-04.52.07:018][181]LogModuleManager: Shutting down and abandoning module SlateRHIRenderer (24)
[2018.03.18-04.52.07:021][181]LogModuleManager: Shutting down and abandoning module OpenGLDrv (22)
[2018.03.18-04.52.07:021][181]LogModuleManager: Shutting down and abandoning module D3D11RHI (20)
[2018.03.18-04.52.07:022][181]LogModuleManager: Shutting down and abandoning module AnimGraphRuntime (18)
[2018.03.18-04.52.07:022][181]LogModuleManager: Shutting down and abandoning module Renderer (16)
[2018.03.18-04.52.07:022][181]LogModuleManager: Shutting down and abandoning module Engine (14)
[2018.03.18-04.52.07:022][181]LogModuleManager: Shutting down and abandoning module CoreUObject (12)
[2018.03.18-04.52.07:022][181]LogModuleManager: Shutting down and abandoning module NetworkFile (10)
[2018.03.18-04.52.07:022][181]LogModuleManager: Shutting down and abandoning module CookedIterativeFile (8)
[2018.03.18-04.52.07:022][181]LogModuleManager: Shutting down and abandoning module StreamingFile (6)
[2018.03.18-04.52.07:022][181]LogModuleManager: Shutting down and abandoning module SandboxFile (4)
[2018.03.18-04.52.07:022][181]LogModuleManager: Shutting down and abandoning module PakFile (2)
[2018.03.18-04.52.07:031][181]LogExit: Exiting.
[2018.03.18-04.52.07:058][181]Log file closed, 03/17/18 23:52:07
