Log file open, 05/07/18 08:34:16
LogWindows: Failed to load 'aqProf.dll' (GetLastError=126)
LogWindows: File 'aqProf.dll' does not exist
LogWindows: Failed to load 'VSPerf140.dll' (GetLastError=126)
LogWindows: File 'VSPerf140.dll' does not exist
LogWindows: Failed to load 'VtuneApi.dll' (GetLastError=126)
LogWindows: File 'VtuneApi.dll' does not exist
LogWindows: Failed to load 'VtuneApi32e.dll' (GetLastError=126)
LogWindows: File 'VtuneApi32e.dll' does not exist
LogInit: Display: Running engine for game: GoBlock
LogPlatformFile: Not using cached read wrapper
LogInit: Display: RandInit(173202803) SRandInit(173202803).
LogInit: Read version file with build ID '3709383'
LogInit: Overriding engine version to CL 3832480, compatible CL 3709383
LogInit: Registered custom module enumerator with build ID '3709383'
LogTaskGraph: Started task graph with 5 named threads and 26 total threads with 3 sets of task threads.
LogStats: Stats thread started at 3.665164
LogD3D11RHI: Aftermath initialized
LogPluginManager: Mounting plugin Paper2D
LogPluginManager: Mounting plugin LightPropagationVolume
LogPluginManager: Mounting plugin CodeLiteSourceCodeAccess
LogPluginManager: Mounting plugin GitSourceControl
LogPluginManager: Mounting plugin KDevelopSourceCodeAccess
LogPluginManager: Mounting plugin NullSourceCodeAccess
LogPluginManager: Mounting plugin PerforceSourceControl
LogPluginManager: Mounting plugin SubversionSourceControl
LogPluginManager: Mounting plugin UObjectPlugin
LogPluginManager: Mounting plugin VisualStudioCodeSourceCodeAccess
LogPluginManager: Mounting plugin VisualStudioSourceCodeAccess
LogPluginManager: Mounting plugin XCodeSourceCodeAccess
LogPluginManager: Mounting plugin AssetManagerEditor
LogPluginManager: Mounting plugin AudioCapture
LogPluginManager: Mounting plugin FacialAnimation
LogPluginManager: Mounting plugin GameplayTagsEditor
LogPluginManager: Mounting plugin MobileLauncherProfileWizard
LogPluginManager: Mounting plugin PluginBrowser
LogPluginManager: Mounting plugin SpeedTreeImporter
LogPluginManager: Mounting plugin AlembicImporter
LogPluginManager: Mounting plugin CharacterAI
LogPluginManager: Mounting plugin HTML5Networking
LogPluginManager: Mounting plugin AndroidMedia
LogPluginManager: Mounting plugin AvfMedia
LogPluginManager: Mounting plugin ImgMedia
LogPluginManager: Mounting plugin MediaCompositing
LogPluginManager: Mounting plugin MediaPlayerEditor
LogPluginManager: Mounting plugin WmfMedia
LogPluginManager: Mounting plugin TcpMessaging
LogPluginManager: Mounting plugin UdpMessaging
LogPluginManager: Mounting plugin ActorSequence
LogPluginManager: Mounting plugin LevelSequenceEditor
LogPluginManager: Mounting plugin MatineeToLevelSequence
LogPluginManager: Mounting plugin OnlineSubsystemGooglePlay
LogPluginManager: Mounting plugin OnlineSubsystemIOS
LogPluginManager: Mounting plugin OnlineSubsystem
LogPluginManager: Mounting plugin OnlineSubsystemNull
LogPluginManager: Mounting plugin OnlineSubsystemUtils
LogPluginManager: Mounting plugin AndroidDeviceProfileSelector
LogPluginManager: Mounting plugin AndroidMoviePlayer
LogPluginManager: Mounting plugin AndroidPermission
LogPluginManager: Mounting plugin AppleARKit
LogPluginManager: Mounting plugin AppleMoviePlayer
LogPluginManager: Mounting plugin ArchVisCharacter
LogPluginManager: Mounting plugin CableComponent
LogPluginManager: Mounting plugin CustomMeshComponent
LogPluginManager: Mounting plugin ExampleDeviceProfileSelector
LogPluginManager: Mounting plugin GoogleCloudMessaging
LogPluginManager: Mounting plugin ImmediatePhysics
LogPluginManager: Mounting plugin IOSDeviceProfileSelector
LogPluginManager: Mounting plugin LinuxDeviceProfileSelector
LogPluginManager: Mounting plugin LocationServicesBPLibrary
LogPluginManager: Mounting plugin MobilePatchingUtils
LogPluginManager: Mounting plugin OculusVR
LogPluginManager: Plugin shader directory ../../../Engine/Plugins/Runtime/Oculus/OculusVR/Shaders found
LogPluginManager: Mapping shader source directory ../../../Engine/Plugins/Runtime/Oculus/OculusVR/Shaders to virtual directory /Plugin/OculusVR
LogPluginManager: Mounting plugin PhysXVehicles
LogPluginManager: Mounting plugin ProceduralMeshComponent
LogPluginManager: Mounting plugin RuntimePhysXCooking
LogPluginManager: Mounting plugin SteamVR
LogPluginManager: Mounting plugin WindowsMoviePlayer
LogModuleManager: Display: Found up-to-date module file ../../../../../../Users/ldm0196/Desktop/Game2/GoBlock/Binaries/Win64/UE4Editor-GoBlock.dll (API version 3709383).
LogModuleManager: Display: Found up-to-date module file ../../../Engine/Plugins/2D/Paper2D/Binaries/Win64/UE4Editor-Paper2D.dll (API version 3709383).
LogModuleManager: Display: Found up-to-date module file ../../../Engine/Plugins/2D/Paper2D/Binaries/Win64/UE4Editor-Paper2DEditor.dll (API version 3709383).
LogModuleManager: Display: Found up-to-date module file ../../../Engine/Plugins/2D/Paper2D/Binaries/Win64/UE4Editor-PaperSpriteSheetImporter.dll (API version 3709383).
LogModuleManager: Display: Found up-to-date module file ../../../Engine/Plugins/2D/Paper2D/Binaries/Win64/UE4Editor-PaperTiledImporter.dll (API version 3709383).
LogModuleManager: Display: Found up-to-date module file ../../../Engine/Plugins/2D/Paper2D/Binaries/Win64/UE4Editor-SmartSnapping.dll (API version 3709383).
LogModuleManager: Display: Found up-to-date module file ../../../Engine/Plugins/Blendables/LightPropagationVolume/Binaries/Win64/UE4Editor-LightPropagationVolumeRuntime.dll (API version 3709383).
LogModuleManager: Display: Found up-to-date module file ../../../Engine/Plugins/Blendables/LightPropagationVolume/Binaries/Win64/UE4Editor-LightPropagationVolumeEditor.dll (API version 3709383).
LogModuleManager: Display: Found up-to-date module file ../../../Engine/Plugins/Developer/GitSourceControl/Binaries/Win64/UE4Editor-GitSourceControl.dll (API version 3709383).
LogModuleManager: Display: Found up-to-date module file ../../../Engine/Plugins/Developer/PerforceSourceControl/Binaries/Win64/UE4Editor-PerforceSourceControl.dll (API version 3709383).
LogModuleManager: Display: Found up-to-date module file ../../../Engine/Plugins/Developer/SubversionSourceControl/Binaries/Win64/UE4Editor-SubversionSourceControl.dll (API version 3709383).
LogModuleManager: Display: Found up-to-date module file ../../../Engine/Plugins/Developer/UObjectPlugin/Binaries/Win64/UE4Editor-UObjectPlugin.dll (API version 3709383).
LogModuleManager: Display: Found up-to-date module file ../../../Engine/Plugins/Developer/VisualStudioCodeSourceCodeAccess/Binaries/Win64/UE4Editor-VisualStudioCodeSourceCodeAccess.dll (API version 3709383).
LogModuleManager: Display: Found up-to-date module file ../../../Engine/Plugins/Developer/VisualStudioSourceCodeAccess/Binaries/Win64/UE4Editor-VisualStudioSourceCodeAccess.dll (API version 3709383).
LogModuleManager: Display: Found up-to-date module file ../../../Engine/Plugins/Editor/AssetManagerEditor/Binaries/Win64/UE4Editor-AssetManagerEditor.dll (API version 3709383).
LogModuleManager: Display: Found up-to-date module file ../../../Engine/Plugins/Editor/AudioCapture/Binaries/Win64/UE4Editor-AudioCapture.dll (API version 3709383).
LogModuleManager: Display: Found up-to-date module file ../../../Engine/Plugins/Editor/FacialAnimation/Binaries/Win64/UE4Editor-FacialAnimation.dll (API version 3709383).
LogModuleManager: Display: Found up-to-date module file ../../../Engine/Plugins/Editor/FacialAnimation/Binaries/Win64/UE4Editor-FacialAnimationEditor.dll (API version 3709383).
LogModuleManager: Display: Found up-to-date module file ../../../Engine/Plugins/Editor/GameplayTagsEditor/Binaries/Win64/UE4Editor-GameplayTagsEditor.dll (API version 3709383).
LogModuleManager: Display: Found up-to-date module file ../../../Engine/Plugins/Editor/MobileLauncherProfileWizard/Binaries/Win64/UE4Editor-MobileLauncherProfileWizard.dll (API version 3709383).
LogModuleManager: Display: Found up-to-date module file ../../../Engine/Plugins/Editor/PluginBrowser/Binaries/Win64/UE4Editor-PluginBrowser.dll (API version 3709383).
LogModuleManager: Display: Found up-to-date module file ../../../Engine/Plugins/Editor/SpeedTreeImporter/Binaries/Win64/UE4Editor-SpeedTreeImporter.dll (API version 3709383).
LogModuleManager: Display: Found up-to-date module file ../../../Engine/Plugins/Experimental/AlembicImporter/Binaries/Win64/UE4Editor-AlembicImporter.dll (API version 3709383).
LogModuleManager: Display: Found up-to-date module file ../../../Engine/Plugins/Experimental/AlembicImporter/Binaries/Win64/UE4Editor-AlembicLibrary.dll (API version 3709383).
LogModuleManager: Display: Found up-to-date module file ../../../Engine/Plugins/Experimental/CharacterAI/Binaries/Win64/UE4Editor-CharacterAI.dll (API version 3709383).
LogModuleManager: Display: Found up-to-date module file ../../../Engine/Plugins/Experimental/HTML5Networking/Binaries/Win64/UE4Editor-HTML5Networking.dll (API version 3709383).
LogModuleManager: Display: Found up-to-date module file ../../../Engine/Plugins/Media/AndroidMedia/Binaries/Win64/UE4Editor-AndroidMediaEditor.dll (API version 3709383).
LogModuleManager: Display: Found up-to-date module file ../../../Engine/Plugins/Media/AndroidMedia/Binaries/Win64/UE4Editor-AndroidMediaFactory.dll (API version 3709383).
LogModuleManager: Display: Found up-to-date module file ../../../Engine/Plugins/Media/AvfMedia/Binaries/Win64/UE4Editor-AvfMediaEditor.dll (API version 3709383).
LogModuleManager: Display: Found up-to-date module file ../../../Engine/Plugins/Media/AvfMedia/Binaries/Win64/UE4Editor-AvfMediaFactory.dll (API version 3709383).
LogModuleManager: Display: Found up-to-date module file ../../../Engine/Plugins/Media/AvfMedia/Binaries/Win64/UE4Editor-AvfMediaFactory.dll (API version 3709383).
LogModuleManager: Display: Found up-to-date module file ../../../Engine/Plugins/Media/ImgMedia/Binaries/Win64/UE4Editor-ImgMedia.dll (API version 3709383).
LogModuleManager: Display: Found up-to-date module file ../../../Engine/Plugins/Media/ImgMedia/Binaries/Win64/UE4Editor-ImgMediaEditor.dll (API version 3709383).
LogModuleManager: Display: Found up-to-date module file ../../../Engine/Plugins/Media/ImgMedia/Binaries/Win64/UE4Editor-ImgMediaFactory.dll (API version 3709383).
LogModuleManager: Display: Found up-to-date module file ../../../Engine/Plugins/Media/ImgMedia/Binaries/Win64/UE4Editor-ImgMediaFactory.dll (API version 3709383).
LogModuleManager: Display: Found up-to-date module file ../../../Engine/Plugins/Media/ImgMedia/Binaries/Win64/UE4Editor-OpenExrWrapper.dll (API version 3709383).
LogModuleManager: Display: Found up-to-date module file ../../../Engine/Plugins/Media/MediaCompositing/Binaries/Win64/UE4Editor-MediaCompositing.dll (API version 3709383).
LogModuleManager: Display: Found up-to-date module file ../../../Engine/Plugins/Media/MediaCompositing/Binaries/Win64/UE4Editor-MediaCompositingEditor.dll (API version 3709383).
LogModuleManager: Display: Found up-to-date module file ../../../Engine/Plugins/Media/MediaPlayerEditor/Binaries/Win64/UE4Editor-MediaPlayerEditor.dll (API version 3709383).
LogModuleManager: Display: Found up-to-date module file ../../../Engine/Plugins/Media/WmfMedia/Binaries/Win64/UE4Editor-WmfMedia.dll (API version 3709383).
LogModuleManager: Display: Found up-to-date module file ../../../Engine/Plugins/Media/WmfMedia/Binaries/Win64/UE4Editor-WmfMediaEditor.dll (API version 3709383).
LogModuleManager: Display: Found up-to-date module file ../../../Engine/Plugins/Media/WmfMedia/Binaries/Win64/UE4Editor-WmfMediaFactory.dll (API version 3709383).
LogModuleManager: Display: Found up-to-date module file ../../../Engine/Plugins/Media/WmfMedia/Binaries/Win64/UE4Editor-WmfMediaFactory.dll (API version 3709383).
LogModuleManager: Display: Found up-to-date module file ../../../Engine/Plugins/Messaging/TcpMessaging/Binaries/Win64/UE4Editor-TcpMessaging.dll (API version 3709383).
LogModuleManager: Display: Found up-to-date module file ../../../Engine/Plugins/Messaging/UdpMessaging/Binaries/Win64/UE4Editor-UdpMessaging.dll (API version 3709383).
LogModuleManager: Display: Found up-to-date module file ../../../Engine/Plugins/MovieScene/ActorSequence/Binaries/Win64/UE4Editor-ActorSequence.dll (API version 3709383).
LogModuleManager: Display: Found up-to-date module file ../../../Engine/Plugins/MovieScene/LevelSequenceEditor/Binaries/Win64/UE4Editor-LevelSequenceEditor.dll (API version 3709383).
LogModuleManager: Display: Found up-to-date module file ../../../Engine/Plugins/MovieScene/MatineeToLevelSequence/Binaries/Win64/UE4Editor-MatineeToLevelSequence.dll (API version 3709383).
LogModuleManager: Display: Found up-to-date module file ../../../Engine/Plugins/Online/OnlineSubsystem/Binaries/Win64/UE4Editor-OnlineSubsystem.dll (API version 3709383).
LogModuleManager: Display: Found up-to-date module file ../../../Engine/Plugins/Online/OnlineSubsystemNull/Binaries/Win64/UE4Editor-OnlineSubsystemNull.dll (API version 3709383).
LogModuleManager: Display: Found up-to-date module file ../../../Engine/Plugins/Online/OnlineSubsystemUtils/Binaries/Win64/UE4Editor-OnlineSubsystemUtils.dll (API version 3709383).
LogModuleManager: Display: Found up-to-date module file ../../../Engine/Plugins/Online/OnlineSubsystemUtils/Binaries/Win64/UE4Editor-OnlineBlueprintSupport.dll (API version 3709383).
LogModuleManager: Display: Found up-to-date module file ../../../Engine/Plugins/Runtime/AndroidDeviceProfileSelector/Binaries/Win64/UE4Editor-AndroidDeviceProfileSelector.dll (API version 3709383).
LogModuleManager: Display: Found up-to-date module file ../../../Engine/Plugins/Runtime/AndroidPermission/Binaries/Win64/UE4Editor-AndroidPermission.dll (API version 3709383).
LogModuleManager: Display: Found up-to-date module file ../../../Engine/Plugins/Runtime/AppleARKit/Binaries/Win64/UE4Editor-AppleARKit.dll (API version 3709383).
LogModuleManager: Display: Found up-to-date module file ../../../Engine/Plugins/Runtime/ArchVisCharacter/Binaries/Win64/UE4Editor-ArchVisCharacter.dll (API version 3709383).
LogModuleManager: Display: Found up-to-date module file ../../../Engine/Plugins/Runtime/CableComponent/Binaries/Win64/UE4Editor-CableComponent.dll (API version 3709383).
LogModuleManager: Display: Found up-to-date module file ../../../Engine/Plugins/Runtime/CustomMeshComponent/Binaries/Win64/UE4Editor-CustomMeshComponent.dll (API version 3709383).
LogModuleManager: Display: Found up-to-date module file ../../../Engine/Plugins/Runtime/ExampleDeviceProfileSelector/Binaries/Win64/UE4Editor-ExampleDeviceProfileSelector.dll (API version 3709383).
LogModuleManager: Display: Found up-to-date module file ../../../Engine/Plugins/Runtime/ImmediatePhysics/Binaries/Win64/UE4Editor-ImmediatePhysics.dll (API version 3709383).
LogModuleManager: Display: Found up-to-date module file ../../../Engine/Plugins/Runtime/ImmediatePhysics/Binaries/Win64/UE4Editor-ImmediatePhysicsEditor.dll (API version 3709383).
LogModuleManager: Display: Found up-to-date module file ../../../Engine/Plugins/Runtime/LocationServicesBPLibrary/Binaries/Win64/UE4Editor-LocationServicesBPLibrary.dll (API version 3709383).
LogModuleManager: Display: Found up-to-date module file ../../../Engine/Plugins/Runtime/MobilePatchingUtils/Binaries/Win64/UE4Editor-MobilePatchingUtils.dll (API version 3709383).
LogModuleManager: Display: Found up-to-date module file ../../../Engine/Plugins/Runtime/Oculus/OculusVR/Binaries/Win64/UE4Editor-OculusHMD.dll (API version 3709383).
LogModuleManager: Display: Found up-to-date module file ../../../Engine/Plugins/Runtime/Oculus/OculusVR/Binaries/Win64/UE4Editor-OculusInput.dll (API version 3709383).
LogModuleManager: Display: Found up-to-date module file ../../../Engine/Plugins/Runtime/Oculus/OculusVR/Binaries/Win64/UE4Editor-OculusEditor.dll (API version 3709383).
LogModuleManager: Display: Found up-to-date module file ../../../Engine/Plugins/Runtime/PhysXVehicles/Binaries/Win64/UE4Editor-PhysXVehicles.dll (API version 3709383).
LogModuleManager: Display: Found up-to-date module file ../../../Engine/Plugins/Runtime/PhysXVehicles/Binaries/Win64/UE4Editor-PhysXVehiclesEditor.dll (API version 3709383).
LogModuleManager: Display: Found up-to-date module file ../../../Engine/Plugins/Runtime/ProceduralMeshComponent/Binaries/Win64/UE4Editor-ProceduralMeshComponent.dll (API version 3709383).
LogModuleManager: Display: Found up-to-date module file ../../../Engine/Plugins/Runtime/ProceduralMeshComponent/Binaries/Win64/UE4Editor-ProceduralMeshComponentEditor.dll (API version 3709383).
LogModuleManager: Display: Found up-to-date module file ../../../Engine/Plugins/Runtime/RuntimePhysXCooking/Binaries/Win64/UE4Editor-RuntimePhysXCooking.dll (API version 3709383).
LogModuleManager: Display: Found up-to-date module file ../../../Engine/Plugins/Runtime/Steam/SteamVR/Binaries/Win64/UE4Editor-SteamVR.dll (API version 3709383).
LogModuleManager: Display: Found up-to-date module file ../../../Engine/Plugins/Runtime/Steam/SteamVR/Binaries/Win64/UE4Editor-SteamVRController.dll (API version 3709383).
LogModuleManager: Display: Found up-to-date module file ../../../Engine/Plugins/Runtime/WindowsMoviePlayer/Binaries/Win64/UE4Editor-WindowsMoviePlayer.dll (API version 3709383).
LogInit: Using libcurl 7.47.1
LogInit:  - built for x86_64-pc-win32
LogInit:  - supports SSL with OpenSSL/1.0.2g
LogInit:  - supports HTTP deflate (compression) using libz 1.2.8
LogInit:  - other features:
LogInit:      CURL_VERSION_SSL
LogInit:      CURL_VERSION_LIBZ
LogInit:      CURL_VERSION_IPV6
LogInit:      CURL_VERSION_ASYNCHDNS
LogInit:      CURL_VERSION_LARGEFILE
LogInit:      CURL_VERSION_IDN
LogInit:  CurlRequestOptions (configurable via config and command line):
LogInit:  - bVerifyPeer = false  - Libcurl will NOT verify peer certificate
LogInit:  - bUseHttpProxy = false  - Libcurl will NOT use HTTP proxy
LogInit:  - bDontReuseConnections = false  - Libcurl will reuse connections
LogInit:  - CertBundlePath = nullptr  - Libcurl will use whatever was configured at build time.
LogInit: Build: ++UE4+Release-4.18-CL-3832480
LogInit: Engine Version: 4.18.3-3832480+++UE4+Release-4.18
LogInit: Compatible Engine Version: 4.18.0-3709383+++UE4+Release-4.18
LogInit: Net CL: 3709383
LogDevObjectVersion: Number of dev versions registered: 16
LogDevObjectVersion:   Dev-Blueprints (B0D832E4-1F89-4F0D-ACCF-7EB736FD4AA2): 10
LogDevObjectVersion:   Dev-Build (E1C64328-A22C-4D53-A36C-8E866417BD8C): 0
LogDevObjectVersion:   Dev-Core (375EC13C-06E4-48FB-B500-84F0262A717E): 2
LogDevObjectVersion:   Dev-Editor (E4B068ED-F494-42E9-A231-DA0B2E46BB41): 20
LogDevObjectVersion:   Dev-Framework (CFFC743F-43B0-4480-9391-14DF171D2073): 30
LogDevObjectVersion:   Dev-Mobile (B02B49B5-BB20-44E9-A304-32B752E40360): 0
LogDevObjectVersion:   Dev-Networking (A4E4105C-59A1-49B5-A7C5-40C4547EDFEE): 0
LogDevObjectVersion:   Dev-Online (39C831C9-5AE6-47DC-9A44-9C173E1C8E7C): 0
LogDevObjectVersion:   Dev-Physics (78F01B33-EBEA-4F98-B9B4-84EACCB95AA2): 0
LogDevObjectVersion:   Dev-Platform (6631380F-2D4D-43E0-8009-CF276956A95A): 0
LogDevObjectVersion:   Dev-Rendering (12F88B9F-8875-4AFC-A67C-D90C383ABD29): 20
LogDevObjectVersion:   Dev-Sequencer (7B5AE74C-D270-4C10-A958-57980B212A5A): 4
LogDevObjectVersion:   Dev-VR (D7296918-1DD6-4BDD-9DE2-64A83CC13884): 0
LogDevObjectVersion:   Dev-LoadTimes (C2A15278-BFE7-4AFE-6C17-90FF531DF755): 1
LogDevObjectVersion:   Private-Geometry (6EACA3D4-40EC-4CC1-B786-8BED09428FC5): 1
LogDevObjectVersion:   Dev-AnimPhys (29E575DD-E0A3-4627-9D10-D276232CDCEA): 12
LogInit: Compiled (64-bit): Jan 12 2018 02:04:55
LogInit: Compiled with Visual C++: 19.00.24215.01
LogInit: Build Configuration: Development
LogInit: Branch Name: ++UE4+Release-4.18
LogInit: Command line:  
LogInit: Base directory: C:/Program Files/Epic Games/UE_4.18/Engine/Binaries/Win64/
LogInit: Installed Engine Build: 1
LogInit: Presizing for max 8388607 objects, including 0 objects not considered by GC, pre-allocating 0 bytes for permanent pool.
LogInit: Object subsystem initialized
[2018.05.07-13.34.22:736][  0]LogInit: Selected Device Profile: [Windows]
[2018.05.07-13.34.22:736][  0]LogInit: Applying CVar settings loaded from the selected device profile: [Windows]
[2018.05.07-13.34.22:873][  0]LogInit: Computer: DESKTOP-UHTKKQD
[2018.05.07-13.34.22:873][  0]LogInit: User: ldm0196
[2018.05.07-13.34.22:873][  0]LogInit: CPU Page size=4096, Cores=8
[2018.05.07-13.34.22:873][  0]LogInit: High frequency timer resolution =2.924191 MHz
[2018.05.07-13.34.22:873][  0]LogMemory: Memory total: Physical=15.9GB (16GB approx)
[2018.05.07-13.34.22:873][  0]LogMemory: Platform Memory Stats for Windows
[2018.05.07-13.34.22:873][  0]LogMemory: Process Physical Memory: 276.70 MB used, 276.70 MB peak
[2018.05.07-13.34.22:874][  0]LogMemory: Process Virtual Memory: 272.83 MB used, 272.83 MB peak
[2018.05.07-13.34.22:874][  0]LogMemory: Physical Memory: 11103.54 MB used,  5208.86 MB free, 16312.40 MB total
[2018.05.07-13.34.22:874][  0]LogMemory: Virtual Memory: 690.28 MB used,  5208.86 MB free, 134217728.00 MB total
[2018.05.07-13.34.24:974][  0]LogInit: Using OS detected language (en-US).
[2018.05.07-13.34.24:974][  0]LogInit: Using OS detected locale (en-US).
[2018.05.07-13.34.25:329][  0]LogTextLocalizationManager: No specific localization for 'en-US' exists, so the 'en' localization will be used.
[2018.05.07-13.34.27:146][  0]LogInit: Setting process to per monitor DPI aware
[2018.05.07-13.34.36:257][  0]LogD3D11RHI: D3D11 adapters:
[2018.05.07-13.34.36:470][  0]LogD3D11RHI:    0. 'NVIDIA GeForce GTX 1060 6GB' (Feature Level 11_0)
[2018.05.07-13.34.36:470][  0]LogD3D11RHI:       6052/0/8156 MB DedicatedVideo/DedicatedSystem/SharedSystem, Outputs:2, VendorId:0x10de
[2018.05.07-13.34.36:477][  0]LogD3D11RHI:    1. 'Microsoft Basic Render Driver' (Feature Level 11_0)
[2018.05.07-13.34.36:477][  0]LogD3D11RHI:       0/0/8156 MB DedicatedVideo/DedicatedSystem/SharedSystem, Outputs:0, VendorId:0x1414
[2018.05.07-13.34.36:477][  0]LogD3D11RHI: Chosen D3D11 Adapter: 0
[2018.05.07-13.34.36:518][  0]LogD3D11RHI: Creating new Direct3DDevice
[2018.05.07-13.34.36:532][  0]LogD3D11RHI:     GPU DeviceId: 0x1c03 (for the marketing name, search the web for "GPU Device Id")
[2018.05.07-13.34.36:532][  0]LogWindows: EnumDisplayDevices:
[2018.05.07-13.34.36:532][  0]LogWindows:    0. 'NVIDIA GeForce GTX 1060 6GB' (P:1 D:1)
[2018.05.07-13.34.36:532][  0]LogWindows:    1. 'NVIDIA GeForce GTX 1060 6GB' (P:0 D:1)
[2018.05.07-13.34.36:533][  0]LogWindows:    2. 'NVIDIA GeForce GTX 1060 6GB' (P:0 D:0)
[2018.05.07-13.34.36:533][  0]LogWindows:    3. 'NVIDIA GeForce GTX 1060 6GB' (P:0 D:0)
[2018.05.07-13.34.36:533][  0]LogWindows: DebugString: GetVideoDriverDetailsInvalid PrimaryIsNotTheChoosenAdapter GetVideoDriverDetailsInvalid PrimaryIsNotTheChoosenAdapter GetVideoDriverDetailsInvalid PrimaryIsNotTheChoosenAdapter GetVideoDriverDetailsInvalid PrimaryIsNotTheChoosenAdapter FoundDriverCount:0 
[2018.05.07-13.34.36:533][  0]LogD3D11RHI:     Adapter Name: NVIDIA GeForce GTX 1060 6GB
[2018.05.07-13.34.36:533][  0]LogD3D11RHI:   Driver Version: Unknown (internal:Unknown, unified:Unknown)
[2018.05.07-13.34.36:533][  0]LogD3D11RHI:      Driver Date: Unknown
[2018.05.07-13.34.36:533][  0]LogRHI: Texture pool is 4236 MB (70% of 6052 MB)
[2018.05.07-13.34.36:688][  0]LogD3D11RHI: Async texture creation enabled
[2018.05.07-13.34.37:184][  0]LogD3D11RHI: GPU Timing Frequency: 1000.000000 (Debug: 2 4)
[2018.05.07-13.34.37:337][  0]LogShaderCompilers: Guid format shader working directory is -6 characters bigger than the processId version (../../../../../../Users/ldm0196/Desktop/Game2/GoBlock/Intermediate/Shaders/WorkingDirectory/22192/).
[2018.05.07-13.34.37:337][  0]LogShaderCompilers: Cleaned the shader compiler working directory 'C:/Users/ldm0196/AppData/Local/Temp/UnrealShaderWorkingDir/822512104A9C18ABBE8F45AC90A194B1/'.
[2018.05.07-13.34.37:350][  0]LogShaderCompilers: Display: Using Local Shader Compiler.
[2018.05.07-13.34.44:002][  0]LogTemp: Display: Loaded TP AllDesktopTargetPlatform
[2018.05.07-13.34.44:100][  0]LogTemp: Display: Loaded TP MacClientTargetPlatform
[2018.05.07-13.34.44:194][  0]LogTemp: Display: Loaded TP MacNoEditorTargetPlatform
[2018.05.07-13.34.44:286][  0]LogTemp: Display: Loaded TP MacServerTargetPlatform
[2018.05.07-13.34.44:393][  0]LogTemp: Display: Loaded TP MacTargetPlatform
[2018.05.07-13.34.44:523][  0]LogTemp: Display: Loaded TP WindowsClientTargetPlatform
[2018.05.07-13.34.44:610][  0]LogTemp: Display: Loaded TP WindowsNoEditorTargetPlatform
[2018.05.07-13.34.44:706][  0]LogTemp: Display: Loaded TP WindowsServerTargetPlatform
[2018.05.07-13.34.44:810][  0]LogTemp: Display: Loaded TP WindowsTargetPlatform
[2018.05.07-13.34.44:908][  0]LogTemp: Display: Loaded TP Android_ASTCTargetPlatform
[2018.05.07-13.34.44:990][  0]LogTemp: Display: Loaded TP Android_ATCTargetPlatform
[2018.05.07-13.34.45:071][  0]LogTemp: Display: Loaded TP Android_DXTTargetPlatform
[2018.05.07-13.34.45:149][  0]LogTemp: Display: Loaded TP Android_ETC1TargetPlatform
[2018.05.07-13.34.45:250][  0]LogTemp: Display: Loaded TP Android_ETC2TargetPlatform
[2018.05.07-13.34.45:415][  0]LogTemp: Display: Loaded TP Android_MultiTargetPlatform
[2018.05.07-13.34.45:415][  0]LogTemp: Display: Loaded TP Android_PVRTCTargetPlatform
[2018.05.07-13.34.45:518][  0]LogTemp: Display: Loaded TP AndroidTargetPlatform
[2018.05.07-13.34.45:581][  0]LogTemp: Display: Loaded TP HTML5TargetPlatform
[2018.05.07-13.34.45:776][  0]LogTemp: Display: Loaded TP IOSTargetPlatform
[2018.05.07-13.34.45:833][  0]LogTemp: Display: Loaded TP TVOSTargetPlatform
[2018.05.07-13.34.45:926][  0]LogTemp: Display: Loaded TP LinuxClientTargetPlatform
[2018.05.07-13.34.46:066][  0]LogTemp: Display: Loaded TP LinuxNoEditorTargetPlatform
[2018.05.07-13.34.46:150][  0]LogTemp: Display: Loaded TP LinuxServerTargetPlatform
[2018.05.07-13.34.46:254][  0]LogTemp: Display: Loaded TP LinuxTargetPlatform
[2018.05.07-13.34.46:254][  0]LogTargetPlatformManager: Display: Building Assets For Windows
[2018.05.07-13.34.47:714][  0]LogDerivedDataCache: Display: Max Cache Size: 512 MB
[2018.05.07-13.34.48:718][  0]LogDerivedDataCache: Loaded boot cache 1.00s 82MB C:/Users/ldm0196/AppData/Local/UnrealEngine/4.18/DerivedDataCache/Boot.ddc.
[2018.05.07-13.34.48:718][  0]LogDerivedDataCache: Display: Loaded Boot cache: C:/Users/ldm0196/AppData/Local/UnrealEngine/4.18/DerivedDataCache/Boot.ddc
[2018.05.07-13.34.48:718][  0]LogDerivedDataCache: FDerivedDataBackendGraph:  Pak pak cache file ../../../../../../Users/ldm0196/Desktop/Game2/GoBlock/DerivedDataCache/DDC.ddp not found, will not use a pak cache.
[2018.05.07-13.34.48:718][  0]LogDerivedDataCache: Unable to find inner node Pak for hierarchical cache Hierarchy.
[2018.05.07-13.34.48:718][  0]LogDerivedDataCache: FDerivedDataBackendGraph:  CompressedPak pak cache file ../../../../../../Users/ldm0196/Desktop/Game2/GoBlock/DerivedDataCache/Compressed.ddp not found, will not use a pak cache.
[2018.05.07-13.34.48:718][  0]LogDerivedDataCache: Unable to find inner node CompressedPak for hierarchical cache Hierarchy.
[2018.05.07-13.34.48:814][  0]LogDerivedDataCache: Display: Pak cache opened for reading ../../../Engine/DerivedDataCache/Compressed.ddp.
[2018.05.07-13.34.48:828][  0]LogDerivedDataCache: Using Local data cache path C:/Users/ldm0196/AppData/Local/UnrealEngine/Common/DerivedDataCache: Writable
[2018.05.07-13.34.48:908][  0]LogMaterial: Verifying Global Shaders for PCD3D_SM5
[2018.05.07-13.34.48:944][  0]LogSlate: Using Freetype 2.6.0
[2018.05.07-13.34.49:002][  0]LogSlate: SlateFontCache - WITH_FREETYPE: 1, WITH_HARFBUZZ: 1
[2018.05.07-13.34.49:002][  0]LogSlate: SlateFontCache - WITH_FREETYPE: 1, WITH_HARFBUZZ: 1
[2018.05.07-13.34.56:964][  0]LogInit: Selected Device Profile: [Windows]
[2018.05.07-13.34.58:844][  0]LogSimplygon: Simplygon DLL not present - disabling.
[2018.05.07-13.34.58:973][  0]LogMeshReduction: Using SimplygonSwarm for distributed automatic mesh merging
[2018.05.07-13.34.58:973][  0]LogMeshReduction: Using QuadricMeshReduction for automatic static mesh reduction
[2018.05.07-13.34.58:973][  0]LogMeshReduction: No automatic skeletal mesh reduction module available
[2018.05.07-13.34.58:973][  0]LogMeshReduction: No automatic mesh merging module available
[2018.05.07-13.34.58:974][  0]LogMeshMerging: No automatic mesh merging module available
[2018.05.07-13.34.59:413][  0]LogNetVersion: GoBlock , NetCL: 3709383, EngineNetVer: 2, GameNetVer: 0 (Checksum: 2987437899)
[2018.05.07-13.35.01:395][  0]LogAssetRegistry: FAssetRegistry took 0.0707 seconds to start up
[2018.05.07-13.35.11:523][  0]LogPackageLocalizationCache: Processed 7 localized package path(s) for 2 prioritized culture(s) in 0.198910 seconds
[2018.05.07-13.35.11:534][  0]LogUObjectArray: 35870 objects as part of root set at end of initial load.
[2018.05.07-13.35.11:534][  0]LogUObjectAllocator: 7363696 out of 0 bytes used by permanent object pool.
[2018.05.07-13.35.11:534][  0]LogUObjectArray: CloseDisregardForGC: 0/0 objects in disregard for GC pool
[2018.05.07-13.35.11:644][  0]LogInit: WinSock: version 1.1 (2.2), MaxSocks=32767, MaxUdp=65467
[2018.05.07-13.35.45:556][  0]LogTcpMessaging: Initializing TcpMessaging bridge
[2018.05.07-13.35.45:678][  0]LogUdpMessaging: Initializing bridge on interface 0.0.0.0:0 to multicast group 230.0.0.1:6666.
[2018.05.07-13.35.50:062][  0]LogBlueprint: Warning: [Compiler TImerbarcarchar] 'Carcharacter' does not inherit from 'Player Controller' ( Cast To Carcharacter  would always fail).
[2018.05.07-13.35.50:239][  0]LogBlueprint: Warning: [Compiler TImerbarcarchar] [0115.79] Compile of TImerbarcarchar successful, but with 1 Warning(s) [in 462 ms] (/Game/ThirdPersonCPP/HUD/TImerbarcarchar.TImerbarcarchar)
[2018.05.07-13.35.52:560][  0]LogMaterial: Uniform references updated for custom material expression Custom.
[2018.05.07-13.35.54:369][  0]SourceControl: Source control is disabled
[2018.05.07-13.35.58:675][  0]LogAndroidPermission: UAndroidPermissionCallbackProxy::GetInstance
[2018.05.07-13.35.59:238][  0]LogOcInput: OculusInput pre-init called
[2018.05.07-13.36.00:261][  0]LogEngine: Initializing Engine...
[2018.05.07-13.36.00:320][  0]LogHMD: Failed to initialize OpenVR with code 110
[2018.05.07-13.36.02:050][  0]LogStats: UGameplayTagsManager::ConstructGameplayTagTree: Construct from data asset -  0.000 s
[2018.05.07-13.36.02:051][  0]LogStats: UGameplayTagsManager::ConstructGameplayTagTree: GameplayTagTreeChangedEvent.Broadcast -  0.000 s
[2018.05.07-13.36.02:748][  0]LogAIModule: Creating AISystem for world Untitled
[2018.05.07-13.36.02:892][  0]LogInit: XAudio2 using 'Headset Earphone (Corsair VOID RGB USB Gaming Headset)' : 6 channels at 48 kHz using 16 bits per sample (channel mask 0x3f)
[2018.05.07-13.36.03:132][  0]LogInit: FAudioDevice initialized.
[2018.05.07-13.36.03:419][  0]LogDerivedDataCache: Saved boot cache 0.26s 82MB C:/Users/ldm0196/AppData/Local/UnrealEngine/4.18/DerivedDataCache/Boot.ddc.
[2018.05.07-13.36.03:465][  0]LogInit: Texture streaming: Enabled
[2018.05.07-13.36.03:882][  0]LogEngineSessionManager: EngineSessionManager initialized
[2018.05.07-13.36.04:380][  0]LogInit: Transaction tracking system initialized
[2018.05.07-13.36.05:426][  0]BlueprintLog: New page: Editor Load
[2018.05.07-13.36.08:772][  0]LocalizationService: Localization service is disabled
[2018.05.07-13.36.11:481][  0]LogConsoleResponse: Display: 
[2018.05.07-13.36.16:711][  0]LogFileCache: Scanning file cache for directory 'C:/Users/ldm0196/Desktop/Game2/GoBlock/Content/' took 0.05s
[2018.05.07-13.36.16:711][  0]LogCook: Display: Max memory allowance for cook 16384mb min free memory 0mb
[2018.05.07-13.36.16:743][  0]LogCook: Display: Mobile HDR setting 1
[2018.05.07-13.36.16:748][  0]LogGameplayTags: Display: UGameplayTagsManager::DoneAddingNativeTags. DelegateIsBound: 0
[2018.05.07-13.36.21:045][  0]Cmd: MAP LOAD FILE="../../../../../../Users/ldm0196/Desktop/Game2/GoBlock/Content/ThirdPersonCPP/Maps/Mainmenu.umap" TEMPLATE=0 SHOWPROGRESS=1 FEATURELEVEL=3
[2018.05.07-13.36.21:081][  0]LightingResults: New page: Lighting Build
[2018.05.07-13.36.21:306][  0]MapCheck: New page: Map Check
[2018.05.07-13.36.21:306][  0]LightingResults: New page: Lighting Build
[2018.05.07-13.36.21:924][  0]LogAIModule: Creating AISystem for world Mainmenu
[2018.05.07-13.36.22:071][  0]LogEditorServer: Finished looking for orphan Actors (0.000 secs)
[2018.05.07-13.36.22:213][  0]Cmd: MAP CHECKDEP NOCLEARLOG
[2018.05.07-13.36.22:347][  0]MapCheck: Map check complete: 0 Error(s), 0 Warning(s), took 133.901ms to complete.
[2018.05.07-13.36.22:356][  0]LogFileHelpers: Loading map 'Mainmenu' took 1.355
[2018.05.07-13.36.23:643][  0]LogCollectionManager: Loaded 0 collections in 0.003456 seconds
[2018.05.07-13.36.23:873][  0]LogFileCache: Scanning file cache for directory 'C:/Users/ldm0196/Desktop/Game2/GoBlock/Saved/Collections/' took 0.01s
[2018.05.07-13.36.23:873][  0]LogFileCache: Scanning file cache for directory 'C:/Users/ldm0196/Desktop/Game2/GoBlock/Content/Developers/ldm0196/Collections/' took 0.01s
[2018.05.07-13.36.23:873][  0]LogFileCache: Scanning file cache for directory 'C:/Users/ldm0196/Desktop/Game2/GoBlock/Content/Collections/' took 0.01s
[2018.05.07-13.36.23:873][  0]LogCollectionManager: Rebuilt the GUID cache for 0 collections in 0.000000 seconds
[2018.05.07-13.36.23:952][  0]LogContentBrowser: Native class hierarchy populated in 0.0696 seconds. Added 2365 classes and 521 folders.
[2018.05.07-13.36.24:204][  0]LogContentBrowser: Native class hierarchy updated for 'WidgetCarousel' in 0.0014 seconds. Added 0 classes and 0 folders.
[2018.05.07-13.36.27:240][  0]LogContentBrowser: Native class hierarchy updated for 'AddContentDialog' in 0.0010 seconds. Added 0 classes and 0 folders.
[2018.05.07-13.36.28:547][  0]LogContentBrowser: Native class hierarchy updated for 'SceneOutliner' in 0.0018 seconds. Added 1 classes and 2 folders.
[2018.05.07-13.36.34:899][  0]LogSlate: Only BGRA pngs, bmps or icos are supported in by External Image Picker
[2018.05.07-13.36.35:218][  0]LogSlate: Took 0.050028 seconds to synchronously load lazily loaded font '../../../Engine/Content/Slate/Fonts/Roboto-Regular.ttf' (155K)
[2018.05.07-13.36.35:260][  0]LogTemp: Executing iPhonePackager certificates Engine -bundlename com.YourCompany.GoBlock
[2018.05.07-13.36.35:261][  0]LogTemp: CWD: C:\Program Files\Epic Games\UE_4.18\Engine\Binaries\DotNET\IOS
[2018.05.07-13.36.35:261][  0]LogTemp: Initial Dir: C:\Program Files\Epic Games\UE_4.18
[2018.05.07-13.36.35:261][  0]LogTemp: Env CWD: C:\Program Files\Epic Games\UE_4.18\Engine\Binaries\DotNET\IOS
[2018.05.07-13.36.35:261][  0]LogTemp: BranchPath = DESKTOP-UHTKKQD/C/Program Files/Epic Games/UE_4.18/Engine/Binaries --- GameBranchPath = DESKTOP-UHTKKQD/C/Program Files/Epic Games/UE_4.18/Engine/Binaries
[2018.05.07-13.36.35:261][  0]LogSlate: Took 0.025562 seconds to synchronously load lazily loaded font '../../../Engine/Content/Slate/Fonts/Roboto-Bold.ttf' (160K)
[2018.05.07-13.36.35:287][  0]LogSlate: Took 0.024190 seconds to synchronously load lazily loaded font '../../../Engine/Content/Editor/Slate/Fonts/FontAwesome.ttf' (139K)
[2018.05.07-13.36.35:934][  0]LogTemp: IPP ERROR: Could not find provision directory 'C:\Users\ldm0196\AppData\Local/Apple Computer/MobileDevice/Provisioning Profiles/'.
[2018.05.07-13.36.35:935][  0]LogRenderer: Reallocating scene render targets to support 1056x924 Format 10 NumSamples 1 (Frame:1).
[2018.05.07-13.36.37:012][  0]LogContentBrowser: Native class hierarchy updated for 'HierarchicalLODOutliner' in 0.0015 seconds. Added 1 classes and 2 folders.
[2018.05.07-13.36.37:013][  0]LogLoad: (Engine Initialization) Total time: 162.57 seconds
[2018.05.07-13.36.37:013][  0]LogLoad: (Engine Initialization) Total Blueprint compile time: 0.00 seconds
[2018.05.07-13.36.37:029][  0]LogExternalProfiler: No external profilers were discovered.  External profiling features will not be available.
[2018.05.07-13.36.37:368][  0]SourceControl: On branch master
[2018.05.07-13.36.37:369][  0]SourceControl: Your branch is up to date with 'origin/master'.
[2018.05.07-13.36.37:369][  0]SourceControl: Changes not staged for commit:
[2018.05.07-13.36.37:369][  0]SourceControl:   (use "git add <file>..." to update what will be committed)
[2018.05.07-13.36.37:369][  0]SourceControl:   (use "git checkout -- <file>..." to discard changes in working directory)
[2018.05.07-13.36.37:369][  0]SourceControl: 	modified:   GoBlock/Intermediate/CachedAssetRegistry.bin
[2018.05.07-13.36.37:369][  0]SourceControl: 	modified:   GoBlock/Saved/Config/Windows/Editor.ini
[2018.05.07-13.36.37:369][  0]SourceControl: 	modified:   GoBlock/Saved/Config/Windows/Engine.ini
[2018.05.07-13.36.37:369][  0]SourceControl: 	modified:   GoBlock/Saved/Logs/GoBlock.log
[2018.05.07-13.36.37:369][  0]SourceControl: Untracked files:
[2018.05.07-13.36.37:369][  0]SourceControl:   (use "git add <file>..." to include in what will be committed)
[2018.05.07-13.36.37:369][  0]SourceControl: 	GoBlock/Saved/Config/CrashReportClient/UE4CC-Windows-F89004254811E09DD77646A2C952B27E/
[2018.05.07-13.36.37:369][  0]SourceControl: 	GoBlock/Saved/Logs/GoBlock-backup-2018.05.07-08.34.14.log
[2018.05.07-13.36.37:369][  0]SourceControl: no changes added to commit (use "git add" and/or "git commit -a")
[2018.05.07-13.36.37:424][  0]LogContentStreaming: Texture pool size now 1000 MB
[2018.05.07-13.36.38:312][  4]LogAssetRegistry: Asset discovery search completed in 96.9398 seconds
[2018.05.07-13.36.38:339][  4]LogCollectionManager: Rebuilt the object cache for 0 collections in 0.000001 seconds (found 0 objects)
[2018.05.07-13.36.38:342][  4]LogCollectionManager: Fixed up redirectors for 0 collections in 0.007874 seconds (updated 0 objects)
[2018.05.07-13.36.39:591][ 30]LogSlate: Took 0.038466 seconds to synchronously load lazily loaded font '../../../Engine/Content/Slate/Fonts/Roboto-Light.ttf' (159K)
[2018.05.07-13.41.43:132][ 84]LogSlate: Took 0.000224 seconds to synchronously load lazily loaded font '../../../Engine/Content/Slate/Fonts/Roboto-Light.ttf' (159K)
[2018.05.07-13.41.44:139][ 84]LogContentBrowser: Native class hierarchy updated for 'BlueprintGraph' in 0.0248 seconds. Added 116 classes and 0 folders.
[2018.05.07-13.41.50:805][ 84]LogSlate: Took 0.018505 seconds to synchronously load lazily loaded font '../../../Engine/Content/Editor/Slate/Fonts/Roboto-BoldCondensed.ttf' (158K)
[2018.05.07-13.42.40:607][537]LogSlate: Took 0.011366 seconds to synchronously load lazily loaded font '../../../Engine/Content/Editor/Slate/Fonts/Roboto-BoldCondensedItalic.ttf' (160K)
[2018.05.07-13.46.49:814][  3]LogFileHelpers: Editor autosave (incl. sublevels) for '/Game/ThirdPersonCPP/Maps/Mainmenu' took 0.126
[2018.05.07-13.46.49:845][  3]OBJ SavePackage: Generating thumbnails for [0] asset(s) in package [/Game/ThirdPersonCPP/Blueprints/MyGameinstance] ([1] browsable assets)...
[2018.05.07-13.46.49:855][  3]OBJ SavePackage: Finished generating thumbnails for package [/Game/ThirdPersonCPP/Blueprints/MyGameinstance]
[2018.05.07-13.46.50:041][  3]LogSavePackage: Save=114.41ms
[2018.05.07-13.46.50:041][  3]LogSavePackage: Moving '../../../../../../Users/ldm0196/Desktop/Game2/GoBlock/Saved/MyGameinstance_Auto1675E37134335FEB647FA5A9B77D55984.tmp' to '../../../../../../Users/ldm0196/Desktop/Game2/GoBlock/Saved/Autosaves/Game/ThirdPersonCPP/Blueprints/MyGameinstance_Auto1.uasset'
[2018.05.07-13.46.50:105][  3]LogSavePackage: Display: Finished SavePackage ../../../../../../Users/ldm0196/Desktop/Game2/GoBlock/Saved/Autosaves/Game/ThirdPersonCPP/Blueprints/MyGameinstance_Auto1.uasset
[2018.05.07-13.46.50:105][  3]LogFileHelpers: Auto-saving content packages took 0.290
[2018.05.07-13.57.20:594][916]BlueprintLog: New page: Compile MyGameinstance
[2018.05.07-13.57.20:911][916]LogActorComponent: RegisterComponentWithWorld: (/Engine/Transient.World_1:PersistentLevel.DESTROYED_Blocker_C_CHILDACTOR_3.StaticMesh) Trying to register component with IsPendingKill() == true. Aborting.
[2018.05.07-13.57.20:911][916]LogActorComponent: RegisterComponentWithWorld: (/Engine/Transient.World_1:PersistentLevel.DESTROYED_Blocker_C_CHILDACTOR_4.StaticMesh) Trying to register component with IsPendingKill() == true. Aborting.
[2018.05.07-13.57.47:717][712]LogFileHelpers: Editor autosave (incl. sublevels) for '/Game/ThirdPersonCPP/Maps/Mainmenu' took 0.063
[2018.05.07-13.57.47:719][712]OBJ SavePackage: Generating thumbnails for [0] asset(s) in package [/Game/ThirdPersonCPP/Blueprints/MyGameinstance] ([1] browsable assets)...
[2018.05.07-13.57.47:719][712]OBJ SavePackage: Finished generating thumbnails for package [/Game/ThirdPersonCPP/Blueprints/MyGameinstance]
[2018.05.07-13.57.47:779][712]LogSavePackage: Save=9.68ms
[2018.05.07-13.57.47:779][712]LogSavePackage: Moving '../../../../../../Users/ldm0196/Desktop/Game2/GoBlock/Saved/MyGameinstance_Auto28D71803F4F55559B16CF0BB2327CD461.tmp' to '../../../../../../Users/ldm0196/Desktop/Game2/GoBlock/Saved/Autosaves/Game/ThirdPersonCPP/Blueprints/MyGameinstance_Auto2.uasset'
[2018.05.07-13.57.47:787][712]LogSavePackage: Display: Finished SavePackage ../../../../../../Users/ldm0196/Desktop/Game2/GoBlock/Saved/Autosaves/Game/ThirdPersonCPP/Blueprints/MyGameinstance_Auto2.uasset
[2018.05.07-13.57.47:787][712]LogFileHelpers: Auto-saving content packages took 0.069
[2018.05.07-17.43.47:687][467]LogSlate: Took 0.022155 seconds to synchronously load lazily loaded font '../../../Engine/Content/Editor/Slate/Fonts/Roboto-Italic.ttf' (157K)
[2018.05.07-17.44.20:934][417]LogSlate: Took 0.045751 seconds to synchronously load lazily loaded font '../../../Engine/Content/Slate/Fonts/DroidSansFallback.ttf' (3848K)
[2018.05.07-17.44.28:481][642]LogUObjectHash: Warning: Ambiguous search, could be VerticalBox /Game/ThirdPersonCPP/HUD/MainMenuWidget.MainMenuWidget:WidgetTree.VerticalBox_1 or VerticalBox /Game/ThirdPersonCPP/HUD/options.options:WidgetTree.VerticalBox_1
[2018.05.07-17.44.28:481][642]LogUObjectHash: Warning: Ambiguous search, could be VerticalBox /Game/ThirdPersonCPP/HUD/MainMenuWidget.MainMenuWidget:WidgetTree.VerticalBox_1 or VerticalBox /Game/ThirdPersonCPP/HUD/Pause.Pause:WidgetTree.VerticalBox_1
[2018.05.07-17.44.28:481][642]LogUObjectHash: Warning: Ambiguous search, could be VerticalBox /Game/ThirdPersonCPP/HUD/MainMenuWidget.MainMenuWidget:WidgetTree.VerticalBox_1 or VerticalBox /Game/ThirdPersonCPP/HUD/MainMenuWidget.SKEL_MainMenuWidget_C:WidgetTree.VerticalBox_1
[2018.05.07-17.44.28:481][642]LogUObjectHash: Warning: Ambiguous search, could be VerticalBox /Game/ThirdPersonCPP/HUD/MainMenuWidget.MainMenuWidget:WidgetTree.VerticalBox_1 or VerticalBox /Game/ThirdPersonCPP/HUD/options.SKEL_options_C:WidgetTree.VerticalBox_1
[2018.05.07-17.44.28:481][642]LogUObjectHash: Warning: Ambiguous search, could be VerticalBox /Game/ThirdPersonCPP/HUD/MainMenuWidget.MainMenuWidget:WidgetTree.VerticalBox_1 or VerticalBox /Game/ThirdPersonCPP/HUD/Pause.SKEL_Pause_C:WidgetTree.VerticalBox_1
[2018.05.07-17.44.28:481][642]LogUObjectHash: Warning: Ambiguous search, could be VerticalBox /Game/ThirdPersonCPP/HUD/MainMenuWidget.MainMenuWidget:WidgetTree.VerticalBox_1 or VerticalBox /Game/ThirdPersonCPP/HUD/MainMenuWidget.MainMenuWidget_C:WidgetTree.VerticalBox_1
[2018.05.07-17.44.28:481][642]LogUObjectHash: Warning: Ambiguous search, could be VerticalBox /Game/ThirdPersonCPP/HUD/MainMenuWidget.MainMenuWidget:WidgetTree.VerticalBox_1 or VerticalBox /Game/ThirdPersonCPP/HUD/options.options_C:WidgetTree.VerticalBox_1
[2018.05.07-17.44.28:481][642]LogUObjectHash: Warning: Ambiguous search, could be VerticalBox /Game/ThirdPersonCPP/HUD/MainMenuWidget.MainMenuWidget:WidgetTree.VerticalBox_1 or VerticalBox /Game/ThirdPersonCPP/HUD/Pause.Pause_C:WidgetTree.VerticalBox_1
[2018.05.07-17.44.28:481][642]LogUObjectHash: Warning: Ambiguous search, could be VerticalBox /Game/ThirdPersonCPP/HUD/MainMenuWidget.MainMenuWidget:WidgetTree.VerticalBox_1 or VerticalBox /Engine/Transient.World_12:MainMenuWidget_C_0.WidgetTree_4.VerticalBox_1
[2018.05.07-17.44.28:481][642]LogUObjectHash: Warning: Ambiguous search, could be VerticalBox /Game/ThirdPersonCPP/HUD/MainMenuWidget.MainMenuWidget:WidgetTree.VerticalBox_1 or VerticalBox /Engine/Transient.World_12:MainMenuWidget_C_1.WidgetTree_5.VerticalBox_1
[2018.05.07-17.44.28:491][642]LogProperty: Warning: Illegal TEXT reference to a private object in external package (VerticalBoxSlot /Game/ThirdPersonCPP/HUD/MainMenuWidget.MainMenuWidget:WidgetTree.VerticalBox_1.VerticalBoxSlot_2) from referencer (Button /Engine/UMG/Editor/Transient.optionsButton).  Import failed...
[2018.05.07-17.44.28:491][642]LogProperty: Warning: ObjectProperty /Script/UMG.Widget:Slot: unresolved reference to 'VerticalBoxSlot'"VerticalBox_1.VerticalBoxSlot_2"''
[2018.05.07-17.44.28:709][646]SourceControl: fatal: C:/Program Files/Epic Games/UE_4.18/Engine/Content/UMG/Editor/Transient.uasset: 'C:/Program Files/Epic Games/UE_4.18/Engine/Content/UMG/Editor/Transient.uasset' is outside repository
[2018.05.07-17.44.31:189][720]PIE: UWidget::RemoveFromParent() called on '/Engine/Transient.VerticalBox_1' which has no UMG parent (if it was added directly to a native Slate widget via TakeWidget() then it must be removed explicitly rather than via RemoveFromParent())
[2018.05.07-17.44.31:190][720]PIE: UWidget::RemoveFromParent() called on '/Engine/Transient.VerticalBox_1' which has no UMG parent (if it was added directly to a native Slate widget via TakeWidget() then it must be removed explicitly rather than via RemoveFromParent())
[2018.05.07-17.44.31:193][720]PIE: UWidget::RemoveFromParent() called on '/Engine/Transient.VerticalBox_3' which has no UMG parent (if it was added directly to a native Slate widget via TakeWidget() then it must be removed explicitly rather than via RemoveFromParent())
[2018.05.07-17.44.31:207][721]PIE: UWidget::RemoveFromParent() called on '/Engine/Transient.VerticalBox_5' which has no UMG parent (if it was added directly to a native Slate widget via TakeWidget() then it must be removed explicitly rather than via RemoveFromParent())
[2018.05.07-17.44.31:211][721]PIE: UWidget::RemoveFromParent() called on '/Engine/Transient.VerticalBox_7' which has no UMG parent (if it was added directly to a native Slate widget via TakeWidget() then it must be removed explicitly rather than via RemoveFromParent())
[2018.05.07-17.44.31:241][722]PIE: UWidget::RemoveFromParent() called on '/Engine/Transient.VerticalBox_9' which has no UMG parent (if it was added directly to a native Slate widget via TakeWidget() then it must be removed explicitly rather than via RemoveFromParent())
[2018.05.07-17.44.31:245][722]PIE: UWidget::RemoveFromParent() called on '/Engine/Transient.VerticalBox_11' which has no UMG parent (if it was added directly to a native Slate widget via TakeWidget() then it must be removed explicitly rather than via RemoveFromParent())
[2018.05.07-17.44.31:274][723]PIE: UWidget::RemoveFromParent() called on '/Engine/Transient.VerticalBox_13' which has no UMG parent (if it was added directly to a native Slate widget via TakeWidget() then it must be removed explicitly rather than via RemoveFromParent())
[2018.05.07-17.44.31:279][723]PIE: UWidget::RemoveFromParent() called on '/Engine/Transient.VerticalBox_15' which has no UMG parent (if it was added directly to a native Slate widget via TakeWidget() then it must be removed explicitly rather than via RemoveFromParent())
[2018.05.07-17.44.31:307][724]PIE: UWidget::RemoveFromParent() called on '/Engine/Transient.VerticalBox_17' which has no UMG parent (if it was added directly to a native Slate widget via TakeWidget() then it must be removed explicitly rather than via RemoveFromParent())
[2018.05.07-17.44.31:311][724]PIE: UWidget::RemoveFromParent() called on '/Engine/Transient.VerticalBox_19' which has no UMG parent (if it was added directly to a native Slate widget via TakeWidget() then it must be removed explicitly rather than via RemoveFromParent())
[2018.05.07-17.44.31:341][725]PIE: UWidget::RemoveFromParent() called on '/Engine/Transient.VerticalBox_21' which has no UMG parent (if it was added directly to a native Slate widget via TakeWidget() then it must be removed explicitly rather than via RemoveFromParent())
[2018.05.07-17.44.31:343][725]PIE: UWidget::RemoveFromParent() called on '/Engine/Transient.VerticalBox_23' which has no UMG parent (if it was added directly to a native Slate widget via TakeWidget() then it must be removed explicitly rather than via RemoveFromParent())
[2018.05.07-17.44.31:346][725]PIE: UWidget::RemoveFromParent() called on '/Engine/Transient.VerticalBox_25' which has no UMG parent (if it was added directly to a native Slate widget via TakeWidget() then it must be removed explicitly rather than via RemoveFromParent())
[2018.05.07-17.44.31:374][726]PIE: UWidget::RemoveFromParent() called on '/Engine/Transient.VerticalBox_27' which has no UMG parent (if it was added directly to a native Slate widget via TakeWidget() then it must be removed explicitly rather than via RemoveFromParent())
[2018.05.07-17.44.31:378][726]PIE: UWidget::RemoveFromParent() called on '/Engine/Transient.VerticalBox_29' which has no UMG parent (if it was added directly to a native Slate widget via TakeWidget() then it must be removed explicitly rather than via RemoveFromParent())
[2018.05.07-17.44.31:408][727]PIE: UWidget::RemoveFromParent() called on '/Engine/Transient.VerticalBox_31' which has no UMG parent (if it was added directly to a native Slate widget via TakeWidget() then it must be removed explicitly rather than via RemoveFromParent())
[2018.05.07-17.44.31:413][727]PIE: UWidget::RemoveFromParent() called on '/Engine/Transient.VerticalBox_33' which has no UMG parent (if it was added directly to a native Slate widget via TakeWidget() then it must be removed explicitly rather than via RemoveFromParent())
[2018.05.07-17.44.31:441][728]PIE: UWidget::RemoveFromParent() called on '/Engine/Transient.VerticalBox_35' which has no UMG parent (if it was added directly to a native Slate widget via TakeWidget() then it must be removed explicitly rather than via RemoveFromParent())
[2018.05.07-17.44.31:446][728]PIE: UWidget::RemoveFromParent() called on '/Engine/Transient.VerticalBox_37' which has no UMG parent (if it was added directly to a native Slate widget via TakeWidget() then it must be removed explicitly rather than via RemoveFromParent())
[2018.05.07-17.44.31:474][729]PIE: UWidget::RemoveFromParent() called on '/Engine/Transient.VerticalBox_39' which has no UMG parent (if it was added directly to a native Slate widget via TakeWidget() then it must be removed explicitly rather than via RemoveFromParent())
[2018.05.07-17.44.31:476][729]PIE: UWidget::RemoveFromParent() called on '/Engine/Transient.VerticalBox_41' which has no UMG parent (if it was added directly to a native Slate widget via TakeWidget() then it must be removed explicitly rather than via RemoveFromParent())
[2018.05.07-17.44.31:480][729]PIE: UWidget::RemoveFromParent() called on '/Engine/Transient.VerticalBox_43' which has no UMG parent (if it was added directly to a native Slate widget via TakeWidget() then it must be removed explicitly rather than via RemoveFromParent())
[2018.05.07-17.44.31:507][730]PIE: UWidget::RemoveFromParent() called on '/Engine/Transient.VerticalBox_45' which has no UMG parent (if it was added directly to a native Slate widget via TakeWidget() then it must be removed explicitly rather than via RemoveFromParent())
[2018.05.07-17.44.31:511][730]PIE: UWidget::RemoveFromParent() called on '/Engine/Transient.VerticalBox_47' which has no UMG parent (if it was added directly to a native Slate widget via TakeWidget() then it must be removed explicitly rather than via RemoveFromParent())
[2018.05.07-17.44.31:541][731]PIE: UWidget::RemoveFromParent() called on '/Engine/Transient.VerticalBox_49' which has no UMG parent (if it was added directly to a native Slate widget via TakeWidget() then it must be removed explicitly rather than via RemoveFromParent())
[2018.05.07-17.44.31:543][731]PIE: UWidget::RemoveFromParent() called on '/Engine/Transient.VerticalBox_51' which has no UMG parent (if it was added directly to a native Slate widget via TakeWidget() then it must be removed explicitly rather than via RemoveFromParent())
[2018.05.07-17.44.31:548][731]PIE: UWidget::RemoveFromParent() called on '/Engine/Transient.VerticalBox_53' which has no UMG parent (if it was added directly to a native Slate widget via TakeWidget() then it must be removed explicitly rather than via RemoveFromParent())
[2018.05.07-17.44.31:574][732]PIE: UWidget::RemoveFromParent() called on '/Engine/Transient.VerticalBox_55' which has no UMG parent (if it was added directly to a native Slate widget via TakeWidget() then it must be removed explicitly rather than via RemoveFromParent())
[2018.05.07-17.44.31:578][732]PIE: UWidget::RemoveFromParent() called on '/Engine/Transient.VerticalBox_57' which has no UMG parent (if it was added directly to a native Slate widget via TakeWidget() then it must be removed explicitly rather than via RemoveFromParent())
[2018.05.07-17.44.31:608][733]PIE: UWidget::RemoveFromParent() called on '/Engine/Transient.VerticalBox_59' which has no UMG parent (if it was added directly to a native Slate widget via TakeWidget() then it must be removed explicitly rather than via RemoveFromParent())
[2018.05.07-17.44.31:610][733]PIE: UWidget::RemoveFromParent() called on '/Engine/Transient.VerticalBox_61' which has no UMG parent (if it was added directly to a native Slate widget via TakeWidget() then it must be removed explicitly rather than via RemoveFromParent())
[2018.05.07-17.44.31:614][733]PIE: UWidget::RemoveFromParent() called on '/Engine/Transient.VerticalBox_63' which has no UMG parent (if it was added directly to a native Slate widget via TakeWidget() then it must be removed explicitly rather than via RemoveFromParent())
[2018.05.07-17.44.31:641][734]PIE: UWidget::RemoveFromParent() called on '/Engine/Transient.VerticalBox_65' which has no UMG parent (if it was added directly to a native Slate widget via TakeWidget() then it must be removed explicitly rather than via RemoveFromParent())
[2018.05.07-17.44.31:645][734]PIE: UWidget::RemoveFromParent() called on '/Engine/Transient.VerticalBox_67' which has no UMG parent (if it was added directly to a native Slate widget via TakeWidget() then it must be removed explicitly rather than via RemoveFromParent())
[2018.05.07-17.44.31:674][735]PIE: UWidget::RemoveFromParent() called on '/Engine/Transient.VerticalBox_69' which has no UMG parent (if it was added directly to a native Slate widget via TakeWidget() then it must be removed explicitly rather than via RemoveFromParent())
[2018.05.07-17.44.31:678][735]PIE: UWidget::RemoveFromParent() called on '/Engine/Transient.VerticalBox_71' which has no UMG parent (if it was added directly to a native Slate widget via TakeWidget() then it must be removed explicitly rather than via RemoveFromParent())
[2018.05.07-17.44.31:707][736]PIE: UWidget::RemoveFromParent() called on '/Engine/Transient.VerticalBox_73' which has no UMG parent (if it was added directly to a native Slate widget via TakeWidget() then it must be removed explicitly rather than via RemoveFromParent())
[2018.05.07-17.44.31:712][736]PIE: UWidget::RemoveFromParent() called on '/Engine/Transient.VerticalBox_75' which has no UMG parent (if it was added directly to a native Slate widget via TakeWidget() then it must be removed explicitly rather than via RemoveFromParent())
[2018.05.07-17.44.31:742][737]PIE: UWidget::RemoveFromParent() called on '/Engine/Transient.VerticalBox_77' which has no UMG parent (if it was added directly to a native Slate widget via TakeWidget() then it must be removed explicitly rather than via RemoveFromParent())
[2018.05.07-17.44.31:774][738]PIE: UWidget::RemoveFromParent() called on '/Engine/Transient.VerticalBox_79' which has no UMG parent (if it was added directly to a native Slate widget via TakeWidget() then it must be removed explicitly rather than via RemoveFromParent())
[2018.05.07-17.44.31:778][738]PIE: UWidget::RemoveFromParent() called on '/Engine/Transient.VerticalBox_81' which has no UMG parent (if it was added directly to a native Slate widget via TakeWidget() then it must be removed explicitly rather than via RemoveFromParent())
[2018.05.07-17.44.31:807][739]PIE: UWidget::RemoveFromParent() called on '/Engine/Transient.VerticalBox_83' which has no UMG parent (if it was added directly to a native Slate widget via TakeWidget() then it must be removed explicitly rather than via RemoveFromParent())
[2018.05.07-17.44.31:811][739]PIE: UWidget::RemoveFromParent() called on '/Engine/Transient.VerticalBox_85' which has no UMG parent (if it was added directly to a native Slate widget via TakeWidget() then it must be removed explicitly rather than via RemoveFromParent())
[2018.05.07-17.44.31:841][740]PIE: UWidget::RemoveFromParent() called on '/Engine/Transient.VerticalBox_87' which has no UMG parent (if it was added directly to a native Slate widget via TakeWidget() then it must be removed explicitly rather than via RemoveFromParent())
[2018.05.07-17.44.31:845][740]PIE: UWidget::RemoveFromParent() called on '/Engine/Transient.VerticalBox_89' which has no UMG parent (if it was added directly to a native Slate widget via TakeWidget() then it must be removed explicitly rather than via RemoveFromParent())
[2018.05.07-17.44.31:876][741]PIE: UWidget::RemoveFromParent() called on '/Engine/Transient.VerticalBox_91' which has no UMG parent (if it was added directly to a native Slate widget via TakeWidget() then it must be removed explicitly rather than via RemoveFromParent())
[2018.05.07-17.44.31:907][742]PIE: UWidget::RemoveFromParent() called on '/Engine/Transient.VerticalBox_93' which has no UMG parent (if it was added directly to a native Slate widget via TakeWidget() then it must be removed explicitly rather than via RemoveFromParent())
[2018.05.07-17.44.31:912][742]PIE: UWidget::RemoveFromParent() called on '/Engine/Transient.VerticalBox_95' which has no UMG parent (if it was added directly to a native Slate widget via TakeWidget() then it must be removed explicitly rather than via RemoveFromParent())
[2018.05.07-17.44.31:941][743]PIE: UWidget::RemoveFromParent() called on '/Engine/Transient.VerticalBox_97' which has no UMG parent (if it was added directly to a native Slate widget via TakeWidget() then it must be removed explicitly rather than via RemoveFromParent())
[2018.05.07-17.44.31:944][743]PIE: UWidget::RemoveFromParent() called on '/Engine/Transient.VerticalBox_99' which has no UMG parent (if it was added directly to a native Slate widget via TakeWidget() then it must be removed explicitly rather than via RemoveFromParent())
[2018.05.07-17.44.31:974][744]PIE: UWidget::RemoveFromParent() called on '/Engine/Transient.VerticalBox_101' which has no UMG parent (if it was added directly to a native Slate widget via TakeWidget() then it must be removed explicitly rather than via RemoveFromParent())
[2018.05.07-17.44.31:978][744]PIE: UWidget::RemoveFromParent() called on '/Engine/Transient.VerticalBox_103' which has no UMG parent (if it was added directly to a native Slate widget via TakeWidget() then it must be removed explicitly rather than via RemoveFromParent())
[2018.05.07-17.44.32:007][745]PIE: UWidget::RemoveFromParent() called on '/Engine/Transient.VerticalBox_105' which has no UMG parent (if it was added directly to a native Slate widget via TakeWidget() then it must be removed explicitly rather than via RemoveFromParent())
[2018.05.07-17.44.32:012][745]PIE: UWidget::RemoveFromParent() called on '/Engine/Transient.VerticalBox_107' which has no UMG parent (if it was added directly to a native Slate widget via TakeWidget() then it must be removed explicitly rather than via RemoveFromParent())
[2018.05.07-17.44.32:041][746]PIE: UWidget::RemoveFromParent() called on '/Engine/Transient.VerticalBox_109' which has no UMG parent (if it was added directly to a native Slate widget via TakeWidget() then it must be removed explicitly rather than via RemoveFromParent())
[2018.05.07-17.44.32:045][746]PIE: UWidget::RemoveFromParent() called on '/Engine/Transient.VerticalBox_111' which has no UMG parent (if it was added directly to a native Slate widget via TakeWidget() then it must be removed explicitly rather than via RemoveFromParent())
[2018.05.07-17.44.32:076][747]PIE: UWidget::RemoveFromParent() called on '/Engine/Transient.VerticalBox_113' which has no UMG parent (if it was added directly to a native Slate widget via TakeWidget() then it must be removed explicitly rather than via RemoveFromParent())
[2018.05.07-17.44.32:141][749]PIE: UWidget::RemoveFromParent() called on '/Engine/Transient.VerticalBox_115' which has no UMG parent (if it was added directly to a native Slate widget via TakeWidget() then it must be removed explicitly rather than via RemoveFromParent())
[2018.05.07-17.44.32:145][749]PIE: UWidget::RemoveFromParent() called on '/Engine/Transient.VerticalBox_117' which has no UMG parent (if it was added directly to a native Slate widget via TakeWidget() then it must be removed explicitly rather than via RemoveFromParent())
[2018.05.07-17.44.32:176][750]PIE: UWidget::RemoveFromParent() called on '/Engine/Transient.VerticalBox_119' which has no UMG parent (if it was added directly to a native Slate widget via TakeWidget() then it must be removed explicitly rather than via RemoveFromParent())
[2018.05.07-17.45.08:083][814]LogFileHelpers: Editor autosave (incl. sublevels) for '/Game/ThirdPersonCPP/Maps/Mainmenu' took 0.161
[2018.05.07-17.45.08:085][814]OBJ SavePackage: Generating thumbnails for [0] asset(s) in package [/Game/ThirdPersonCPP/HUD/MainMenuWidget] ([1] browsable assets)...
[2018.05.07-17.45.08:085][814]OBJ SavePackage: Finished generating thumbnails for package [/Game/ThirdPersonCPP/HUD/MainMenuWidget]
[2018.05.07-17.45.08:195][814]LogSavePackage: Save=57.70ms
[2018.05.07-17.45.08:195][814]LogSavePackage: Moving '../../../../../../Users/ldm0196/Desktop/Game2/GoBlock/Saved/MainMenuWidget_Auto3AA223A1B43B9A96DC19ED18204EAAAA8.tmp' to '../../../../../../Users/ldm0196/Desktop/Game2/GoBlock/Saved/Autosaves/Game/ThirdPersonCPP/HUD/MainMenuWidget_Auto3.uasset'
[2018.05.07-17.45.08:199][814]LogSavePackage: Display: Finished SavePackage ../../../../../../Users/ldm0196/Desktop/Game2/GoBlock/Saved/Autosaves/Game/ThirdPersonCPP/HUD/MainMenuWidget_Auto3.uasset
[2018.05.07-17.45.08:199][814]LogFileHelpers: Auto-saving content packages took 0.115
[2018.05.07-17.55.08:764][818]LogFileHelpers: Editor autosave (incl. sublevels) for '/Game/ThirdPersonCPP/Maps/Mainmenu' took 0.062
[2018.05.07-17.55.08:766][818]OBJ SavePackage: Generating thumbnails for [0] asset(s) in package [/Game/ThirdPersonCPP/HUD/MainMenuWidget] ([1] browsable assets)...
[2018.05.07-17.55.08:766][818]OBJ SavePackage: Finished generating thumbnails for package [/Game/ThirdPersonCPP/HUD/MainMenuWidget]
[2018.05.07-17.55.08:870][818]LogSavePackage: Save=53.33ms
[2018.05.07-17.55.08:870][818]LogSavePackage: Moving '../../../../../../Users/ldm0196/Desktop/Game2/GoBlock/Saved/MainMenuWidget_Auto4D27DBB1D4A588BC790ABCCA81FD559D1.tmp' to '../../../../../../Users/ldm0196/Desktop/Game2/GoBlock/Saved/Autosaves/Game/ThirdPersonCPP/HUD/MainMenuWidget_Auto4.uasset'
[2018.05.07-17.55.08:874][818]LogSavePackage: Display: Finished SavePackage ../../../../../../Users/ldm0196/Desktop/Game2/GoBlock/Saved/Autosaves/Game/ThirdPersonCPP/HUD/MainMenuWidget_Auto4.uasset
[2018.05.07-17.55.08:874][818]LogFileHelpers: Auto-saving content packages took 0.109
[2018.05.07-19.52.47:805][580]BlueprintLog: New page: Compile MainMenuWidget
[2018.05.07-19.52.48:936][595]Cmd: OBJ SAVEPACKAGE PACKAGE="/Game/ThirdPersonCPP/HUD/MainMenuWidget" FILE="../../../../../../Users/ldm0196/Desktop/Game2/GoBlock/Content/ThirdPersonCPP/HUD/MainMenuWidget.uasset" SILENT=true
[2018.05.07-19.52.49:070][595]LogSavePackage: Save=65.14ms
[2018.05.07-19.52.49:070][595]LogSavePackage: Moving '../../../../../../Users/ldm0196/Desktop/Game2/GoBlock/Saved/MainMenuWidget11643A924FB1C33EA10E3CA7A2124E95.tmp' to '../../../../../../Users/ldm0196/Desktop/Game2/GoBlock/Content/ThirdPersonCPP/HUD/MainMenuWidget.uasset'
[2018.05.07-19.52.49:083][595]LogSavePackage: Display: Finished SavePackage ../../../../../../Users/ldm0196/Desktop/Game2/GoBlock/Content/ThirdPersonCPP/HUD/MainMenuWidget.uasset
