Log file open, 03/17/18 22:19:17
LogWindows: Failed to load 'aqProf.dll' (GetLastError=126)
LogWindows: File 'aqProf.dll' does not exist
LogWindows: Failed to load 'VSPerf140.dll' (GetLastError=126)
LogWindows: File 'VSPerf140.dll' does not exist
LogWindows: Failed to load 'VtuneApi.dll' (GetLastError=126)
LogWindows: File 'VtuneApi.dll' does not exist
LogWindows: Failed to load 'VtuneApi32e.dll' (GetLastError=126)
LogWindows: File 'VtuneApi32e.dll' does not exist
LogInit: Display: Running engine for game: GoBlock
LogPlatformFile: Not using cached read wrapper
LogInit: Display: RandInit(48943381) SRandInit(48943381).
LogInit: Read version file with build ID '3709383'
LogInit: Overriding engine version to CL 3832480, compatible CL 3709383
LogInit: Registered custom module enumerator with build ID '3709383'
LogTaskGraph: Started task graph with 5 named threads and 26 total threads with 3 sets of task threads.
LogStats: Stats thread started at 0.325125
LogD3D11RHI: Aftermath initialized
LogPluginManager: Mounting plugin Paper2D
LogPluginManager: Mounting plugin LightPropagationVolume
LogPluginManager: Mounting plugin CodeLiteSourceCodeAccess
LogPluginManager: Mounting plugin GitSourceControl
LogPluginManager: Mounting plugin KDevelopSourceCodeAccess
LogPluginManager: Mounting plugin NullSourceCodeAccess
LogPluginManager: Mounting plugin PerforceSourceControl
LogPluginManager: Mounting plugin SubversionSourceControl
LogPluginManager: Mounting plugin UObjectPlugin
LogPluginManager: Mounting plugin VisualStudioCodeSourceCodeAccess
LogPluginManager: Mounting plugin VisualStudioSourceCodeAccess
LogPluginManager: Mounting plugin XCodeSourceCodeAccess
LogPluginManager: Mounting plugin AssetManagerEditor
LogPluginManager: Mounting plugin AudioCapture
LogPluginManager: Mounting plugin FacialAnimation
LogPluginManager: Mounting plugin GameplayTagsEditor
LogPluginManager: Mounting plugin MobileLauncherProfileWizard
LogPluginManager: Mounting plugin PluginBrowser
LogPluginManager: Mounting plugin SpeedTreeImporter
LogPluginManager: Mounting plugin AlembicImporter
LogPluginManager: Mounting plugin CharacterAI
LogPluginManager: Mounting plugin HTML5Networking
LogPluginManager: Mounting plugin AndroidMedia
LogPluginManager: Mounting plugin AvfMedia
LogPluginManager: Mounting plugin ImgMedia
LogPluginManager: Mounting plugin MediaCompositing
LogPluginManager: Mounting plugin MediaPlayerEditor
LogPluginManager: Mounting plugin WmfMedia
LogPluginManager: Mounting plugin TcpMessaging
LogPluginManager: Mounting plugin UdpMessaging
LogPluginManager: Mounting plugin ActorSequence
LogPluginManager: Mounting plugin LevelSequenceEditor
LogPluginManager: Mounting plugin MatineeToLevelSequence
LogPluginManager: Mounting plugin OnlineSubsystemGooglePlay
LogPluginManager: Mounting plugin OnlineSubsystemIOS
LogPluginManager: Mounting plugin OnlineSubsystem
LogPluginManager: Mounting plugin OnlineSubsystemNull
LogPluginManager: Mounting plugin OnlineSubsystemUtils
LogPluginManager: Mounting plugin AndroidDeviceProfileSelector
LogPluginManager: Mounting plugin AndroidMoviePlayer
LogPluginManager: Mounting plugin AndroidPermission
LogPluginManager: Mounting plugin AppleARKit
LogPluginManager: Mounting plugin AppleMoviePlayer
LogPluginManager: Mounting plugin ArchVisCharacter
LogPluginManager: Mounting plugin CableComponent
LogPluginManager: Mounting plugin CustomMeshComponent
LogPluginManager: Mounting plugin ExampleDeviceProfileSelector
LogPluginManager: Mounting plugin GoogleCloudMessaging
LogPluginManager: Mounting plugin ImmediatePhysics
LogPluginManager: Mounting plugin IOSDeviceProfileSelector
LogPluginManager: Mounting plugin LinuxDeviceProfileSelector
LogPluginManager: Mounting plugin LocationServicesBPLibrary
LogPluginManager: Mounting plugin MobilePatchingUtils
LogPluginManager: Mounting plugin OculusVR
LogPluginManager: Plugin shader directory ../../../Engine/Plugins/Runtime/Oculus/OculusVR/Shaders found
LogPluginManager: Mapping shader source directory ../../../Engine/Plugins/Runtime/Oculus/OculusVR/Shaders to virtual directory /Plugin/OculusVR
LogPluginManager: Mounting plugin PhysXVehicles
LogPluginManager: Mounting plugin ProceduralMeshComponent
LogPluginManager: Mounting plugin RuntimePhysXCooking
LogPluginManager: Mounting plugin SteamVR
LogPluginManager: Mounting plugin WindowsMoviePlayer
LogModuleManager: Display: Found up-to-date module file ../../../../../../Users/ldm0196/Desktop/Gameprogramming2/GoBlock/Binaries/Win64/UE4Editor-GoBlock.dll (API version 3709383).
LogModuleManager: Display: Found up-to-date module file ../../../Engine/Plugins/2D/Paper2D/Binaries/Win64/UE4Editor-Paper2D.dll (API version 3709383).
LogModuleManager: Display: Found up-to-date module file ../../../Engine/Plugins/2D/Paper2D/Binaries/Win64/UE4Editor-Paper2DEditor.dll (API version 3709383).
LogModuleManager: Display: Found up-to-date module file ../../../Engine/Plugins/2D/Paper2D/Binaries/Win64/UE4Editor-PaperSpriteSheetImporter.dll (API version 3709383).
LogModuleManager: Display: Found up-to-date module file ../../../Engine/Plugins/2D/Paper2D/Binaries/Win64/UE4Editor-PaperTiledImporter.dll (API version 3709383).
LogModuleManager: Display: Found up-to-date module file ../../../Engine/Plugins/2D/Paper2D/Binaries/Win64/UE4Editor-SmartSnapping.dll (API version 3709383).
LogModuleManager: Display: Found up-to-date module file ../../../Engine/Plugins/Blendables/LightPropagationVolume/Binaries/Win64/UE4Editor-LightPropagationVolumeRuntime.dll (API version 3709383).
LogModuleManager: Display: Found up-to-date module file ../../../Engine/Plugins/Blendables/LightPropagationVolume/Binaries/Win64/UE4Editor-LightPropagationVolumeEditor.dll (API version 3709383).
LogModuleManager: Display: Found up-to-date module file ../../../Engine/Plugins/Developer/GitSourceControl/Binaries/Win64/UE4Editor-GitSourceControl.dll (API version 3709383).
LogModuleManager: Display: Found up-to-date module file ../../../Engine/Plugins/Developer/PerforceSourceControl/Binaries/Win64/UE4Editor-PerforceSourceControl.dll (API version 3709383).
LogModuleManager: Display: Found up-to-date module file ../../../Engine/Plugins/Developer/SubversionSourceControl/Binaries/Win64/UE4Editor-SubversionSourceControl.dll (API version 3709383).
LogModuleManager: Display: Found up-to-date module file ../../../Engine/Plugins/Developer/UObjectPlugin/Binaries/Win64/UE4Editor-UObjectPlugin.dll (API version 3709383).
LogModuleManager: Display: Found up-to-date module file ../../../Engine/Plugins/Developer/VisualStudioCodeSourceCodeAccess/Binaries/Win64/UE4Editor-VisualStudioCodeSourceCodeAccess.dll (API version 3709383).
LogModuleManager: Display: Found up-to-date module file ../../../Engine/Plugins/Developer/VisualStudioSourceCodeAccess/Binaries/Win64/UE4Editor-VisualStudioSourceCodeAccess.dll (API version 3709383).
LogModuleManager: Display: Found up-to-date module file ../../../Engine/Plugins/Editor/AssetManagerEditor/Binaries/Win64/UE4Editor-AssetManagerEditor.dll (API version 3709383).
LogModuleManager: Display: Found up-to-date module file ../../../Engine/Plugins/Editor/AudioCapture/Binaries/Win64/UE4Editor-AudioCapture.dll (API version 3709383).
LogModuleManager: Display: Found up-to-date module file ../../../Engine/Plugins/Editor/FacialAnimation/Binaries/Win64/UE4Editor-FacialAnimation.dll (API version 3709383).
LogModuleManager: Display: Found up-to-date module file ../../../Engine/Plugins/Editor/FacialAnimation/Binaries/Win64/UE4Editor-FacialAnimationEditor.dll (API version 3709383).
LogModuleManager: Display: Found up-to-date module file ../../../Engine/Plugins/Editor/GameplayTagsEditor/Binaries/Win64/UE4Editor-GameplayTagsEditor.dll (API version 3709383).
LogModuleManager: Display: Found up-to-date module file ../../../Engine/Plugins/Editor/MobileLauncherProfileWizard/Binaries/Win64/UE4Editor-MobileLauncherProfileWizard.dll (API version 3709383).
LogModuleManager: Display: Found up-to-date module file ../../../Engine/Plugins/Editor/PluginBrowser/Binaries/Win64/UE4Editor-PluginBrowser.dll (API version 3709383).
LogModuleManager: Display: Found up-to-date module file ../../../Engine/Plugins/Editor/SpeedTreeImporter/Binaries/Win64/UE4Editor-SpeedTreeImporter.dll (API version 3709383).
LogModuleManager: Display: Found up-to-date module file ../../../Engine/Plugins/Experimental/AlembicImporter/Binaries/Win64/UE4Editor-AlembicImporter.dll (API version 3709383).
LogModuleManager: Display: Found up-to-date module file ../../../Engine/Plugins/Experimental/AlembicImporter/Binaries/Win64/UE4Editor-AlembicLibrary.dll (API version 3709383).
LogModuleManager: Display: Found up-to-date module file ../../../Engine/Plugins/Experimental/CharacterAI/Binaries/Win64/UE4Editor-CharacterAI.dll (API version 3709383).
LogModuleManager: Display: Found up-to-date module file ../../../Engine/Plugins/Experimental/HTML5Networking/Binaries/Win64/UE4Editor-HTML5Networking.dll (API version 3709383).
LogModuleManager: Display: Found up-to-date module file ../../../Engine/Plugins/Media/AndroidMedia/Binaries/Win64/UE4Editor-AndroidMediaEditor.dll (API version 3709383).
LogModuleManager: Display: Found up-to-date module file ../../../Engine/Plugins/Media/AndroidMedia/Binaries/Win64/UE4Editor-AndroidMediaFactory.dll (API version 3709383).
LogModuleManager: Display: Found up-to-date module file ../../../Engine/Plugins/Media/AvfMedia/Binaries/Win64/UE4Editor-AvfMediaEditor.dll (API version 3709383).
LogModuleManager: Display: Found up-to-date module file ../../../Engine/Plugins/Media/AvfMedia/Binaries/Win64/UE4Editor-AvfMediaFactory.dll (API version 3709383).
LogModuleManager: Display: Found up-to-date module file ../../../Engine/Plugins/Media/AvfMedia/Binaries/Win64/UE4Editor-AvfMediaFactory.dll (API version 3709383).
LogModuleManager: Display: Found up-to-date module file ../../../Engine/Plugins/Media/ImgMedia/Binaries/Win64/UE4Editor-ImgMedia.dll (API version 3709383).
LogModuleManager: Display: Found up-to-date module file ../../../Engine/Plugins/Media/ImgMedia/Binaries/Win64/UE4Editor-ImgMediaEditor.dll (API version 3709383).
LogModuleManager: Display: Found up-to-date module file ../../../Engine/Plugins/Media/ImgMedia/Binaries/Win64/UE4Editor-ImgMediaFactory.dll (API version 3709383).
LogModuleManager: Display: Found up-to-date module file ../../../Engine/Plugins/Media/ImgMedia/Binaries/Win64/UE4Editor-ImgMediaFactory.dll (API version 3709383).
LogModuleManager: Display: Found up-to-date module file ../../../Engine/Plugins/Media/ImgMedia/Binaries/Win64/UE4Editor-OpenExrWrapper.dll (API version 3709383).
LogModuleManager: Display: Found up-to-date module file ../../../Engine/Plugins/Media/MediaCompositing/Binaries/Win64/UE4Editor-MediaCompositing.dll (API version 3709383).
LogModuleManager: Display: Found up-to-date module file ../../../Engine/Plugins/Media/MediaCompositing/Binaries/Win64/UE4Editor-MediaCompositingEditor.dll (API version 3709383).
LogModuleManager: Display: Found up-to-date module file ../../../Engine/Plugins/Media/MediaPlayerEditor/Binaries/Win64/UE4Editor-MediaPlayerEditor.dll (API version 3709383).
LogModuleManager: Display: Found up-to-date module file ../../../Engine/Plugins/Media/WmfMedia/Binaries/Win64/UE4Editor-WmfMedia.dll (API version 3709383).
LogModuleManager: Display: Found up-to-date module file ../../../Engine/Plugins/Media/WmfMedia/Binaries/Win64/UE4Editor-WmfMediaEditor.dll (API version 3709383).
LogModuleManager: Display: Found up-to-date module file ../../../Engine/Plugins/Media/WmfMedia/Binaries/Win64/UE4Editor-WmfMediaFactory.dll (API version 3709383).
LogModuleManager: Display: Found up-to-date module file ../../../Engine/Plugins/Media/WmfMedia/Binaries/Win64/UE4Editor-WmfMediaFactory.dll (API version 3709383).
LogModuleManager: Display: Found up-to-date module file ../../../Engine/Plugins/Messaging/TcpMessaging/Binaries/Win64/UE4Editor-TcpMessaging.dll (API version 3709383).
LogModuleManager: Display: Found up-to-date module file ../../../Engine/Plugins/Messaging/UdpMessaging/Binaries/Win64/UE4Editor-UdpMessaging.dll (API version 3709383).
LogModuleManager: Display: Found up-to-date module file ../../../Engine/Plugins/MovieScene/ActorSequence/Binaries/Win64/UE4Editor-ActorSequence.dll (API version 3709383).
LogModuleManager: Display: Found up-to-date module file ../../../Engine/Plugins/MovieScene/LevelSequenceEditor/Binaries/Win64/UE4Editor-LevelSequenceEditor.dll (API version 3709383).
LogModuleManager: Display: Found up-to-date module file ../../../Engine/Plugins/MovieScene/MatineeToLevelSequence/Binaries/Win64/UE4Editor-MatineeToLevelSequence.dll (API version 3709383).
LogModuleManager: Display: Found up-to-date module file ../../../Engine/Plugins/Online/OnlineSubsystem/Binaries/Win64/UE4Editor-OnlineSubsystem.dll (API version 3709383).
LogModuleManager: Display: Found up-to-date module file ../../../Engine/Plugins/Online/OnlineSubsystemNull/Binaries/Win64/UE4Editor-OnlineSubsystemNull.dll (API version 3709383).
LogModuleManager: Display: Found up-to-date module file ../../../Engine/Plugins/Online/OnlineSubsystemUtils/Binaries/Win64/UE4Editor-OnlineSubsystemUtils.dll (API version 3709383).
LogModuleManager: Display: Found up-to-date module file ../../../Engine/Plugins/Online/OnlineSubsystemUtils/Binaries/Win64/UE4Editor-OnlineBlueprintSupport.dll (API version 3709383).
LogModuleManager: Display: Found up-to-date module file ../../../Engine/Plugins/Runtime/AndroidDeviceProfileSelector/Binaries/Win64/UE4Editor-AndroidDeviceProfileSelector.dll (API version 3709383).
LogModuleManager: Display: Found up-to-date module file ../../../Engine/Plugins/Runtime/AndroidPermission/Binaries/Win64/UE4Editor-AndroidPermission.dll (API version 3709383).
LogModuleManager: Display: Found up-to-date module file ../../../Engine/Plugins/Runtime/AppleARKit/Binaries/Win64/UE4Editor-AppleARKit.dll (API version 3709383).
LogModuleManager: Display: Found up-to-date module file ../../../Engine/Plugins/Runtime/ArchVisCharacter/Binaries/Win64/UE4Editor-ArchVisCharacter.dll (API version 3709383).
LogModuleManager: Display: Found up-to-date module file ../../../Engine/Plugins/Runtime/CableComponent/Binaries/Win64/UE4Editor-CableComponent.dll (API version 3709383).
LogModuleManager: Display: Found up-to-date module file ../../../Engine/Plugins/Runtime/CustomMeshComponent/Binaries/Win64/UE4Editor-CustomMeshComponent.dll (API version 3709383).
LogModuleManager: Display: Found up-to-date module file ../../../Engine/Plugins/Runtime/ExampleDeviceProfileSelector/Binaries/Win64/UE4Editor-ExampleDeviceProfileSelector.dll (API version 3709383).
LogModuleManager: Display: Found up-to-date module file ../../../Engine/Plugins/Runtime/ImmediatePhysics/Binaries/Win64/UE4Editor-ImmediatePhysics.dll (API version 3709383).
LogModuleManager: Display: Found up-to-date module file ../../../Engine/Plugins/Runtime/ImmediatePhysics/Binaries/Win64/UE4Editor-ImmediatePhysicsEditor.dll (API version 3709383).
LogModuleManager: Display: Found up-to-date module file ../../../Engine/Plugins/Runtime/LocationServicesBPLibrary/Binaries/Win64/UE4Editor-LocationServicesBPLibrary.dll (API version 3709383).
LogModuleManager: Display: Found up-to-date module file ../../../Engine/Plugins/Runtime/MobilePatchingUtils/Binaries/Win64/UE4Editor-MobilePatchingUtils.dll (API version 3709383).
LogModuleManager: Display: Found up-to-date module file ../../../Engine/Plugins/Runtime/Oculus/OculusVR/Binaries/Win64/UE4Editor-OculusHMD.dll (API version 3709383).
LogModuleManager: Display: Found up-to-date module file ../../../Engine/Plugins/Runtime/Oculus/OculusVR/Binaries/Win64/UE4Editor-OculusInput.dll (API version 3709383).
LogModuleManager: Display: Found up-to-date module file ../../../Engine/Plugins/Runtime/Oculus/OculusVR/Binaries/Win64/UE4Editor-OculusEditor.dll (API version 3709383).
LogModuleManager: Display: Found up-to-date module file ../../../Engine/Plugins/Runtime/PhysXVehicles/Binaries/Win64/UE4Editor-PhysXVehicles.dll (API version 3709383).
LogModuleManager: Display: Found up-to-date module file ../../../Engine/Plugins/Runtime/PhysXVehicles/Binaries/Win64/UE4Editor-PhysXVehiclesEditor.dll (API version 3709383).
LogModuleManager: Display: Found up-to-date module file ../../../Engine/Plugins/Runtime/ProceduralMeshComponent/Binaries/Win64/UE4Editor-ProceduralMeshComponent.dll (API version 3709383).
LogModuleManager: Display: Found up-to-date module file ../../../Engine/Plugins/Runtime/ProceduralMeshComponent/Binaries/Win64/UE4Editor-ProceduralMeshComponentEditor.dll (API version 3709383).
LogModuleManager: Display: Found up-to-date module file ../../../Engine/Plugins/Runtime/RuntimePhysXCooking/Binaries/Win64/UE4Editor-RuntimePhysXCooking.dll (API version 3709383).
LogModuleManager: Display: Found up-to-date module file ../../../Engine/Plugins/Runtime/Steam/SteamVR/Binaries/Win64/UE4Editor-SteamVR.dll (API version 3709383).
LogModuleManager: Display: Found up-to-date module file ../../../Engine/Plugins/Runtime/Steam/SteamVR/Binaries/Win64/UE4Editor-SteamVRController.dll (API version 3709383).
LogModuleManager: Display: Found up-to-date module file ../../../Engine/Plugins/Runtime/WindowsMoviePlayer/Binaries/Win64/UE4Editor-WindowsMoviePlayer.dll (API version 3709383).
LogInit: Using libcurl 7.47.1
LogInit:  - built for x86_64-pc-win32
LogInit:  - supports SSL with OpenSSL/1.0.2g
LogInit:  - supports HTTP deflate (compression) using libz 1.2.8
LogInit:  - other features:
LogInit:      CURL_VERSION_SSL
LogInit:      CURL_VERSION_LIBZ
LogInit:      CURL_VERSION_IPV6
LogInit:      CURL_VERSION_ASYNCHDNS
LogInit:      CURL_VERSION_LARGEFILE
LogInit:      CURL_VERSION_IDN
LogInit:  CurlRequestOptions (configurable via config and command line):
LogInit:  - bVerifyPeer = false  - Libcurl will NOT verify peer certificate
LogInit:  - bUseHttpProxy = false  - Libcurl will NOT use HTTP proxy
LogInit:  - bDontReuseConnections = false  - Libcurl will reuse connections
LogInit:  - CertBundlePath = nullptr  - Libcurl will use whatever was configured at build time.
LogInit: Build: ++UE4+Release-4.18-CL-3832480
LogInit: Engine Version: 4.18.3-3832480+++UE4+Release-4.18
LogInit: Compatible Engine Version: 4.18.0-3709383+++UE4+Release-4.18
LogInit: Net CL: 3709383
LogDevObjectVersion: Number of dev versions registered: 16
LogDevObjectVersion:   Dev-Blueprints (B0D832E4-1F89-4F0D-ACCF-7EB736FD4AA2): 10
LogDevObjectVersion:   Dev-Build (E1C64328-A22C-4D53-A36C-8E866417BD8C): 0
LogDevObjectVersion:   Dev-Core (375EC13C-06E4-48FB-B500-84F0262A717E): 2
LogDevObjectVersion:   Dev-Editor (E4B068ED-F494-42E9-A231-DA0B2E46BB41): 20
LogDevObjectVersion:   Dev-Framework (CFFC743F-43B0-4480-9391-14DF171D2073): 30
LogDevObjectVersion:   Dev-Mobile (B02B49B5-BB20-44E9-A304-32B752E40360): 0
LogDevObjectVersion:   Dev-Networking (A4E4105C-59A1-49B5-A7C5-40C4547EDFEE): 0
LogDevObjectVersion:   Dev-Online (39C831C9-5AE6-47DC-9A44-9C173E1C8E7C): 0
LogDevObjectVersion:   Dev-Physics (78F01B33-EBEA-4F98-B9B4-84EACCB95AA2): 0
LogDevObjectVersion:   Dev-Platform (6631380F-2D4D-43E0-8009-CF276956A95A): 0
LogDevObjectVersion:   Dev-Rendering (12F88B9F-8875-4AFC-A67C-D90C383ABD29): 20
LogDevObjectVersion:   Dev-Sequencer (7B5AE74C-D270-4C10-A958-57980B212A5A): 4
LogDevObjectVersion:   Dev-VR (D7296918-1DD6-4BDD-9DE2-64A83CC13884): 0
LogDevObjectVersion:   Dev-LoadTimes (C2A15278-BFE7-4AFE-6C17-90FF531DF755): 1
LogDevObjectVersion:   Private-Geometry (6EACA3D4-40EC-4CC1-B786-8BED09428FC5): 1
LogDevObjectVersion:   Dev-AnimPhys (29E575DD-E0A3-4627-9D10-D276232CDCEA): 12
LogInit: Compiled (64-bit): Jan 12 2018 02:04:55
LogInit: Compiled with Visual C++: 19.00.24215.01
LogInit: Build Configuration: Development
LogInit: Branch Name: ++UE4+Release-4.18
LogInit: Command line:  
LogInit: Base directory: C:/Program Files/Epic Games/UE_4.18/Engine/Binaries/Win64/
LogInit: Installed Engine Build: 1
LogInit: Presizing for max 8388607 objects, including 0 objects not considered by GC, pre-allocating 0 bytes for permanent pool.
LogInit: Object subsystem initialized
[2018.03.18-03.19.21:152][  0]LogInit: Selected Device Profile: [Windows]
[2018.03.18-03.19.21:152][  0]LogInit: Applying CVar settings loaded from the selected device profile: [Windows]
[2018.03.18-03.19.21:180][  0]LogInit: Computer: DESKTOP-UHTKKQD
[2018.03.18-03.19.21:180][  0]LogInit: User: ldm0196
[2018.03.18-03.19.21:180][  0]LogInit: CPU Page size=4096, Cores=8
[2018.03.18-03.19.21:180][  0]LogInit: High frequency timer resolution =2.924194 MHz
[2018.03.18-03.19.21:180][  0]LogMemory: Memory total: Physical=15.9GB (16GB approx)
[2018.03.18-03.19.21:180][  0]LogMemory: Platform Memory Stats for Windows
[2018.03.18-03.19.21:180][  0]LogMemory: Process Physical Memory: 277.30 MB used, 277.30 MB peak
[2018.03.18-03.19.21:180][  0]LogMemory: Process Virtual Memory: 272.89 MB used, 272.89 MB peak
[2018.03.18-03.19.21:180][  0]LogMemory: Physical Memory: 7316.54 MB used,  8995.97 MB free, 16312.51 MB total
[2018.03.18-03.19.21:180][  0]LogMemory: Virtual Memory: 690.23 MB used,  8995.97 MB free, 134217728.00 MB total
[2018.03.18-03.19.23:203][  0]LogInit: Using OS detected language (en-US).
[2018.03.18-03.19.23:203][  0]LogInit: Using OS detected locale (en-US).
[2018.03.18-03.19.23:211][  0]LogTextLocalizationManager: No specific localization for 'en-US' exists, so the 'en' localization will be used.
[2018.03.18-03.19.23:999][  0]LogInit: Setting process to per monitor DPI aware
[2018.03.18-03.19.24:487][  0]LogD3D11RHI: D3D11 adapters:
[2018.03.18-03.19.24:601][  0]LogD3D11RHI:    0. 'NVIDIA GeForce GTX 1060 6GB' (Feature Level 11_0)
[2018.03.18-03.19.24:601][  0]LogD3D11RHI:       6052/0/8156 MB DedicatedVideo/DedicatedSystem/SharedSystem, Outputs:2, VendorId:0x10de
[2018.03.18-03.19.24:604][  0]LogD3D11RHI:    1. 'Microsoft Basic Render Driver' (Feature Level 11_0)
[2018.03.18-03.19.24:604][  0]LogD3D11RHI:       0/0/8156 MB DedicatedVideo/DedicatedSystem/SharedSystem, Outputs:0, VendorId:0x1414
[2018.03.18-03.19.24:604][  0]LogD3D11RHI: Chosen D3D11 Adapter: 0
[2018.03.18-03.19.24:616][  0]LogD3D11RHI: Creating new Direct3DDevice
[2018.03.18-03.19.24:616][  0]LogD3D11RHI:     GPU DeviceId: 0x1c03 (for the marketing name, search the web for "GPU Device Id")
[2018.03.18-03.19.24:616][  0]LogWindows: EnumDisplayDevices:
[2018.03.18-03.19.24:616][  0]LogWindows:    0. 'NVIDIA GeForce GTX 1060 6GB' (P:1 D:1)
[2018.03.18-03.19.24:616][  0]LogWindows:    1. 'NVIDIA GeForce GTX 1060 6GB' (P:0 D:1)
[2018.03.18-03.19.24:617][  0]LogWindows:    2. 'NVIDIA GeForce GTX 1060 6GB' (P:0 D:0)
[2018.03.18-03.19.24:617][  0]LogWindows:    3. 'NVIDIA GeForce GTX 1060 6GB' (P:0 D:0)
[2018.03.18-03.19.24:617][  0]LogWindows: DebugString: GetVideoDriverDetailsInvalid PrimaryIsNotTheChoosenAdapter GetVideoDriverDetailsInvalid PrimaryIsNotTheChoosenAdapter GetVideoDriverDetailsInvalid PrimaryIsNotTheChoosenAdapter GetVideoDriverDetailsInvalid PrimaryIsNotTheChoosenAdapter FoundDriverCount:0 
[2018.03.18-03.19.24:617][  0]LogD3D11RHI:     Adapter Name: NVIDIA GeForce GTX 1060 6GB
[2018.03.18-03.19.24:617][  0]LogD3D11RHI:   Driver Version: Unknown (internal:Unknown, unified:Unknown)
[2018.03.18-03.19.24:617][  0]LogD3D11RHI:      Driver Date: Unknown
[2018.03.18-03.19.24:617][  0]LogRHI: Texture pool is 4236 MB (70% of 6052 MB)
[2018.03.18-03.19.24:670][  0]LogD3D11RHI: Async texture creation enabled
[2018.03.18-03.19.24:688][  0]LogD3D11RHI: GPU Timing Frequency: 1000.000000 (Debug: 2 2)
[2018.03.18-03.19.24:740][  0]LogShaderCompilers: Guid format shader working directory is -16 characters bigger than the processId version (../../../../../../Users/ldm0196/Desktop/Gameprogramming2/GoBlock/Intermediate/Shaders/WorkingDirectory/1904/).
[2018.03.18-03.19.24:740][  0]LogShaderCompilers: Cleaned the shader compiler working directory 'C:/Users/ldm0196/AppData/Local/Temp/UnrealShaderWorkingDir/552440054EF98756A62382A53AE6D606/'.
[2018.03.18-03.19.24:740][  0]LogShaderCompilers: Display: Using Local Shader Compiler.
[2018.03.18-03.19.26:058][  0]LogTemp: Display: Loaded TP AllDesktopTargetPlatform
[2018.03.18-03.19.26:146][  0]LogTemp: Display: Loaded TP MacClientTargetPlatform
[2018.03.18-03.19.26:216][  0]LogTemp: Display: Loaded TP MacNoEditorTargetPlatform
[2018.03.18-03.19.26:320][  0]LogTemp: Display: Loaded TP MacServerTargetPlatform
[2018.03.18-03.19.26:406][  0]LogTemp: Display: Loaded TP MacTargetPlatform
[2018.03.18-03.19.26:479][  0]LogTemp: Display: Loaded TP WindowsClientTargetPlatform
[2018.03.18-03.19.26:563][  0]LogTemp: Display: Loaded TP WindowsNoEditorTargetPlatform
[2018.03.18-03.19.26:655][  0]LogTemp: Display: Loaded TP WindowsServerTargetPlatform
[2018.03.18-03.19.26:732][  0]LogTemp: Display: Loaded TP WindowsTargetPlatform
[2018.03.18-03.19.26:803][  0]LogTemp: Display: Loaded TP Android_ASTCTargetPlatform
[2018.03.18-03.19.26:906][  0]LogTemp: Display: Loaded TP Android_ATCTargetPlatform
[2018.03.18-03.19.27:002][  0]LogTemp: Display: Loaded TP Android_DXTTargetPlatform
[2018.03.18-03.19.27:071][  0]LogTemp: Display: Loaded TP Android_ETC1TargetPlatform
[2018.03.18-03.19.27:139][  0]LogTemp: Display: Loaded TP Android_ETC2TargetPlatform
[2018.03.18-03.19.27:276][  0]LogTemp: Display: Loaded TP Android_MultiTargetPlatform
[2018.03.18-03.19.27:276][  0]LogTemp: Display: Loaded TP Android_PVRTCTargetPlatform
[2018.03.18-03.19.27:346][  0]LogTemp: Display: Loaded TP AndroidTargetPlatform
[2018.03.18-03.19.27:400][  0]LogTemp: Display: Loaded TP HTML5TargetPlatform
[2018.03.18-03.19.27:517][  0]LogTemp: Display: Loaded TP IOSTargetPlatform
[2018.03.18-03.19.27:572][  0]LogTemp: Display: Loaded TP TVOSTargetPlatform
[2018.03.18-03.19.27:640][  0]LogTemp: Display: Loaded TP LinuxClientTargetPlatform
[2018.03.18-03.19.27:722][  0]LogTemp: Display: Loaded TP LinuxNoEditorTargetPlatform
[2018.03.18-03.19.27:795][  0]LogTemp: Display: Loaded TP LinuxServerTargetPlatform
[2018.03.18-03.19.27:877][  0]LogTemp: Display: Loaded TP LinuxTargetPlatform
[2018.03.18-03.19.27:877][  0]LogTargetPlatformManager: Display: Building Assets For Windows
[2018.03.18-03.19.28:703][  0]LogDerivedDataCache: Display: Max Cache Size: 512 MB
[2018.03.18-03.19.28:807][  0]LogDerivedDataCache: Loaded boot cache 0.10s 79MB C:/Users/ldm0196/AppData/Local/UnrealEngine/4.18/DerivedDataCache/Boot.ddc.
[2018.03.18-03.19.28:807][  0]LogDerivedDataCache: Display: Loaded Boot cache: C:/Users/ldm0196/AppData/Local/UnrealEngine/4.18/DerivedDataCache/Boot.ddc
[2018.03.18-03.19.28:807][  0]LogDerivedDataCache: FDerivedDataBackendGraph:  Pak pak cache file ../../../../../../Users/ldm0196/Desktop/Gameprogramming2/GoBlock/DerivedDataCache/DDC.ddp not found, will not use a pak cache.
[2018.03.18-03.19.28:807][  0]LogDerivedDataCache: Unable to find inner node Pak for hierarchical cache Hierarchy.
[2018.03.18-03.19.28:808][  0]LogDerivedDataCache: FDerivedDataBackendGraph:  CompressedPak pak cache file ../../../../../../Users/ldm0196/Desktop/Gameprogramming2/GoBlock/DerivedDataCache/Compressed.ddp not found, will not use a pak cache.
[2018.03.18-03.19.28:808][  0]LogDerivedDataCache: Unable to find inner node CompressedPak for hierarchical cache Hierarchy.
[2018.03.18-03.19.28:829][  0]LogDerivedDataCache: Display: Pak cache opened for reading ../../../Engine/DerivedDataCache/Compressed.ddp.
[2018.03.18-03.19.28:841][  0]LogDerivedDataCache: Using Local data cache path C:/Users/ldm0196/AppData/Local/UnrealEngine/Common/DerivedDataCache: Writable
[2018.03.18-03.19.28:869][  0]LogMaterial: Verifying Global Shaders for PCD3D_SM5
[2018.03.18-03.19.28:870][  0]LogSlate: Using Freetype 2.6.0
[2018.03.18-03.19.28:871][  0]LogSlate: SlateFontCache - WITH_FREETYPE: 1, WITH_HARFBUZZ: 1
[2018.03.18-03.19.28:871][  0]LogSlate: SlateFontCache - WITH_FREETYPE: 1, WITH_HARFBUZZ: 1
[2018.03.18-03.19.29:471][  0]LogInit: Selected Device Profile: [Windows]
[2018.03.18-03.19.29:997][  0]LogSimplygon: Simplygon DLL not present - disabling.
[2018.03.18-03.19.30:077][  0]LogMeshReduction: Using SimplygonSwarm for distributed automatic mesh merging
[2018.03.18-03.19.30:077][  0]LogMeshReduction: Using QuadricMeshReduction for automatic static mesh reduction
[2018.03.18-03.19.30:077][  0]LogMeshReduction: No automatic skeletal mesh reduction module available
[2018.03.18-03.19.30:077][  0]LogMeshReduction: No automatic mesh merging module available
[2018.03.18-03.19.30:077][  0]LogMeshMerging: No automatic mesh merging module available
[2018.03.18-03.19.30:156][  0]LogNetVersion: GoBlock , NetCL: 3709383, EngineNetVer: 2, GameNetVer: 0 (Checksum: 2987437899)
[2018.03.18-03.19.30:434][  0]LogAssetRegistry: FAssetRegistry took 0.0297 seconds to start up
[2018.03.18-03.19.31:388][  0]LogPackageLocalizationCache: Processed 7 localized package path(s) for 2 prioritized culture(s) in 0.116485 seconds
[2018.03.18-03.19.31:401][  0]LogUObjectArray: 35870 objects as part of root set at end of initial load.
[2018.03.18-03.19.31:401][  0]LogUObjectAllocator: 7363704 out of 0 bytes used by permanent object pool.
[2018.03.18-03.19.31:401][  0]LogUObjectArray: CloseDisregardForGC: 0/0 objects in disregard for GC pool
[2018.03.18-03.19.31:500][  0]LogInit: WinSock: version 1.1 (2.2), MaxSocks=32767, MaxUdp=65467
[2018.03.18-03.19.36:183][  0]LogTcpMessaging: Initializing TcpMessaging bridge
[2018.03.18-03.19.36:247][  0]LogUdpMessaging: Initializing bridge on interface 0.0.0.0:0 to multicast group 230.0.0.1:6666.
[2018.03.18-03.19.37:842][  0]LogMaterial: Uniform references updated for custom material expression Custom.
[2018.03.18-03.19.38:558][  0]SourceControl: Source control is disabled
[2018.03.18-03.19.41:722][  0]LogAndroidPermission: UAndroidPermissionCallbackProxy::GetInstance
[2018.03.18-03.19.42:211][  0]LogOcInput: OculusInput pre-init called
[2018.03.18-03.19.42:694][  0]LogEngine: Initializing Engine...
[2018.03.18-03.19.42:700][  0]LogHMD: Failed to initialize OpenVR with code 110
[2018.03.18-03.19.43:068][  0]LogStats: UGameplayTagsManager::ConstructGameplayTagTree: Construct from data asset -  0.000 s
[2018.03.18-03.19.43:068][  0]LogStats: UGameplayTagsManager::ConstructGameplayTagTree: GameplayTagTreeChangedEvent.Broadcast -  0.000 s
[2018.03.18-03.19.43:277][  0]LogAIModule: Creating AISystem for world Untitled
[2018.03.18-03.19.43:299][  0]LogInit: XAudio2 using 'Headset Earphone (Corsair VOID RGB USB Gaming Headset)' : 6 channels at 48 kHz using 16 bits per sample (channel mask 0x3f)
[2018.03.18-03.19.43:680][  0]LogInit: FAudioDevice initialized.
[2018.03.18-03.19.43:940][  0]LogDerivedDataCache: Saved boot cache 0.26s 79MB C:/Users/ldm0196/AppData/Local/UnrealEngine/4.18/DerivedDataCache/Boot.ddc.
[2018.03.18-03.19.43:969][  0]LogInit: Texture streaming: Enabled
[2018.03.18-03.19.44:180][  0]LogEngineSessionManager: EngineSessionManager initialized
[2018.03.18-03.19.44:452][  0]LogInit: Transaction tracking system initialized
[2018.03.18-03.19.45:107][  0]BlueprintLog: New page: Editor Load
[2018.03.18-03.19.46:745][  0]LocalizationService: Localization service is disabled
[2018.03.18-03.19.48:097][  0]LogConsoleResponse: Display: 
[2018.03.18-03.19.48:394][  0]LogCook: Display: Max memory allowance for cook 16384mb min free memory 0mb
[2018.03.18-03.19.48:394][  0]LogCook: Display: Mobile HDR setting 1
[2018.03.18-03.19.48:394][  0]LogGameplayTags: Display: UGameplayTagsManager::DoneAddingNativeTags. DelegateIsBound: 0
[2018.03.18-03.19.49:220][  0]LogFileCache: Scanning file cache for directory 'C:/Users/ldm0196/Desktop/Gameprogramming2/GoBlock/Content/' took 0.02s
[2018.03.18-03.19.50:819][  0]Cmd: MAP LOAD FILE="../../../../../../Users/ldm0196/Desktop/Gameprogramming2/GoBlock/Content/ThirdPersonCPP/Maps/ThirdPersonExampleMap.umap" TEMPLATE=0 SHOWPROGRESS=1 FEATURELEVEL=3
[2018.03.18-03.19.50:819][  0]LightingResults: New page: Lighting Build
[2018.03.18-03.19.50:900][  0]MapCheck: New page: Map Check
[2018.03.18-03.19.50:900][  0]LightingResults: New page: Lighting Build
[2018.03.18-03.19.51:183][  0]LogAIModule: Creating AISystem for world ThirdPersonExampleMap
[2018.03.18-03.19.51:203][  0]LogEditorServer: Finished looking for orphan Actors (0.000 secs)
[2018.03.18-03.19.51:242][  0]Cmd: MAP CHECKDEP NOCLEARLOG
[2018.03.18-03.19.51:343][  0]MapCheck: Map check complete: 0 Error(s), 0 Warning(s), took 101.461ms to complete.
[2018.03.18-03.19.51:343][  0]LogFileHelpers: Loading map 'ThirdPersonExampleMap' took 0.524
[2018.03.18-03.19.51:502][  0]LogCollectionManager: Loaded 0 collections in 0.003314 seconds
[2018.03.18-03.19.51:638][  0]LogFileCache: Scanning file cache for directory 'C:/Users/ldm0196/Desktop/Gameprogramming2/GoBlock/Saved/Collections/' took 0.01s
[2018.03.18-03.19.51:638][  0]LogFileCache: Scanning file cache for directory 'C:/Users/ldm0196/Desktop/Gameprogramming2/GoBlock/Content/Developers/ldm0196/Collections/' took 0.01s
[2018.03.18-03.19.51:638][  0]LogFileCache: Scanning file cache for directory 'C:/Users/ldm0196/Desktop/Gameprogramming2/GoBlock/Content/Collections/' took 0.01s
[2018.03.18-03.19.51:638][  0]LogCollectionManager: Rebuilt the GUID cache for 0 collections in 0.000000 seconds
[2018.03.18-03.19.51:651][  0]LogContentBrowser: Native class hierarchy populated in 0.0130 seconds. Added 2365 classes and 521 folders.
[2018.03.18-03.19.51:744][  0]LogContentBrowser: Native class hierarchy updated for 'WidgetCarousel' in 0.0010 seconds. Added 0 classes and 0 folders.
[2018.03.18-03.19.51:828][  0]LogContentBrowser: Native class hierarchy updated for 'AddContentDialog' in 0.0010 seconds. Added 0 classes and 0 folders.
[2018.03.18-03.19.51:979][  0]LogContentBrowser: Native class hierarchy updated for 'SceneOutliner' in 0.0010 seconds. Added 1 classes and 2 folders.
[2018.03.18-03.19.53:725][  0]LogSlate: Only BGRA pngs, bmps or icos are supported in by External Image Picker
[2018.03.18-03.19.53:758][  0]LogSlate: Took 0.000555 seconds to synchronously load lazily loaded font '../../../Engine/Content/Slate/Fonts/Roboto-Regular.ttf' (155K)
[2018.03.18-03.19.53:764][  0]LogSlate: Took 0.000572 seconds to synchronously load lazily loaded font '../../../Engine/Content/Slate/Fonts/Roboto-Bold.ttf' (160K)
[2018.03.18-03.19.53:768][  0]LogSlate: Took 0.000379 seconds to synchronously load lazily loaded font '../../../Engine/Content/Editor/Slate/Fonts/FontAwesome.ttf' (139K)
[2018.03.18-03.19.53:939][  0]LogTemp: Executing iPhonePackager certificates Engine -bundlename com.YourCompany.GoBlock
[2018.03.18-03.19.53:939][  0]LogTemp: CWD: C:\Program Files\Epic Games\UE_4.18\Engine\Binaries\DotNET\IOS
[2018.03.18-03.19.53:939][  0]LogTemp: Initial Dir: C:\Program Files\Epic Games\UE_4.18
[2018.03.18-03.19.53:939][  0]LogTemp: Env CWD: C:\Program Files\Epic Games\UE_4.18\Engine\Binaries\DotNET\IOS
[2018.03.18-03.19.53:939][  0]LogTemp: BranchPath = DESKTOP-UHTKKQD/C/Program Files/Epic Games/UE_4.18/Engine/Binaries --- GameBranchPath = DESKTOP-UHTKKQD/C/Program Files/Epic Games/UE_4.18/Engine/Binaries
[2018.03.18-03.19.53:939][  0]LogTemp: IPP ERROR: Could not find provision directory 'C:\Users\ldm0196\AppData\Local/Apple Computer/MobileDevice/Provisioning Profiles/'.
[2018.03.18-03.19.53:939][  0]LogRenderer: Reallocating scene render targets to support 1056x924 Format 10 NumSamples 1 (Frame:1).
[2018.03.18-03.19.54:192][  0]LogContentBrowser: Native class hierarchy updated for 'HierarchicalLODOutliner' in 0.0011 seconds. Added 1 classes and 2 folders.
[2018.03.18-03.19.54:193][  0]LogLoad: (Engine Initialization) Total time: 38.60 seconds
[2018.03.18-03.19.54:193][  0]LogLoad: (Engine Initialization) Total Blueprint compile time: 0.00 seconds
[2018.03.18-03.19.54:193][  0]LogExternalProfiler: No external profilers were discovered.  External profiling features will not be available.
[2018.03.18-03.19.54:203][  0]LogWindowsTextInputMethodSystem: Display: IME system now deactivated.
[2018.03.18-03.19.54:237][  0]SourceControl: On branch master
[2018.03.18-03.19.54:237][  0]SourceControl: Your branch is up to date with 'origin/master'.
[2018.03.18-03.19.54:238][  0]SourceControl: Changes not staged for commit:
[2018.03.18-03.19.54:238][  0]SourceControl:   (use "git add/rm <file>..." to update what will be committed)
[2018.03.18-03.19.54:238][  0]SourceControl:   (use "git checkout -- <file>..." to discard changes in working directory)
[2018.03.18-03.19.54:238][  0]SourceControl: 	modified:   GoBlock/Content/StarterContent/Materials/M_Tech_Hex_Tile_Pulse.uasset
[2018.03.18-03.19.54:238][  0]SourceControl: 	modified:   GoBlock/Intermediate/AssetRegistryCache/c90e3f55.bin
[2018.03.18-03.19.54:238][  0]SourceControl: 	modified:   GoBlock/Intermediate/CachedAssetRegistry.bin
[2018.03.18-03.19.54:238][  0]SourceControl: 	modified:   GoBlock/Saved/AutoScreenshot.png
[2018.03.18-03.19.54:238][  0]SourceControl: 	modified:   GoBlock/Saved/Autosaves/PackageRestoreData.json
[2018.03.18-03.19.54:238][  0]SourceControl: 	modified:   GoBlock/Saved/Config/Windows/Editor.ini
[2018.03.18-03.19.54:238][  0]SourceControl: 	modified:   GoBlock/Saved/Config/Windows/EditorPerProjectUserSettings.ini
[2018.03.18-03.19.54:238][  0]SourceControl: 	deleted:    GoBlock/Saved/Logs/GoBlock-backup-2018.02.17-23.16.18.log
[2018.03.18-03.19.54:238][  0]SourceControl: 	deleted:    GoBlock/Saved/Logs/GoBlock-backup-2018.02.17-23.25.26.log
[2018.03.18-03.19.54:238][  0]SourceControl: 	deleted:    GoBlock/Saved/Logs/GoBlock-backup-2018.02.17-23.27.50.log
[2018.03.18-03.19.54:238][  0]SourceControl: 	deleted:    GoBlock/Saved/Logs/GoBlock-backup-2018.02.18-11.08.46.log
[2018.03.18-03.19.54:239][  0]SourceControl: 	deleted:    GoBlock/Saved/Logs/GoBlock-backup-2018.02.18-13.01.25.log
[2018.03.18-03.19.54:239][  0]SourceControl: 	modified:   GoBlock/Saved/Logs/GoBlock.log
[2018.03.18-03.19.54:239][  0]SourceControl: 	modified:   GoBlock/Saved/Logs/GoBlock_2.log
[2018.03.18-03.19.54:239][  0]SourceControl: 	modified:   GoBlock/content/ThirdPersonCPP/Blueprints/RunGamemode.uasset
[2018.03.18-03.19.54:239][  0]SourceControl: Untracked files:
[2018.03.18-03.19.54:239][  0]SourceControl:   (use "git add <file>..." to include in what will be committed)
[2018.03.18-03.19.54:239][  0]SourceControl: 	GoBlock/Saved/Config/CrashReportClient/UE4CC-Windows-1D0E680447984E3C93EFA6A0EF01F8D5/
[2018.03.18-03.19.54:239][  0]SourceControl: 	GoBlock/Saved/Config/CrashReportClient/UE4CC-Windows-B069201D46FA3568E8F891ABFDDD1965/
[2018.03.18-03.19.54:239][  0]SourceControl: 	GoBlock/Saved/Config/CrashReportClient/UE4CC-Windows-BE0AFDD84ACA817248503DA27CB75F27/
[2018.03.18-03.19.54:239][  0]SourceControl: 	GoBlock/Saved/Config/CrashReportClient/UE4CC-Windows-C9FC046E46B49409C9C90589004C7DF2/
[2018.03.18-03.19.54:239][  0]SourceControl: 	GoBlock/Saved/Logs/GoBlock-backup-2018.03.17-21.58.36.log
[2018.03.18-03.19.54:239][  0]SourceControl: 	GoBlock/Saved/Logs/GoBlock-backup-2018.03.17-22.01.22.log
[2018.03.18-03.19.54:239][  0]SourceControl: 	GoBlock/Saved/Logs/GoBlock-backup-2018.03.17-22.19.17.log
[2018.03.18-03.19.54:239][  0]SourceControl: 	GoBlock/Saved/Logs/GoBlock_2-backup-2018.03.17-21.58.36.log
[2018.03.18-03.19.54:239][  0]SourceControl: no changes added to commit (use "git add" and/or "git commit -a")
[2018.03.18-03.19.54:240][  0]LogContentStreaming: Texture pool size now 1000 MB
[2018.03.18-03.19.54:284][  0]LogSlate: Took 0.000205 seconds to synchronously load lazily loaded font '../../../Engine/Content/Slate/Fonts/Roboto-Light.ttf' (159K)
[2018.03.18-03.19.54:341][  1]LogAssetRegistry: Asset discovery search completed in 23.9298 seconds
[2018.03.18-03.19.54:343][  1]LogCollectionManager: Rebuilt the object cache for 0 collections in 0.000000 seconds (found 0 objects)
[2018.03.18-03.19.54:343][  1]LogCollectionManager: Fixed up redirectors for 0 collections in 0.000049 seconds (updated 0 objects)
[2018.03.18-03.20.00:156][620]LogSlate: Took 0.000200 seconds to synchronously load lazily loaded font '../../../Engine/Content/Slate/Fonts/Roboto-Light.ttf' (159K)
[2018.03.18-03.20.00:187][620]LogAIModule: Creating AISystem for world GoBlock
[2018.03.18-03.20.00:227][620]Cmd: MAP LOAD FILE="../../../../../../Users/ldm0196/Desktop/Gameprogramming2/GoBlock/Content/ThirdPersonCPP/Maps/GoBlock.umap" TEMPLATE=0 SHOWPROGRESS=1 FEATURELEVEL=3
[2018.03.18-03.20.00:227][620]LightingResults: New page: Lighting Build
[2018.03.18-03.20.00:228][620]LoadErrors: New page: Loading map: GoBlock.umap
[2018.03.18-03.20.00:229][620]MapCheck: New page: Map Check
[2018.03.18-03.20.00:229][620]LightingResults: New page: Lighting Build
[2018.03.18-03.20.00:262][620]LogEditorServer: Finished looking for orphan Actors (0.000 secs)
[2018.03.18-03.20.00:332][620]Cmd: MAP CHECKDEP NOCLEARLOG
[2018.03.18-03.20.00:405][620]MapCheck: Map check complete: 0 Error(s), 0 Warning(s), took 72.548ms to complete.
[2018.03.18-03.20.00:406][620]LogFileHelpers: Loading map 'GoBlock' took 0.180
[2018.03.18-03.20.04:674][ 87]LogTemp: Repeating last play command: Selected Viewport
[2018.03.18-03.20.04:727][ 87]LogPlayLevel: PlayLevel: No blueprints needed recompiling
[2018.03.18-03.20.04:727][ 87]PIE: New page: PIE session: GoBlock (Mar 17, 2018, 5:20:04 PM)
[2018.03.18-03.20.04:727][ 87]LogPlayLevel: Creating play world package: /Game/ThirdPersonCPP/Maps/UEDPIE_0_GoBlock
[2018.03.18-03.20.04:733][ 87]LogPlayLevel: PIE: StaticDuplicateObject took: (0.005863s)
[2018.03.18-03.20.04:734][ 87]LogAIModule: Creating AISystem for world GoBlock
[2018.03.18-03.20.04:734][ 87]LogPlayLevel: PIE: World Init took: (0.000863s)
[2018.03.18-03.20.04:734][ 87]LogPlayLevel: PIE: Created PIE world by copying editor world from /Game/ThirdPersonCPP/Maps/GoBlock.GoBlock to /Game/ThirdPersonCPP/Maps/UEDPIE_0_GoBlock.GoBlock (0.007120s)
[2018.03.18-03.20.04:773][ 87]LogInit: XAudio2 using 'Headset Earphone (Corsair VOID RGB USB Gaming Headset)' : 6 channels at 48 kHz using 16 bits per sample (channel mask 0x3f)
[2018.03.18-03.20.05:073][ 87]LogInit: FAudioDevice initialized.
[2018.03.18-03.20.05:428][ 87]LogLoad: Game class is 'RunGamemode_C'
[2018.03.18-03.20.05:433][ 87]LogWorld: Bringing World /Game/ThirdPersonCPP/Maps/UEDPIE_0_GoBlock.GoBlock up for play (max tick rate 0) at 2018.03.17-22.20.05
[2018.03.18-03.20.05:433][ 87]LogWorld: Bringing up level for play took: 0.001335
[2018.03.18-03.20.05:500][ 87]LogContentBrowser: Native class hierarchy updated for 'MovieSceneCapture' in 0.0011 seconds. Added 11 classes and 0 folders.
[2018.03.18-03.20.05:517][ 87]PIE: Play in editor start time for /Game/ThirdPersonCPP/Maps/UEDPIE_0_GoBlock 0.583
[2018.03.18-03.20.05:593][ 88]LogCharacterMovement: Warning: GetSimulationTimeStep() - Max iterations 8 hit while remaining time 0.088903 > MaxSimulationTimeStep (0.050) for 'RunCharacter_C_0', movement 'Walking'
[2018.03.18-03.20.09:994][596]Cmd: RestartLevel
[2018.03.18-03.20.10:002][597]LogNet: Browse: /Game/ThirdPersonCPP/Maps/GoBlock?restart
[2018.03.18-03.20.10:002][597]LogLoad: LoadMap: /Game/ThirdPersonCPP/Maps/GoBlock
[2018.03.18-03.20.10:038][597]LogPlayLevel: Creating play world package: /Game/ThirdPersonCPP/Maps/UEDPIE_0_GoBlock
[2018.03.18-03.20.10:044][597]LogPlayLevel: PIE: StaticDuplicateObject took: (0.005254s)
[2018.03.18-03.20.10:045][597]LogAIModule: Creating AISystem for world GoBlock
[2018.03.18-03.20.10:045][597]LogPlayLevel: PIE: World Init took: (0.000905s)
[2018.03.18-03.20.10:045][597]LogPlayLevel: PIE: Created PIE world by copying editor world from /Game/ThirdPersonCPP/Maps/GoBlock.GoBlock to /Game/ThirdPersonCPP/Maps/UEDPIE_0_GoBlock.GoBlock (0.006572s)
[2018.03.18-03.20.10:045][597]LogLoad: Game class is 'RunGamemode_C'
[2018.03.18-03.20.10:046][597]LogWorld: Bringing World /Game/ThirdPersonCPP/Maps/UEDPIE_0_GoBlock.GoBlock up for play (max tick rate 0) at 2018.03.17-22.20.10
[2018.03.18-03.20.10:046][597]LogWorld: Bringing up level for play took: 0.000551
[2018.03.18-03.20.10:063][597]LogLoad: Took 0.060800 seconds to LoadMap(/Game/ThirdPersonCPP/Maps/UEDPIE_0_GoBlock)
[2018.03.18-03.20.12:263][815]LogWindowsTextInputMethodSystem: Display: IME system now deactivated.
[2018.03.18-03.20.12:574][816]Cmd: QUIT_EDITOR
[2018.03.18-03.20.13:493][816]LogExit: Preparing to exit.
[2018.03.18-03.20.14:306][816]LogDirectoryWatcher: A directory notification for 'C:/Users/ldm0196/Desktop/Gameprogramming2/GoBlock/Content/' was aborted.
[2018.03.18-03.20.14:335][816]LogExit: Editor shut down
[2018.03.18-03.20.14:341][816]LogExit: Transaction tracking system shut down
[2018.03.18-03.20.14:582][816]LogDirectoryWatcher: A directory notification for '../../../Engine/Content/' was aborted.
[2018.03.18-03.20.14:583][816]LogDirectoryWatcher: A directory notification for '../../../../../../Users/ldm0196/Desktop/Gameprogramming2/GoBlock/Content/' was aborted.
[2018.03.18-03.20.14:583][816]LogDirectoryWatcher: A directory notification for '../../../Engine/Plugins/2D/Paper2D/Content/' was aborted.
[2018.03.18-03.20.14:583][816]LogDirectoryWatcher: A directory notification for '../../../Engine/Plugins/Media/MediaCompositing/Content/' was aborted.
[2018.03.18-03.20.14:583][816]LogDirectoryWatcher: A directory notification for '../../../Engine/Plugins/Runtime/AppleARKit/Content/' was aborted.
[2018.03.18-03.20.14:583][816]LogDirectoryWatcher: A directory notification for '../../../Engine/Plugins/Runtime/Oculus/OculusVR/Content/' was aborted.
[2018.03.18-03.20.14:583][816]LogDirectoryWatcher: A directory notification for '../../../Engine/Plugins/Runtime/Steam/SteamVR/Content/' was aborted.
[2018.03.18-03.20.14:661][816]LogExit: Object subsystem successfully closed.
[2018.03.18-03.20.14:698][816]LogD3D11RHI: Shutdown
[2018.03.18-03.20.14:698][816]LogD3D11RHI: CleanupD3DDevice
[2018.03.18-03.20.14:702][816]LogD3D11RHI: ~FD3D11DynamicRHI
[2018.03.18-03.20.14:727][816]LogModuleManager: Shutting down and abandoning module MovieSceneCapture (554)
[2018.03.18-03.20.14:727][816]LogModuleManager: Shutting down and abandoning module HierarchicalLODOutliner (552)
[2018.03.18-03.20.14:727][816]LogModuleManager: Shutting down and abandoning module ExternalImagePicker (550)
[2018.03.18-03.20.14:727][816]LogModuleManager: Shutting down and abandoning module DesktopPlatform (548)
[2018.03.18-03.20.14:727][816]LogModuleManager: Shutting down and abandoning module SceneOutliner (546)
[2018.03.18-03.20.14:727][816]LogModuleManager: Shutting down and abandoning module AddContentDialog (544)
[2018.03.18-03.20.14:727][816]LogDirectoryWatcher: A directory notification for 'C:/Program Files/Epic Games/UE_4.18/FeaturePacks/' was aborted.
[2018.03.18-03.20.14:728][816]LogModuleManager: Shutting down and abandoning module WidgetCarousel (543)
[2018.03.18-03.20.14:728][816]LogModuleManager: Shutting down and abandoning module EditorWidgets (540)
[2018.03.18-03.20.14:728][816]LogModuleManager: Shutting down and abandoning module CollectionManager (538)
[2018.03.18-03.20.14:728][816]LogDirectoryWatcher: A directory notification for 'C:/Users/ldm0196/Desktop/Gameprogramming2/GoBlock/Content/Collections/' was aborted.
[2018.03.18-03.20.14:728][816]LogDirectoryWatcher: A directory notification for 'C:/Users/ldm0196/Desktop/Gameprogramming2/GoBlock/Content/Developers/ldm0196/Collections/' was aborted.
[2018.03.18-03.20.14:728][816]LogDirectoryWatcher: A directory notification for 'C:/Users/ldm0196/Desktop/Gameprogramming2/GoBlock/Saved/Collections/' was aborted.
[2018.03.18-03.20.14:729][816]LogModuleManager: Shutting down and abandoning module StatsViewer (536)
[2018.03.18-03.20.14:729][816]LogModuleManager: Shutting down and abandoning module FoliageEdit (534)
[2018.03.18-03.20.14:729][816]LogModuleManager: Shutting down and abandoning module LandscapeEditor (532)
[2018.03.18-03.20.14:729][816]LogModuleManager: Shutting down and abandoning module MeshPaintMode (530)
[2018.03.18-03.20.14:729][816]LogModuleManager: Shutting down and abandoning module SceneDepthPickerMode (528)
[2018.03.18-03.20.14:729][816]LogModuleManager: Shutting down and abandoning module ActorPickerMode (526)
[2018.03.18-03.20.14:729][816]LogModuleManager: Shutting down and abandoning module GeometryMode (524)
[2018.03.18-03.20.14:729][816]LogModuleManager: Shutting down and abandoning module TextureAlignMode (522)
[2018.03.18-03.20.14:729][816]LogModuleManager: Shutting down and abandoning module BspMode (520)
[2018.03.18-03.20.14:729][816]LogModuleManager: Shutting down and abandoning module PIEPreviewDeviceProfileSelector (518)
[2018.03.18-03.20.14:729][816]LogModuleManager: Shutting down and abandoning module HardwareSurvey (516)
[2018.03.18-03.20.14:729][816]LogModuleManager: Shutting down and abandoning module SequenceRecorderSections (514)
[2018.03.18-03.20.14:729][816]LogModuleManager: Shutting down and abandoning module AutomationWorker (512)
[2018.03.18-03.20.14:729][816]LogModuleManager: Shutting down and abandoning module MatineeToLevelSequence (510)
[2018.03.18-03.20.14:729][816]LogModuleManager: Shutting down and abandoning module LevelSequenceEditor (508)
[2018.03.18-03.20.14:729][816]LogModuleManager: Shutting down and abandoning module PlacementMode (507)
[2018.03.18-03.20.14:729][816]LogModuleManager: Shutting down and abandoning module WmfMediaFactory (504)
[2018.03.18-03.20.14:729][816]LogModuleManager: Shutting down and abandoning module WmfMediaEditor (502)
[2018.03.18-03.20.14:729][816]LogModuleManager: Shutting down and abandoning module OpenExrWrapper (500)
[2018.03.18-03.20.14:729][816]LogModuleManager: Shutting down and abandoning module ImgMediaFactory (498)
[2018.03.18-03.20.14:729][816]LogModuleManager: Shutting down and abandoning module ImgMediaEditor (496)
[2018.03.18-03.20.14:729][816]LogModuleManager: Shutting down and abandoning module AvfMediaFactory (494)
[2018.03.18-03.20.14:729][816]LogModuleManager: Shutting down and abandoning module AvfMediaEditor (492)
[2018.03.18-03.20.14:729][816]LogModuleManager: Shutting down and abandoning module AndroidMediaFactory (490)
[2018.03.18-03.20.14:729][816]LogModuleManager: Shutting down and abandoning module AndroidMediaEditor (488)
[2018.03.18-03.20.14:729][816]LogModuleManager: Shutting down and abandoning module CharacterAI (486)
[2018.03.18-03.20.14:729][816]LogModuleManager: Shutting down and abandoning module AudioCapture (484)
[2018.03.18-03.20.14:729][816]LogModuleManager: Shutting down and abandoning module SequenceRecorder (483)
[2018.03.18-03.20.14:730][816]LogModuleManager: Shutting down and abandoning module SmartSnapping (480)
[2018.03.18-03.20.14:730][816]LogModuleManager: Shutting down and abandoning module SessionServices (478)
[2018.03.18-03.20.14:730][816]LogModuleManager: Shutting down and abandoning module ViewportSnapping (476)
[2018.03.18-03.20.14:730][816]LogModuleManager: Shutting down and abandoning module ViewportInteraction (474)
[2018.03.18-03.20.14:730][816]LogModuleManager: Shutting down and abandoning module ClothPainter (472)
[2018.03.18-03.20.14:730][816]LogModuleManager: Shutting down and abandoning module SkeletalMeshEditor (471)
[2018.03.18-03.20.14:730][816]LogModuleManager: Shutting down and abandoning module LogVisualizer (468)
[2018.03.18-03.20.14:730][816]LogModuleManager: Shutting down and abandoning module IntroTutorials (466)
[2018.03.18-03.20.14:730][816]LogModuleManager: Shutting down and abandoning module GameProjectGeneration (465)
[2018.03.18-03.20.14:730][816]LogModuleManager: Shutting down and abandoning module IOSPlatformEditor (462)
[2018.03.18-03.20.14:730][816]LogModuleManager: Shutting down and abandoning module HTML5PlatformEditor (460)
[2018.03.18-03.20.14:730][816]LogModuleManager: Shutting down and abandoning module AndroidPlatformEditor (458)
[2018.03.18-03.20.14:730][816]LogModuleManager: Shutting down and abandoning module AndroidDeviceDetection (457)
[2018.03.18-03.20.15:471][816]LogModuleManager: Shutting down and abandoning module WindowsPlatformEditor (454)
[2018.03.18-03.20.15:471][816]LogModuleManager: Shutting down and abandoning module IOSRuntimeSettings (452)
[2018.03.18-03.20.15:471][816]LogModuleManager: Shutting down and abandoning module AndroidRuntimeSettings (450)
[2018.03.18-03.20.15:471][816]LogModuleManager: Shutting down and abandoning module InputBindingEditor (448)
[2018.03.18-03.20.15:471][816]LogModuleManager: Shutting down and abandoning module MergeActors (446)
[2018.03.18-03.20.15:471][816]LogModuleManager: Shutting down and abandoning module SizeMap (444)
[2018.03.18-03.20.15:471][816]LogModuleManager: Shutting down and abandoning module TreeMap (442)
[2018.03.18-03.20.15:471][816]LogModuleManager: Shutting down and abandoning module ReferenceViewer (440)
[2018.03.18-03.20.15:471][816]LogModuleManager: Shutting down and abandoning module LocalizationDashboard (438)
[2018.03.18-03.20.15:471][816]LogModuleManager: Shutting down and abandoning module LocalizationService (437)
[2018.03.18-03.20.15:471][816]LogModuleManager: Shutting down and abandoning module HardwareTargeting (434)
[2018.03.18-03.20.15:471][816]LogModuleManager: Shutting down and abandoning module DeviceProfileEditor (432)
[2018.03.18-03.20.15:471][816]LogModuleManager: Shutting down and abandoning module UndoHistory (430)
[2018.03.18-03.20.15:471][816]LogModuleManager: Shutting down and abandoning module XmlParser (428)
[2018.03.18-03.20.15:471][816]LogModuleManager: Shutting down and abandoning module Blutility (426)
[2018.03.18-03.20.15:471][816]LogModuleManager: Shutting down and abandoning module ProjectSettingsViewer (424)
[2018.03.18-03.20.15:472][816]LogModuleManager: Shutting down and abandoning module ProjectTargetPlatformEditor (423)
[2018.03.18-03.20.15:472][816]LogModuleManager: Shutting down and abandoning module EditorSettingsViewer (420)
[2018.03.18-03.20.15:472][816]LogModuleManager: Shutting down and abandoning module SettingsEditor (418)
[2018.03.18-03.20.15:472][816]LogModuleManager: Shutting down and abandoning module ProjectLauncher (416)
[2018.03.18-03.20.15:472][816]LogModuleManager: Shutting down and abandoning module SessionFrontend (414)
[2018.03.18-03.20.15:472][816]LogModuleManager: Shutting down and abandoning module ProfilerClient (412)
[2018.03.18-03.20.15:472][816]LogModuleManager: Shutting down and abandoning module DeviceManager (410)
[2018.03.18-03.20.15:472][816]LogModuleManager: Shutting down and abandoning module TargetDeviceServices (409)
[2018.03.18-03.20.15:535][816]LogModuleManager: Shutting down and abandoning module AutomationController (406)
[2018.03.18-03.20.15:535][816]LogModuleManager: Shutting down and abandoning module AutomationWindow (404)
[2018.03.18-03.20.15:535][816]LogModuleManager: Shutting down and abandoning module Layers (402)
[2018.03.18-03.20.15:535][816]LogModuleManager: Shutting down and abandoning module ComponentVisualizers (400)
[2018.03.18-03.20.15:535][816]LogModuleManager: Shutting down and abandoning module DetailCustomizations (398)
[2018.03.18-03.20.15:536][816]LogModuleManager: Shutting down and abandoning module PackagesDialog (396)
[2018.03.18-03.20.15:536][816]LogModuleManager: Shutting down and abandoning module Persona (394)
[2018.03.18-03.20.15:536][816]LogModuleManager: Shutting down and abandoning module AdvancedPreviewScene (393)
[2018.03.18-03.20.15:536][816]LogModuleManager: Shutting down and abandoning module AnimGraph (391)
[2018.03.18-03.20.15:536][816]LogModuleManager: Shutting down and abandoning module Kismet (388)
[2018.03.18-03.20.15:537][816]LogModuleManager: Shutting down and abandoning module ClassViewer (386)
[2018.03.18-03.20.15:537][816]LogModuleManager: Shutting down and abandoning module Toolbox (384)
[2018.03.18-03.20.15:537][816]LogModuleManager: Shutting down and abandoning module ModuleUI (382)
[2018.03.18-03.20.15:537][816]LogModuleManager: Shutting down and abandoning module MovieSceneTools (380)
[2018.03.18-03.20.15:537][816]LogModuleManager: Shutting down and abandoning module OutputLog (378)
[2018.03.18-03.20.15:537][816]LogModuleManager: Shutting down and abandoning module GammaUI (376)
[2018.03.18-03.20.15:537][816]LogModuleManager: Shutting down and abandoning module Documentation (374)
[2018.03.18-03.20.15:537][816]LogModuleManager: Shutting down and abandoning module MovieSceneTracks (372)
[2018.03.18-03.20.15:537][816]LogModuleManager: Shutting down and abandoning module MovieScene (370)
[2018.03.18-03.20.15:537][816]LogModuleManager: Shutting down and abandoning module StreamingPauseRendering (368)
[2018.03.18-03.20.15:537][816]LogModuleManager: Shutting down and abandoning module LauncherPlatform (366)
[2018.03.18-03.20.15:537][816]LogModuleManager: Shutting down and abandoning module AnalyticsET (364)
[2018.03.18-03.20.15:537][816]LogModuleManager: Shutting down and abandoning module PortalServices (362)
[2018.03.18-03.20.15:537][816]LogModuleManager: Shutting down and abandoning module PortalRpc (360)
[2018.03.18-03.20.15:538][816]LogModuleManager: Shutting down and abandoning module MessagingRpc (358)
[2018.03.18-03.20.15:538][816]LogModuleManager: Shutting down and abandoning module AIModule (356)
[2018.03.18-03.20.15:538][816]LogModuleManager: Shutting down and abandoning module GameplayDebugger (355)
[2018.03.18-03.20.15:538][816]LogModuleManager: Shutting down and abandoning module AITestSuite (353)
[2018.03.18-03.20.15:538][816]LogModuleManager: Shutting down and abandoning module ProfilerService (350)
[2018.03.18-03.20.15:660][816]LogModuleManager: Shutting down and abandoning module TaskGraph (348)
[2018.03.18-03.20.15:660][816]LogModuleManager: Shutting down and abandoning module SteamVRController (346)
[2018.03.18-03.20.15:660][816]LogModuleManager: Shutting down and abandoning module ProceduralMeshComponentEditor (344)
[2018.03.18-03.20.15:660][816]LogModuleManager: Shutting down and abandoning module ProceduralMeshComponent (342)
[2018.03.18-03.20.15:660][816]LogModuleManager: Shutting down and abandoning module OculusInput (340)
[2018.03.18-03.20.15:660][816]LogModuleManager: Shutting down and abandoning module MobilePatchingUtils (338)
[2018.03.18-03.20.15:660][816]LogModuleManager: Shutting down and abandoning module CustomMeshComponent (336)
[2018.03.18-03.20.15:661][816]LogModuleManager: Shutting down and abandoning module CableComponent (334)
[2018.03.18-03.20.15:661][816]LogModuleManager: Shutting down and abandoning module ArchVisCharacter (332)
[2018.03.18-03.20.15:661][816]LogModuleManager: Shutting down and abandoning module AndroidPermission (330)
[2018.03.18-03.20.15:661][816]LogModuleManager: Shutting down and abandoning module ActorSequence (326)
[2018.03.18-03.20.15:661][816]LogModuleManager: Shutting down and abandoning module MediaPlayerEditor (324)
[2018.03.18-03.20.15:661][816]LogModuleManager: Shutting down and abandoning module MediaCompositingEditor (322)
[2018.03.18-03.20.15:661][816]LogModuleManager: Shutting down and abandoning module MediaCompositing (320)
[2018.03.18-03.20.15:661][816]LogModuleManager: Shutting down and abandoning module HTML5Networking (318)
[2018.03.18-03.20.15:661][816]LogModuleManager: Shutting down and abandoning module AlembicImporter (316)
[2018.03.18-03.20.15:661][816]LogModuleManager: Shutting down and abandoning module AlembicLibrary (315)
[2018.03.18-03.20.15:661][816]LogModuleManager: Shutting down and abandoning module GeometryCache (314)
[2018.03.18-03.20.15:661][816]LogModuleManager: Shutting down and abandoning module GeometryCacheEd (313)
[2018.03.18-03.20.15:661][816]LogModuleManager: Shutting down and abandoning module SpeedTreeImporter (308)
[2018.03.18-03.20.15:661][816]LogModuleManager: Shutting down and abandoning module PluginBrowser (306)
[2018.03.18-03.20.15:661][816]LogModuleManager: Shutting down and abandoning module MobileLauncherProfileWizard (304)
[2018.03.18-03.20.15:661][816]LogModuleManager: Shutting down and abandoning module VisualStudioSourceCodeAccess (302)
[2018.03.18-03.20.15:661][816]LogModuleManager: Shutting down and abandoning module VisualStudioCodeSourceCodeAccess (300)
[2018.03.18-03.20.15:661][816]LogModuleManager: Shutting down and abandoning module UObjectPlugin (298)
[2018.03.18-03.20.15:662][816]LogModuleManager: Shutting down and abandoning module SubversionSourceControl (296)
[2018.03.18-03.20.15:662][816]LogModuleManager: Shutting down and abandoning module PerforceSourceControl (294)
[2018.03.18-03.20.15:662][816]LogModuleManager: Shutting down and abandoning module GitSourceControl (292)
[2018.03.18-03.20.15:662][816]LogModuleManager: Shutting down and abandoning module SourceControl (291)
[2018.03.18-03.20.15:662][816]LogModuleManager: Shutting down and abandoning module LightPropagationVolumeEditor (288)
[2018.03.18-03.20.15:662][816]LogModuleManager: Shutting down and abandoning module PaperTiledImporter (286)
[2018.03.18-03.20.15:662][816]LogModuleManager: Shutting down and abandoning module PaperSpriteSheetImporter (284)
[2018.03.18-03.20.15:662][816]LogModuleManager: Shutting down and abandoning module Paper2DEditor (282)
[2018.03.18-03.20.15:662][816]LogModuleManager: Shutting down and abandoning module MeshPaint (281)
[2018.03.18-03.20.15:662][816]LogModuleManager: Shutting down and abandoning module LevelEditor (279)
[2018.03.18-03.20.15:664][816]LogModuleManager: Shutting down and abandoning module PixelInspectorModule (278)
[2018.03.18-03.20.15:664][816]LogModuleManager: Shutting down and abandoning module MainFrame (276)
[2018.03.18-03.20.15:664][816]LogModuleManager: Shutting down and abandoning module HotReload (275)
[2018.03.18-03.20.15:664][816]LogDirectoryWatcher: A directory notification for 'C:/Users/ldm0196/Desktop/Gameprogramming2/GoBlock/Binaries/Win64' was aborted.
[2018.03.18-03.20.15:665][816]LogModuleManager: Shutting down and abandoning module GoBlock (270)
[2018.03.18-03.20.15:665][816]LogModuleManager: Shutting down and abandoning module RuntimePhysXCooking (268)
[2018.03.18-03.20.15:665][816]LogModuleManager: Shutting down and abandoning module PhysXVehiclesEditor (266)
[2018.03.18-03.20.15:665][816]LogModuleManager: Shutting down and abandoning module PhysXVehicles (264)
[2018.03.18-03.20.15:665][816]LogModuleManager: Shutting down and abandoning module OculusEditor (262)
[2018.03.18-03.20.15:665][816]LogModuleManager: Shutting down and abandoning module LocationServicesBPLibrary (260)
[2018.03.18-03.20.15:665][816]LogModuleManager: Shutting down and abandoning module ImmediatePhysicsEditor (258)
[2018.03.18-03.20.15:665][816]LogModuleManager: Shutting down and abandoning module ImmediatePhysics (256)
[2018.03.18-03.20.15:665][816]LogModuleManager: Shutting down and abandoning module UdpMessaging (254)
[2018.03.18-03.20.15:767][816]LogModuleManager: Shutting down and abandoning module TcpMessaging (252)
[2018.03.18-03.20.15:867][816]LogModuleManager: Shutting down and abandoning module GameplayTagsEditor (250)
[2018.03.18-03.20.15:867][816]LogModuleManager: Shutting down and abandoning module FacialAnimationEditor (248)
[2018.03.18-03.20.15:867][816]LogModuleManager: Shutting down and abandoning module FacialAnimation (246)
[2018.03.18-03.20.15:867][816]LogModuleManager: Shutting down and abandoning module AssetManagerEditor (244)
[2018.03.18-03.20.15:867][816]LogModuleManager: Shutting down and abandoning module GraphEditor (243)
[2018.03.18-03.20.15:868][816]LogModuleManager: Shutting down and abandoning module ContentBrowser (241)
[2018.03.18-03.20.15:869][816]LogModuleManager: Shutting down and abandoning module LightPropagationVolumeRuntime (238)
[2018.03.18-03.20.15:869][816]LogModuleManager: Shutting down and abandoning module Paper2D (236)
[2018.03.18-03.20.15:870][816]LogModuleManager: Shutting down and abandoning module WindowsMoviePlayer (234)
[2018.03.18-03.20.15:870][816]LogModuleManager: Shutting down and abandoning module WmfMedia (232)
[2018.03.18-03.20.15:874][816]LogModuleManager: Shutting down and abandoning module ImgMedia (230)
[2018.03.18-03.20.15:874][816]LogModuleManager: Shutting down and abandoning module PacketHandler (228)
[2018.03.18-03.20.15:874][816]LogModuleManager: Shutting down and abandoning module ClothingSystemEditor (226)
[2018.03.18-03.20.15:874][816]LogModuleManager: Shutting down and abandoning module ClothingSystemRuntime (224)
[2018.03.18-03.20.15:874][816]LogModuleManager: Shutting down and abandoning module MediaAssets (222)
[2018.03.18-03.20.15:874][816]LogModuleManager: Shutting down and abandoning module Media (221)
[2018.03.18-03.20.15:880][816]LogModuleManager: Shutting down and abandoning module Overlay (218)
[2018.03.18-03.20.15:881][816]LogModuleManager: Shutting down and abandoning module OverlayEditor (217)
[2018.03.18-03.20.15:881][816]LogModuleManager: Shutting down and abandoning module VREditor (214)
[2018.03.18-03.20.15:881][816]LogModuleManager: Shutting down and abandoning module StringTableEditor (212)
[2018.03.18-03.20.15:881][816]LogModuleManager: Shutting down and abandoning module GameplayTasksEditor (210)
[2018.03.18-03.20.15:881][816]LogModuleManager: Shutting down and abandoning module BehaviorTreeEditor (208)
[2018.03.18-03.20.15:881][816]LogModuleManager: Shutting down and abandoning module FunctionalTesting (206)
[2018.03.18-03.20.15:881][816]LogModuleManager: Shutting down and abandoning module CollisionAnalyzer (204)
[2018.03.18-03.20.15:881][816]LogModuleManager: Shutting down and abandoning module WorkspaceMenuStructure (203)
[2018.03.18-03.20.15:881][816]LogModuleManager: Shutting down and abandoning module UMG (200)
[2018.03.18-03.20.15:881][816]LogModuleManager: Shutting down and abandoning module UMGEditor (199)
[2018.03.18-03.20.15:881][816]LogModuleManager: Shutting down and abandoning module Sequencer (198)
[2018.03.18-03.20.15:882][816]LogModuleManager: Shutting down and abandoning module MessageLog (195)
[2018.03.18-03.20.15:882][816]LogModuleManager: Shutting down and abandoning module SlateReflector (190)
[2018.03.18-03.20.15:882][816]LogModuleManager: Shutting down and abandoning module Slate (188)
[2018.03.18-03.20.15:882][816]LogModuleManager: Shutting down and abandoning module EditorStyle (186)
[2018.03.18-03.20.15:887][816]LogModuleManager: Shutting down and abandoning module MRMesh (184)
[2018.03.18-03.20.15:887][816]LogModuleManager: Shutting down and abandoning module SourceCodeAccess (182)
[2018.03.18-03.20.15:887][816]LogModuleManager: Shutting down and abandoning module HeadMountedDisplay (180)
[2018.03.18-03.20.15:887][816]LogModuleManager: Shutting down and abandoning module XAudio2 (178)
[2018.03.18-03.20.15:887][816]LogModuleManager: Shutting down and abandoning module Networking (176)
[2018.03.18-03.20.15:887][816]LogModuleManager: Shutting down and abandoning module Core (172)
[2018.03.18-03.20.15:887][816]LogModuleManager: Shutting down and abandoning module LevelSequence (168)
[2018.03.18-03.20.15:887][816]LogModuleManager: Shutting down and abandoning module DirectoryWatcher (166)
[2018.03.18-03.20.15:888][816]LogModuleManager: Shutting down and abandoning module KismetCompiler (164)
[2018.03.18-03.20.15:888][816]LogModuleManager: Shutting down and abandoning module MeshUtilities (162)
[2018.03.18-03.20.15:888][816]LogModuleManager: Shutting down and abandoning module MeshMergeUtilities (161)
[2018.03.18-03.20.15:889][816]LogModuleManager: Shutting down and abandoning module MeshReductionInterface (160)
[2018.03.18-03.20.15:889][816]LogModuleManager: Shutting down and abandoning module SimplygonSwarm (159)
[2018.03.18-03.20.15:889][816]LogModuleManager: Shutting down and abandoning module SimplygonMeshReduction (157)
[2018.03.18-03.20.15:889][816]LogModuleManager: Shutting down and abandoning module QuadricMeshReduction (155)
[2018.03.18-03.20.15:889][816]LogModuleManager: Shutting down and abandoning module MaterialBaking (151)
[2018.03.18-03.20.15:889][816]LogModuleManager: Shutting down and abandoning module DerivedDataCache (148)
[2018.03.18-03.20.16:367][816]LogDerivedDataCache: Shutdown
[2018.03.18-03.20.16:367][816]LogModuleManager: Shutting down and abandoning module TargetPlatform (146)
[2018.03.18-03.20.16:367][816]LogModuleManager: Shutting down and abandoning module VulkanShaderFormat (145)
[2018.03.18-03.20.16:367][816]LogModuleManager: Shutting down and abandoning module ShaderFormatVectorVM (143)
[2018.03.18-03.20.16:367][816]LogModuleManager: Shutting down and abandoning module ShaderFormatOpenGL (141)
[2018.03.18-03.20.16:367][816]LogModuleManager: Shutting down and abandoning module ShaderFormatD3D (139)
[2018.03.18-03.20.16:367][816]LogModuleManager: Shutting down and abandoning module MetalShaderFormat (137)
[2018.03.18-03.20.16:367][816]LogModuleManager: Shutting down and abandoning module TextureFormatUncompressed (135)
[2018.03.18-03.20.16:367][816]LogModuleManager: Shutting down and abandoning module TextureFormatPVR (133)
[2018.03.18-03.20.16:367][816]LogModuleManager: Shutting down and abandoning module TextureFormatDXT (131)
[2018.03.18-03.20.16:367][816]LogModuleManager: Shutting down and abandoning module TextureFormatIntelISPCTexComp (129)
[2018.03.18-03.20.16:368][816]LogModuleManager: Shutting down and abandoning module TextureFormatASTC (127)
[2018.03.18-03.20.16:368][816]LogModuleManager: Shutting down and abandoning module ImageWrapper (126)
[2018.03.18-03.20.16:368][816]LogModuleManager: Shutting down and abandoning module TextureFormatAndroid (123)
[2018.03.18-03.20.16:368][816]LogModuleManager: Shutting down and abandoning module AudioFormatOpus (121)
[2018.03.18-03.20.16:368][816]LogModuleManager: Shutting down and abandoning module AudioFormatOgg (119)
[2018.03.18-03.20.16:368][816]LogModuleManager: Shutting down and abandoning module AudioFormatADPCM (117)
[2018.03.18-03.20.16:368][816]LogModuleManager: Shutting down and abandoning module LinuxTargetPlatform (115)
[2018.03.18-03.20.16:368][816]LogModuleManager: Shutting down and abandoning module LinuxServerTargetPlatform (113)
[2018.03.18-03.20.16:368][816]LogModuleManager: Shutting down and abandoning module LinuxNoEditorTargetPlatform (111)
[2018.03.18-03.20.16:368][816]LogModuleManager: Shutting down and abandoning module LinuxClientTargetPlatform (109)
[2018.03.18-03.20.16:368][816]LogModuleManager: Shutting down and abandoning module TVOSTargetPlatform (107)
[2018.03.18-03.20.16:368][816]LogModuleManager: Shutting down and abandoning module Messaging (105)
[2018.03.18-03.20.16:368][816]LogModuleManager: Shutting down and abandoning module IOSTargetPlatform (103)
[2018.03.18-03.20.16:368][816]LogModuleManager: Shutting down and abandoning module HTML5TargetPlatform (101)
[2018.03.18-03.20.16:368][816]LogModuleManager: Shutting down and abandoning module AndroidTargetPlatform (99)
[2018.03.18-03.20.16:368][816]LogModuleManager: Shutting down and abandoning module Android_PVRTCTargetPlatform (97)
[2018.03.18-03.20.16:368][816]LogModuleManager: Shutting down and abandoning module Android_MultiTargetPlatform (95)
[2018.03.18-03.20.16:368][816]LogModuleManager: Shutting down and abandoning module Android_ETC2TargetPlatform (93)
[2018.03.18-03.20.16:368][816]LogModuleManager: Shutting down and abandoning module Android_ETC1TargetPlatform (91)
[2018.03.18-03.20.16:368][816]LogModuleManager: Shutting down and abandoning module Android_DXTTargetPlatform (89)
[2018.03.18-03.20.16:369][816]LogModuleManager: Shutting down and abandoning module Android_ATCTargetPlatform (87)
[2018.03.18-03.20.16:369][816]LogModuleManager: Shutting down and abandoning module Android_ASTCTargetPlatform (85)
[2018.03.18-03.20.16:369][816]LogModuleManager: Shutting down and abandoning module WindowsTargetPlatform (83)
[2018.03.18-03.20.16:369][816]LogModuleManager: Shutting down and abandoning module WindowsServerTargetPlatform (81)
[2018.03.18-03.20.16:369][816]LogModuleManager: Shutting down and abandoning module WindowsNoEditorTargetPlatform (79)
[2018.03.18-03.20.16:369][816]LogModuleManager: Shutting down and abandoning module WindowsClientTargetPlatform (77)
[2018.03.18-03.20.16:369][816]LogModuleManager: Shutting down and abandoning module MacTargetPlatform (75)
[2018.03.18-03.20.16:369][816]LogModuleManager: Shutting down and abandoning module MacServerTargetPlatform (73)
[2018.03.18-03.20.16:369][816]LogModuleManager: Shutting down and abandoning module MacNoEditorTargetPlatform (71)
[2018.03.18-03.20.16:369][816]LogModuleManager: Shutting down and abandoning module MacClientTargetPlatform (69)
[2018.03.18-03.20.16:369][816]LogModuleManager: Shutting down and abandoning module AllDesktopTargetPlatform (67)
[2018.03.18-03.20.16:369][816]LogModuleManager: Shutting down and abandoning module InputCore (64)
[2018.03.18-03.20.16:369][816]LogModuleManager: Shutting down and abandoning module Settings (62)
[2018.03.18-03.20.16:369][816]LogModuleManager: Shutting down and abandoning module PhysXCooking (60)
[2018.03.18-03.20.16:369][816]LogModuleManager: Shutting down and abandoning module SteamVR (58)
[2018.03.18-03.20.16:369][816]LogModuleManager: Shutting down and abandoning module OculusHMD (56)
[2018.03.18-03.20.16:369][816]LogModuleManager: Shutting down and abandoning module ExampleDeviceProfileSelector (54)
[2018.03.18-03.20.16:369][816]LogModuleManager: Shutting down and abandoning module AppleARKit (52)
[2018.03.18-03.20.16:369][816]LogModuleManager: Shutting down and abandoning module AugmentedReality (51)
[2018.03.18-03.20.16:369][816]LogModuleManager: Shutting down and abandoning module OnlineBlueprintSupport (48)
[2018.03.18-03.20.16:369][816]LogModuleManager: Shutting down and abandoning module OnlineSubsystem (44)
[2018.03.18-03.20.16:370][816]LogModuleManager: Shutting down and abandoning module XMPP (43)
[2018.03.18-03.20.16:370][816]LogModuleManager: Shutting down and abandoning module HTTP (41)
[2018.03.18-03.20.16:370][816]LogHttp: Display: Http module shutting down, but needs to wait on 1 outstanding Http requests:
[2018.03.18-03.20.16:370][816]LogHttp: Display: 	verb=[POST] url=[https://datarouter.ol.epicgames.com/datarouter/api/v1/public/data?SessionID=%7BBF9A6F22-4FD3-8BC7-81C0-AC87B4F4CCD4%7D&AppID=UEEditor.Rocket.Release&AppVersion=4.18.3-3832480%2B%2B%2BUE4%2BRelease-4.18&UserID=883838334487d0bd18224787d8437208%7Ca0896903123b474381968499ccac7e07%7C03baaca5-b596-4147-b286-fb4881750767&AppEnvironment=datacollector-binary&UploadType=eteventstream] status=Processing
[2018.03.18-03.20.16:395][816]LogModuleManager: Shutting down and abandoning module SSL (40)
[2018.03.18-03.20.16:397][816]LogModuleManager: Shutting down and abandoning module AnimationModifiers (36)
[2018.03.18-03.20.16:398][816]LogModuleManager: Shutting down and abandoning module PropertyEditor (35)
[2018.03.18-03.20.16:398][816]LogModuleManager: Shutting down and abandoning module AudioEditor (32)
[2018.03.18-03.20.16:398][816]LogModuleManager: Shutting down and abandoning module TextureCompressor (30)
[2018.03.18-03.20.16:398][816]LogModuleManager: Shutting down and abandoning module ShaderCore (28)
[2018.03.18-03.20.16:398][816]LogModuleManager: Shutting down and abandoning module Landscape (26)
[2018.03.18-03.20.16:398][816]LogModuleManager: Shutting down and abandoning module SlateRHIRenderer (24)
[2018.03.18-03.20.16:399][816]LogModuleManager: Shutting down and abandoning module OpenGLDrv (22)
[2018.03.18-03.20.16:400][816]LogModuleManager: Shutting down and abandoning module D3D11RHI (20)
[2018.03.18-03.20.16:400][816]LogModuleManager: Shutting down and abandoning module AnimGraphRuntime (18)
[2018.03.18-03.20.16:400][816]LogModuleManager: Shutting down and abandoning module Renderer (16)
[2018.03.18-03.20.16:400][816]LogModuleManager: Shutting down and abandoning module Engine (14)
[2018.03.18-03.20.16:400][816]LogModuleManager: Shutting down and abandoning module CoreUObject (12)
[2018.03.18-03.20.16:400][816]LogModuleManager: Shutting down and abandoning module NetworkFile (10)
[2018.03.18-03.20.16:400][816]LogModuleManager: Shutting down and abandoning module CookedIterativeFile (8)
[2018.03.18-03.20.16:400][816]LogModuleManager: Shutting down and abandoning module StreamingFile (6)
[2018.03.18-03.20.16:400][816]LogModuleManager: Shutting down and abandoning module SandboxFile (4)
[2018.03.18-03.20.16:400][816]LogModuleManager: Shutting down and abandoning module PakFile (2)
[2018.03.18-03.20.16:415][816]LogExit: Exiting.
[2018.03.18-03.20.16:458][816]Log file closed, 03/17/18 22:20:16
